running egg_info
writing ../../build/motordriver/motordriver.egg-info/PKG-INFO
writing dependency_links to ../../build/motordriver/motordriver.egg-info/dependency_links.txt
writing entry points to ../../build/motordriver/motordriver.egg-info/entry_points.txt
writing requirements to ../../build/motordriver/motordriver.egg-info/requires.txt
writing top-level names to ../../build/motordriver/motordriver.egg-info/top_level.txt
reading manifest file '../../build/motordriver/motordriver.egg-info/SOURCES.txt'
writing manifest file '../../build/motordriver/motordriver.egg-info/SOURCES.txt'
running build
running build_py
copying motordriver/motordriver_battery.py -> /home/turtle/sebot/code/ros2_ws/build/motordriver/build/lib/motordriver
running install
running install_lib
copying /home/turtle/sebot/code/ros2_ws/build/motordriver/build/lib/motordriver/motordriver_battery.py -> /home/turtle/sebot/code/ros2_ws/install/motordriver/lib/python3.10/site-packages/motordriver
byte-compiling /home/turtle/sebot/code/ros2_ws/install/motordriver/lib/python3.10/site-packages/motordriver/motordriver_battery.py to motordriver_battery.cpython-310.pyc
running install_data
running install_egg_info
removing '/home/turtle/sebot/code/ros2_ws/install/motordriver/lib/python3.10/site-packages/motordriver-0.0.0-py3.10.egg-info' (and everything under it)
Copying ../../build/motordriver/motordriver.egg-info to /home/turtle/sebot/code/ros2_ws/install/motordriver/lib/python3.10/site-packages/motordriver-0.0.0-py3.10.egg-info
running install_scripts
Installing motordriver script to /home/turtle/sebot/code/ros2_ws/install/motordriver/lib/motordriver
Installing motordriver_battery script to /home/turtle/sebot/code/ros2_ws/install/motordriver/lib/motordriver
writing list of installed files to '/home/turtle/sebot/code/ros2_ws/build/motordriver/install.log'
