[0.882s] Invoking command in '/home/turtle/sebot/code/ros2_ws/src/motordriver': PYTHONPATH=/home/turtle/sebot/code/ros2_ws/build/motordriver/prefix_override:/usr/lib/python3/dist-packages/colcon_core/task/python/colcon_distutils_commands:/home/turtle/sebot/code/ros2_ws/install/motordriver/lib/python3.10/site-packages:${PYTHONPATH} /usr/bin/python3 -W ignore:setup.py install is deprecated -W ignore:easy_install command is deprecated setup.py egg_info --egg-base ../../build/motordriver build --build-base /home/turtle/sebot/code/ros2_ws/build/motordriver/build install --record /home/turtle/sebot/code/ros2_ws/build/motordriver/install.log --single-version-externally-managed install_data
[1.223s] running egg_info
[1.223s] writing ../../build/motordriver/motordriver.egg-info/PKG-INFO
[1.224s] writing dependency_links to ../../build/motordriver/motordriver.egg-info/dependency_links.txt
[1.224s] writing entry points to ../../build/motordriver/motordriver.egg-info/entry_points.txt
[1.224s] writing requirements to ../../build/motordriver/motordriver.egg-info/requires.txt
[1.224s] writing top-level names to ../../build/motordriver/motordriver.egg-info/top_level.txt
[1.226s] reading manifest file '../../build/motordriver/motordriver.egg-info/SOURCES.txt'
[1.227s] writing manifest file '../../build/motordriver/motordriver.egg-info/SOURCES.txt'
[1.227s] running build
[1.227s] running build_py
[1.228s] copying motordriver/motordriver_battery.py -> /home/turtle/sebot/code/ros2_ws/build/motordriver/build/lib/motordriver
[1.228s] running install
[1.229s] running install_lib
[1.229s] copying /home/turtle/sebot/code/ros2_ws/build/motordriver/build/lib/motordriver/motordriver_battery.py -> /home/turtle/sebot/code/ros2_ws/install/motordriver/lib/python3.10/site-packages/motordriver
[1.230s] byte-compiling /home/turtle/sebot/code/ros2_ws/install/motordriver/lib/python3.10/site-packages/motordriver/motordriver_battery.py to motordriver_battery.cpython-310.pyc
[1.232s] running install_data
[1.232s] running install_egg_info
[1.234s] removing '/home/turtle/sebot/code/ros2_ws/install/motordriver/lib/python3.10/site-packages/motordriver-0.0.0-py3.10.egg-info' (and everything under it)
[1.234s] Copying ../../build/motordriver/motordriver.egg-info to /home/turtle/sebot/code/ros2_ws/install/motordriver/lib/python3.10/site-packages/motordriver-0.0.0-py3.10.egg-info
[1.236s] running install_scripts
[1.261s] Installing motordriver script to /home/turtle/sebot/code/ros2_ws/install/motordriver/lib/motordriver
[1.261s] Installing motordriver_battery script to /home/turtle/sebot/code/ros2_ws/install/motordriver/lib/motordriver
[1.261s] writing list of installed files to '/home/turtle/sebot/code/ros2_ws/build/motordriver/install.log'
[1.276s] Invoked command in '/home/turtle/sebot/code/ros2_ws/src/motordriver' returned '0': PYTHONPATH=/home/turtle/sebot/code/ros2_ws/build/motordriver/prefix_override:/usr/lib/python3/dist-packages/colcon_core/task/python/colcon_distutils_commands:/home/turtle/sebot/code/ros2_ws/install/motordriver/lib/python3.10/site-packages:${PYTHONPATH} /usr/bin/python3 -W ignore:setup.py install is deprecated -W ignore:easy_install command is deprecated setup.py egg_info --egg-base ../../build/motordriver build --build-base /home/turtle/sebot/code/ros2_ws/build/motordriver/build install --record /home/turtle/sebot/code/ros2_ws/build/motordriver/install.log --single-version-externally-managed install_data
