-- The C compiler identification is GNU 11.4.0
-- The CXX compiler identification is GNU 11.4.0
-- Detecting C compiler ABI info
-- Detecting C compiler ABI info - done
-- Check for working C compiler: /usr/bin/cc - skipped
-- Detecting C compile features
-- Detecting C compile features - done
-- Detecting CXX compiler ABI info
-- Detecting CXX compiler ABI info - done
-- Check for working CXX compiler: /usr/bin/c++ - skipped
-- Detecting CXX compile features
-- Detecting CXX compile features - done
-- Found ament_cmake: 1.3.11 (/opt/ros/humble/share/ament_cmake/cmake)
-- Found Python3: /usr/bin/python3 (found version "3.10.12") found components: Interpreter 
-- Found rclcpp: 16.0.11 (/opt/ros/humble/share/rclcpp/cmake)
-- Found rosidl_generator_c: 3.1.6 (/opt/ros/humble/share/rosidl_generator_c/cmake)
-- Found rosidl_adapter: 3.1.6 (/opt/ros/humble/share/rosidl_adapter/cmake)
-- Found rosidl_generator_cpp: 3.1.6 (/opt/ros/humble/share/rosidl_generator_cpp/cmake)
-- Using all available rosidl_typesupport_c: rosidl_typesupport_fastrtps_c;rosidl_typesupport_introspection_c
-- Using all available rosidl_typesupport_cpp: rosidl_typesupport_fastrtps_cpp;rosidl_typesupport_introspection_cpp
-- Found rmw_implementation_cmake: 6.1.2 (/opt/ros/humble/share/rmw_implementation_cmake/cmake)
-- Found rmw_cyclonedds_cpp: 1.3.4 (/opt/ros/humble/share/rmw_cyclonedds_cpp/cmake)
-- Using RMW implementation 'rmw_cyclonedds_cpp' as default
-- Looking for pthread.h
-- Looking for pthread.h - found
-- Performing Test CMAKE_HAVE_LIBC_PTHREAD
-- Performing Test CMAKE_HAVE_LIBC_PTHREAD - Success
-- Found Threads: TRUE  
-- Found geometry_msgs: 4.2.4 (/opt/ros/humble/share/geometry_msgs/cmake)
-- Found nav_msgs: 4.2.4 (/opt/ros/humble/share/nav_msgs/cmake)
-- Found tf2_ros: 0.25.11 (/opt/ros/humble/share/tf2_ros/cmake)
-- Found motordriver_msgs: 0.0.0 (/home/turtle/sebot/code/ros2_ws/install/motordriver_msgs/share/motordriver_msgs/cmake)
-- Found ament_lint_auto: 0.12.11 (/opt/ros/humble/share/ament_lint_auto/cmake)
-- Added test 'cppcheck' to perform static code analysis on C / C++ code
-- Configured cppcheck include dirs: /home/turtle/sebot/code/ros2_ws/src/diffdrivec/include
-- Configured cppcheck exclude dirs and/or files: 
-- Added test 'lint_cmake' to check CMake code style
-- Added test 'uncrustify' to check C / C++ code style
-- Configured uncrustify additional arguments: 
-- Added test 'xmllint' to check XML markup files
-- Configuring done
-- Generating done
-- Build files have been written to: /home/turtle/sebot/code/ros2_ws/build/diffdrivec
[ 16%] [32mBuilding CXX object CMakeFiles/encoder.dir/src/encoder.cpp.o[0m
[ 33%] [32mBuilding CXX object CMakeFiles/cmd_vel_node.dir/src/cmd_vel.cpp.o[0m
[ 50%] [32m[1mLinking CXX static library libencoder.a[0m
[ 50%] Built target encoder
[ 66%] [32mBuilding CXX object CMakeFiles/odom_node.dir/src/odom.cpp.o[0m
[ 83%] [32m[1mLinking CXX executable cmd_vel_node[0m
[ 83%] Built target cmd_vel_node
[100%] [32m[1mLinking CXX executable odom_node[0m
[100%] Built target odom_node
-- Install configuration: ""
-- Installing: /home/turtle/sebot/code/ros2_ws/install/diffdrivec/lib/diffdrivec/cmd_vel_node
-- Set runtime path of "/home/turtle/sebot/code/ros2_ws/install/diffdrivec/lib/diffdrivec/cmd_vel_node" to ""
-- Installing: /home/turtle/sebot/code/ros2_ws/install/diffdrivec/lib/diffdrivec/libencoder.a
-- Installing: /home/turtle/sebot/code/ros2_ws/install/diffdrivec/lib/diffdrivec/odom_node
-- Set runtime path of "/home/turtle/sebot/code/ros2_ws/install/diffdrivec/lib/diffdrivec/odom_node" to ""
-- Installing: /home/turtle/sebot/code/ros2_ws/install/diffdrivec/share/ament_index/resource_index/package_run_dependencies/diffdrivec
-- Installing: /home/turtle/sebot/code/ros2_ws/install/diffdrivec/share/ament_index/resource_index/parent_prefix_path/diffdrivec
-- Installing: /home/turtle/sebot/code/ros2_ws/install/diffdrivec/share/diffdrivec/environment/ament_prefix_path.sh
-- Installing: /home/turtle/sebot/code/ros2_ws/install/diffdrivec/share/diffdrivec/environment/ament_prefix_path.dsv
-- Installing: /home/turtle/sebot/code/ros2_ws/install/diffdrivec/share/diffdrivec/environment/path.sh
-- Installing: /home/turtle/sebot/code/ros2_ws/install/diffdrivec/share/diffdrivec/environment/path.dsv
-- Installing: /home/turtle/sebot/code/ros2_ws/install/diffdrivec/share/diffdrivec/local_setup.bash
-- Installing: /home/turtle/sebot/code/ros2_ws/install/diffdrivec/share/diffdrivec/local_setup.sh
-- Installing: /home/turtle/sebot/code/ros2_ws/install/diffdrivec/share/diffdrivec/local_setup.zsh
-- Installing: /home/turtle/sebot/code/ros2_ws/install/diffdrivec/share/diffdrivec/local_setup.dsv
-- Installing: /home/turtle/sebot/code/ros2_ws/install/diffdrivec/share/diffdrivec/package.dsv
-- Installing: /home/turtle/sebot/code/ros2_ws/install/diffdrivec/share/ament_index/resource_index/packages/diffdrivec
-- Installing: /home/turtle/sebot/code/ros2_ws/install/diffdrivec/share/diffdrivec/cmake/diffdrivecConfig.cmake
-- Installing: /home/turtle/sebot/code/ros2_ws/install/diffdrivec/share/diffdrivec/cmake/diffdrivecConfig-version.cmake
-- Installing: /home/turtle/sebot/code/ros2_ws/install/diffdrivec/share/diffdrivec/package.xml
