[0.027s] Invoking command in '/home/turtle/sebot/code/ros2_ws/build/diffdrivec': AMENT_PREFIX_PATH=/home/turtle/sebot/code/ros2_ws/install/motordriver_msgs:${AMENT_PREFIX_PATH} CMAKE_PREFIX_PATH=/home/turtle/sebot/code/ros2_ws/install/motordriver_msgs:/home/turtle/ros2_ws/install/my_cpp_pkg:/home/turtle/ros2_ws/install/my_robot_interfaces:/home/turtle/ros2_ws/install/motordriver_msgs:/home/turtle/ros2_ws/install/closed_controller_cpp:/home/turtle/ros2_ws/install/my_py_pkg:/home/turtle/ros2_ws/install/my2_py_pkg:/home/turtle/ros2_ws/install/motordriver:/home/turtle/ros2_ws/install/diffdrive:/home/turtle/ros2_ws/install/closed_controller_py:/home/turtle/install/diffdrive:/opt/ros/humble LD_LIBRARY_PATH=/home/turtle/sebot/code/ros2_ws/install/motordriver_msgs/lib:${LD_LIBRARY_PATH} PYTHONPATH=/home/turtle/sebot/code/ros2_ws/install/motordriver_msgs/local/lib/python3.10/dist-packages:${PYTHONPATH} /usr/bin/cmake /home/turtle/sebot/code/ros2_ws/src/diffdrivec -DCMAKE_INSTALL_PREFIX=/home/turtle/sebot/code/ros2_ws/install/diffdrivec
[0.143s] -- The C compiler identification is GNU 11.4.0
[0.255s] -- The CXX compiler identification is GNU 11.4.0
[0.268s] -- Detecting C compiler ABI info
[0.414s] -- Detecting C compiler ABI info - done
[0.420s] -- Check for working C compiler: /usr/bin/cc - skipped
[0.420s] -- Detecting C compile features
[0.420s] -- Detecting C compile features - done
[0.424s] -- Detecting CXX compiler ABI info
[0.593s] -- Detecting CXX compiler ABI info - done
[0.599s] -- Check for working CXX compiler: /usr/bin/c++ - skipped
[0.600s] -- Detecting CXX compile features
[0.600s] -- Detecting CXX compile features - done
[0.610s] -- Found ament_cmake: 1.3.11 (/opt/ros/humble/share/ament_cmake/cmake)
[0.862s] -- Found Python3: /usr/bin/python3 (found version "3.10.12") found components: Interpreter 
[1.079s] -- Found rclcpp: 16.0.11 (/opt/ros/humble/share/rclcpp/cmake)
[1.226s] -- Found rosidl_generator_c: 3.1.6 (/opt/ros/humble/share/rosidl_generator_c/cmake)
[1.249s] -- Found rosidl_adapter: 3.1.6 (/opt/ros/humble/share/rosidl_adapter/cmake)
[1.283s] -- Found rosidl_generator_cpp: 3.1.6 (/opt/ros/humble/share/rosidl_generator_cpp/cmake)
[1.326s] -- Using all available rosidl_typesupport_c: rosidl_typesupport_fastrtps_c;rosidl_typesupport_introspection_c
[1.372s] -- Using all available rosidl_typesupport_cpp: rosidl_typesupport_fastrtps_cpp;rosidl_typesupport_introspection_cpp
[1.523s] -- Found rmw_implementation_cmake: 6.1.2 (/opt/ros/humble/share/rmw_implementation_cmake/cmake)
[1.537s] -- Found rmw_cyclonedds_cpp: 1.3.4 (/opt/ros/humble/share/rmw_cyclonedds_cpp/cmake)
[1.627s] -- Using RMW implementation 'rmw_cyclonedds_cpp' as default
[1.665s] -- Looking for pthread.h
[1.814s] -- Looking for pthread.h - found
[1.815s] -- Performing Test CMAKE_HAVE_LIBC_PTHREAD
[1.964s] -- Performing Test CMAKE_HAVE_LIBC_PTHREAD - Success
[1.966s] -- Found Threads: TRUE  
[2.098s] -- Found geometry_msgs: 4.2.4 (/opt/ros/humble/share/geometry_msgs/cmake)
[2.133s] -- Found nav_msgs: 4.2.4 (/opt/ros/humble/share/nav_msgs/cmake)
[2.171s] -- Found tf2_ros: 0.25.11 (/opt/ros/humble/share/tf2_ros/cmake)
[2.453s] -- Found motordriver_msgs: 0.0.0 (/home/turtle/sebot/code/ros2_ws/install/motordriver_msgs/share/motordriver_msgs/cmake)
[2.469s] -- Found ament_lint_auto: 0.12.11 (/opt/ros/humble/share/ament_lint_auto/cmake)
[2.614s] -- Added test 'cppcheck' to perform static code analysis on C / C++ code
[2.614s] -- Configured cppcheck include dirs: /home/turtle/sebot/code/ros2_ws/src/diffdrivec/include
[2.614s] -- Configured cppcheck exclude dirs and/or files: 
[2.616s] -- Added test 'lint_cmake' to check CMake code style
[2.619s] -- Added test 'uncrustify' to check C / C++ code style
[2.619s] -- Configured uncrustify additional arguments: 
[2.620s] -- Added test 'xmllint' to check XML markup files
[2.623s] -- Configuring done
[2.662s] -- Generating done
[2.669s] -- Build files have been written to: /home/turtle/sebot/code/ros2_ws/build/diffdrivec
[2.684s] Invoked command in '/home/turtle/sebot/code/ros2_ws/build/diffdrivec' returned '0': AMENT_PREFIX_PATH=/home/turtle/sebot/code/ros2_ws/install/motordriver_msgs:${AMENT_PREFIX_PATH} CMAKE_PREFIX_PATH=/home/turtle/sebot/code/ros2_ws/install/motordriver_msgs:/home/turtle/ros2_ws/install/my_cpp_pkg:/home/turtle/ros2_ws/install/my_robot_interfaces:/home/turtle/ros2_ws/install/motordriver_msgs:/home/turtle/ros2_ws/install/closed_controller_cpp:/home/turtle/ros2_ws/install/my_py_pkg:/home/turtle/ros2_ws/install/my2_py_pkg:/home/turtle/ros2_ws/install/motordriver:/home/turtle/ros2_ws/install/diffdrive:/home/turtle/ros2_ws/install/closed_controller_py:/home/turtle/install/diffdrive:/opt/ros/humble LD_LIBRARY_PATH=/home/turtle/sebot/code/ros2_ws/install/motordriver_msgs/lib:${LD_LIBRARY_PATH} PYTHONPATH=/home/turtle/sebot/code/ros2_ws/install/motordriver_msgs/local/lib/python3.10/dist-packages:${PYTHONPATH} /usr/bin/cmake /home/turtle/sebot/code/ros2_ws/src/diffdrivec -DCMAKE_INSTALL_PREFIX=/home/turtle/sebot/code/ros2_ws/install/diffdrivec
[2.687s] Invoking command in '/home/turtle/sebot/code/ros2_ws/build/diffdrivec': AMENT_PREFIX_PATH=/home/turtle/sebot/code/ros2_ws/install/motordriver_msgs:${AMENT_PREFIX_PATH} CMAKE_PREFIX_PATH=/home/turtle/sebot/code/ros2_ws/install/motordriver_msgs:/home/turtle/ros2_ws/install/my_cpp_pkg:/home/turtle/ros2_ws/install/my_robot_interfaces:/home/turtle/ros2_ws/install/motordriver_msgs:/home/turtle/ros2_ws/install/closed_controller_cpp:/home/turtle/ros2_ws/install/my_py_pkg:/home/turtle/ros2_ws/install/my2_py_pkg:/home/turtle/ros2_ws/install/motordriver:/home/turtle/ros2_ws/install/diffdrive:/home/turtle/ros2_ws/install/closed_controller_py:/home/turtle/install/diffdrive:/opt/ros/humble LD_LIBRARY_PATH=/home/turtle/sebot/code/ros2_ws/install/motordriver_msgs/lib:${LD_LIBRARY_PATH} PYTHONPATH=/home/turtle/sebot/code/ros2_ws/install/motordriver_msgs/local/lib/python3.10/dist-packages:${PYTHONPATH} /usr/bin/cmake --build /home/turtle/sebot/code/ros2_ws/build/diffdrivec -- -j16 -l16
[2.799s] [ 16%] [32mBuilding CXX object CMakeFiles/encoder.dir/src/encoder.cpp.o[0m
[2.799s] [ 33%] [32mBuilding CXX object CMakeFiles/cmd_vel_node.dir/src/cmd_vel.cpp.o[0m
[3.101s] [ 50%] [32m[1mLinking CXX static library libencoder.a[0m
[3.174s] [ 50%] Built target encoder
[3.224s] [ 66%] [32mBuilding CXX object CMakeFiles/odom_node.dir/src/odom.cpp.o[0m
[21.858s] [ 83%] [32m[1mLinking CXX executable cmd_vel_node[0m
[22.637s] [ 83%] Built target cmd_vel_node
[24.060s] [100%] [32m[1mLinking CXX executable odom_node[0m
[24.856s] [100%] Built target odom_node
[24.877s] Invoked command in '/home/turtle/sebot/code/ros2_ws/build/diffdrivec' returned '0': AMENT_PREFIX_PATH=/home/turtle/sebot/code/ros2_ws/install/motordriver_msgs:${AMENT_PREFIX_PATH} CMAKE_PREFIX_PATH=/home/turtle/sebot/code/ros2_ws/install/motordriver_msgs:/home/turtle/ros2_ws/install/my_cpp_pkg:/home/turtle/ros2_ws/install/my_robot_interfaces:/home/turtle/ros2_ws/install/motordriver_msgs:/home/turtle/ros2_ws/install/closed_controller_cpp:/home/turtle/ros2_ws/install/my_py_pkg:/home/turtle/ros2_ws/install/my2_py_pkg:/home/turtle/ros2_ws/install/motordriver:/home/turtle/ros2_ws/install/diffdrive:/home/turtle/ros2_ws/install/closed_controller_py:/home/turtle/install/diffdrive:/opt/ros/humble LD_LIBRARY_PATH=/home/turtle/sebot/code/ros2_ws/install/motordriver_msgs/lib:${LD_LIBRARY_PATH} PYTHONPATH=/home/turtle/sebot/code/ros2_ws/install/motordriver_msgs/local/lib/python3.10/dist-packages:${PYTHONPATH} /usr/bin/cmake --build /home/turtle/sebot/code/ros2_ws/build/diffdrivec -- -j16 -l16
[24.880s] Invoking command in '/home/turtle/sebot/code/ros2_ws/build/diffdrivec': AMENT_PREFIX_PATH=/home/turtle/sebot/code/ros2_ws/install/motordriver_msgs:${AMENT_PREFIX_PATH} CMAKE_PREFIX_PATH=/home/turtle/sebot/code/ros2_ws/install/motordriver_msgs:/home/turtle/ros2_ws/install/my_cpp_pkg:/home/turtle/ros2_ws/install/my_robot_interfaces:/home/turtle/ros2_ws/install/motordriver_msgs:/home/turtle/ros2_ws/install/closed_controller_cpp:/home/turtle/ros2_ws/install/my_py_pkg:/home/turtle/ros2_ws/install/my2_py_pkg:/home/turtle/ros2_ws/install/motordriver:/home/turtle/ros2_ws/install/diffdrive:/home/turtle/ros2_ws/install/closed_controller_py:/home/turtle/install/diffdrive:/opt/ros/humble LD_LIBRARY_PATH=/home/turtle/sebot/code/ros2_ws/install/motordriver_msgs/lib:${LD_LIBRARY_PATH} PYTHONPATH=/home/turtle/sebot/code/ros2_ws/install/motordriver_msgs/local/lib/python3.10/dist-packages:${PYTHONPATH} /usr/bin/cmake --install /home/turtle/sebot/code/ros2_ws/build/diffdrivec
[24.894s] -- Install configuration: ""
[24.894s] -- Installing: /home/turtle/sebot/code/ros2_ws/install/diffdrivec/lib/diffdrivec/cmd_vel_node
[24.905s] -- Set runtime path of "/home/turtle/sebot/code/ros2_ws/install/diffdrivec/lib/diffdrivec/cmd_vel_node" to ""
[24.905s] -- Installing: /home/turtle/sebot/code/ros2_ws/install/diffdrivec/lib/diffdrivec/libencoder.a
[24.906s] -- Installing: /home/turtle/sebot/code/ros2_ws/install/diffdrivec/lib/diffdrivec/odom_node
[24.928s] -- Set runtime path of "/home/turtle/sebot/code/ros2_ws/install/diffdrivec/lib/diffdrivec/odom_node" to ""
[24.928s] -- Installing: /home/turtle/sebot/code/ros2_ws/install/diffdrivec/share/ament_index/resource_index/package_run_dependencies/diffdrivec
[24.929s] -- Installing: /home/turtle/sebot/code/ros2_ws/install/diffdrivec/share/ament_index/resource_index/parent_prefix_path/diffdrivec
[24.929s] -- Installing: /home/turtle/sebot/code/ros2_ws/install/diffdrivec/share/diffdrivec/environment/ament_prefix_path.sh
[24.930s] -- Installing: /home/turtle/sebot/code/ros2_ws/install/diffdrivec/share/diffdrivec/environment/ament_prefix_path.dsv
[24.930s] -- Installing: /home/turtle/sebot/code/ros2_ws/install/diffdrivec/share/diffdrivec/environment/path.sh
[24.930s] -- Installing: /home/turtle/sebot/code/ros2_ws/install/diffdrivec/share/diffdrivec/environment/path.dsv
[24.930s] -- Installing: /home/turtle/sebot/code/ros2_ws/install/diffdrivec/share/diffdrivec/local_setup.bash
[24.931s] -- Installing: /home/turtle/sebot/code/ros2_ws/install/diffdrivec/share/diffdrivec/local_setup.sh
[24.931s] -- Installing: /home/turtle/sebot/code/ros2_ws/install/diffdrivec/share/diffdrivec/local_setup.zsh
[24.931s] -- Installing: /home/turtle/sebot/code/ros2_ws/install/diffdrivec/share/diffdrivec/local_setup.dsv
[24.932s] -- Installing: /home/turtle/sebot/code/ros2_ws/install/diffdrivec/share/diffdrivec/package.dsv
[24.932s] -- Installing: /home/turtle/sebot/code/ros2_ws/install/diffdrivec/share/ament_index/resource_index/packages/diffdrivec
[24.932s] -- Installing: /home/turtle/sebot/code/ros2_ws/install/diffdrivec/share/diffdrivec/cmake/diffdrivecConfig.cmake
[24.933s] -- Installing: /home/turtle/sebot/code/ros2_ws/install/diffdrivec/share/diffdrivec/cmake/diffdrivecConfig-version.cmake
[24.933s] -- Installing: /home/turtle/sebot/code/ros2_ws/install/diffdrivec/share/diffdrivec/package.xml
[24.937s] Invoked command in '/home/turtle/sebot/code/ros2_ws/build/diffdrivec' returned '0': AMENT_PREFIX_PATH=/home/turtle/sebot/code/ros2_ws/install/motordriver_msgs:${AMENT_PREFIX_PATH} CMAKE_PREFIX_PATH=/home/turtle/sebot/code/ros2_ws/install/motordriver_msgs:/home/turtle/ros2_ws/install/my_cpp_pkg:/home/turtle/ros2_ws/install/my_robot_interfaces:/home/turtle/ros2_ws/install/motordriver_msgs:/home/turtle/ros2_ws/install/closed_controller_cpp:/home/turtle/ros2_ws/install/my_py_pkg:/home/turtle/ros2_ws/install/my2_py_pkg:/home/turtle/ros2_ws/install/motordriver:/home/turtle/ros2_ws/install/diffdrive:/home/turtle/ros2_ws/install/closed_controller_py:/home/turtle/install/diffdrive:/opt/ros/humble LD_LIBRARY_PATH=/home/turtle/sebot/code/ros2_ws/install/motordriver_msgs/lib:${LD_LIBRARY_PATH} PYTHONPATH=/home/turtle/sebot/code/ros2_ws/install/motordriver_msgs/local/lib/python3.10/dist-packages:${PYTHONPATH} /usr/bin/cmake --install /home/turtle/sebot/code/ros2_ws/build/diffdrivec
