[0.902s] Invoking command in '/home/turtle/sebot/code/ros2_ws/build/motordriver': PYTHONPATH=/home/turtle/sebot/code/ros2_ws/build/motordriver/prefix_override:/usr/lib/python3/dist-packages/colcon_core/task/python/colcon_distutils_commands:/home/turtle/sebot/code/ros2_ws/install/motordriver/lib/python3.10/site-packages:${PYTHONPATH} /usr/bin/python3 -W ignore:setup.py install is deprecated -W ignore:easy_install command is deprecated setup.py develop --editable --build-directory /home/turtle/sebot/code/ros2_ws/build/motordriver/build --no-deps symlink_data --force
[1.296s] running develop
[1.532s] running egg_info
[1.534s] writing motordriver.egg-info/PKG-INFO
[1.534s] writing dependency_links to motordriver.egg-info/dependency_links.txt
[1.534s] writing entry points to motordriver.egg-info/entry_points.txt
[1.534s] writing requirements to motordriver.egg-info/requires.txt
[1.535s] writing top-level names to motordriver.egg-info/top_level.txt
[1.536s] reading manifest file 'motordriver.egg-info/SOURCES.txt'
[1.537s] writing manifest file 'motordriver.egg-info/SOURCES.txt'
[1.539s] running build_ext
[1.539s] Creating /home/turtle/sebot/code/ros2_ws/install/motordriver/lib/python3.10/site-packages/motordriver.egg-link (link to .)
[1.540s] Installing motordriver script to /home/turtle/sebot/code/ros2_ws/install/motordriver/lib/motordriver
[1.541s] Installing motordriver_battery script to /home/turtle/sebot/code/ros2_ws/install/motordriver/lib/motordriver
[1.541s] 
[1.541s] Installed /home/turtle/sebot/code/ros2_ws/build/motordriver
[1.541s] running symlink_data
[1.541s] symbolically linking /home/turtle/sebot/code/ros2_ws/build/motordriver/resource/motordriver -> /home/turtle/sebot/code/ros2_ws/install/motordriver/share/ament_index/resource_index/packages
[1.541s] symbolically linking /home/turtle/sebot/code/ros2_ws/build/motordriver/package.xml -> /home/turtle/sebot/code/ros2_ws/install/motordriver/share/motordriver
[1.561s] Invoked command in '/home/turtle/sebot/code/ros2_ws/build/motordriver' returned '0': PYTHONPATH=/home/turtle/sebot/code/ros2_ws/build/motordriver/prefix_override:/usr/lib/python3/dist-packages/colcon_core/task/python/colcon_distutils_commands:/home/turtle/sebot/code/ros2_ws/install/motordriver/lib/python3.10/site-packages:${PYTHONPATH} /usr/bin/python3 -W ignore:setup.py install is deprecated -W ignore:easy_install command is deprecated setup.py develop --editable --build-directory /home/turtle/sebot/code/ros2_ws/build/motordriver/build --no-deps symlink_data --force
