[0.030s] Invoking command in '/home/turtle/sebot/code/ros2_ws/build/diffdrivec': CMAKE_PREFIX_PATH=/home/turtle/sebot/code/ros2_ws/install/motordriver_msgs:/home/turtle/sebot/code/ros2_ws/install/diffdrivec:/home/turtle/ros2_ws/install/my_cpp_pkg:/home/turtle/ros2_ws/install/my_robot_interfaces:/home/turtle/ros2_ws/install/motordriver_msgs:/home/turtle/ros2_ws/install/closed_controller_cpp:/home/turtle/sebot/code/ros2_ws/install/motordriver:/home/turtle/sebot/code/ros2_ws/install/diffdrive:/home/turtle/sebot/code/ros2_ws/install/battery:/home/turtle/ros2_ws/install/my_py_pkg:/home/turtle/ros2_ws/install/my2_py_pkg:/home/turtle/ros2_ws/install/motordriver:/home/turtle/ros2_ws/install/diffdrive:/home/turtle/ros2_ws/install/closed_controller_py:/home/turtle/install/diffdrive:/opt/ros/humble /usr/bin/cmake --build /home/turtle/sebot/code/ros2_ws/build/diffdrivec -- -j16 -l16
[0.160s] [ 33%] Built target encoder
[0.171s] [ 66%] Built target cmd_vel_node
[0.222s] [100%] Built target odom_node
[0.244s] Invoked command in '/home/turtle/sebot/code/ros2_ws/build/diffdrivec' returned '0': CMAKE_PREFIX_PATH=/home/turtle/sebot/code/ros2_ws/install/motordriver_msgs:/home/turtle/sebot/code/ros2_ws/install/diffdrivec:/home/turtle/ros2_ws/install/my_cpp_pkg:/home/turtle/ros2_ws/install/my_robot_interfaces:/home/turtle/ros2_ws/install/motordriver_msgs:/home/turtle/ros2_ws/install/closed_controller_cpp:/home/turtle/sebot/code/ros2_ws/install/motordriver:/home/turtle/sebot/code/ros2_ws/install/diffdrive:/home/turtle/sebot/code/ros2_ws/install/battery:/home/turtle/ros2_ws/install/my_py_pkg:/home/turtle/ros2_ws/install/my2_py_pkg:/home/turtle/ros2_ws/install/motordriver:/home/turtle/ros2_ws/install/diffdrive:/home/turtle/ros2_ws/install/closed_controller_py:/home/turtle/install/diffdrive:/opt/ros/humble /usr/bin/cmake --build /home/turtle/sebot/code/ros2_ws/build/diffdrivec -- -j16 -l16
[0.247s] Invoking command in '/home/turtle/sebot/code/ros2_ws/build/diffdrivec': CMAKE_PREFIX_PATH=/home/turtle/sebot/code/ros2_ws/install/motordriver_msgs:/home/turtle/sebot/code/ros2_ws/install/diffdrivec:/home/turtle/ros2_ws/install/my_cpp_pkg:/home/turtle/ros2_ws/install/my_robot_interfaces:/home/turtle/ros2_ws/install/motordriver_msgs:/home/turtle/ros2_ws/install/closed_controller_cpp:/home/turtle/sebot/code/ros2_ws/install/motordriver:/home/turtle/sebot/code/ros2_ws/install/diffdrive:/home/turtle/sebot/code/ros2_ws/install/battery:/home/turtle/ros2_ws/install/my_py_pkg:/home/turtle/ros2_ws/install/my2_py_pkg:/home/turtle/ros2_ws/install/motordriver:/home/turtle/ros2_ws/install/diffdrive:/home/turtle/ros2_ws/install/closed_controller_py:/home/turtle/install/diffdrive:/opt/ros/humble /usr/bin/cmake --install /home/turtle/sebot/code/ros2_ws/build/diffdrivec
[0.263s] -- Install configuration: ""
[0.265s] -- Up-to-date: /home/turtle/sebot/code/ros2_ws/install/diffdrivec/lib/diffdrivec/cmd_vel_node
[0.266s] -- Up-to-date: /home/turtle/sebot/code/ros2_ws/install/diffdrivec/lib/diffdrivec/libencoder.a
[0.267s] -- Up-to-date: /home/turtle/sebot/code/ros2_ws/install/diffdrivec/lib/diffdrivec/odom_node
[0.269s] -- Up-to-date: /home/turtle/sebot/code/ros2_ws/install/diffdrivec/share/ament_index/resource_index/package_run_dependencies/diffdrivec
[0.269s] -- Up-to-date: /home/turtle/sebot/code/ros2_ws/install/diffdrivec/share/ament_index/resource_index/parent_prefix_path/diffdrivec
[0.270s] -- Up-to-date: /home/turtle/sebot/code/ros2_ws/install/diffdrivec/share/diffdrivec/environment/ament_prefix_path.sh
[0.270s] -- Up-to-date: /home/turtle/sebot/code/ros2_ws/install/diffdrivec/share/diffdrivec/environment/ament_prefix_path.dsv
[0.270s] -- Up-to-date: /home/turtle/sebot/code/ros2_ws/install/diffdrivec/share/diffdrivec/environment/path.sh
[0.270s] -- Up-to-date: /home/turtle/sebot/code/ros2_ws/install/diffdrivec/share/diffdrivec/environment/path.dsv
[0.270s] -- Up-to-date: /home/turtle/sebot/code/ros2_ws/install/diffdrivec/share/diffdrivec/local_setup.bash
[0.271s] -- Up-to-date: /home/turtle/sebot/code/ros2_ws/install/diffdrivec/share/diffdrivec/local_setup.sh
[0.271s] -- Up-to-date: /home/turtle/sebot/code/ros2_ws/install/diffdrivec/share/diffdrivec/local_setup.zsh
[0.271s] -- Up-to-date: /home/turtle/sebot/code/ros2_ws/install/diffdrivec/share/diffdrivec/local_setup.dsv
[0.271s] -- Installing: /home/turtle/sebot/code/ros2_ws/install/diffdrivec/share/diffdrivec/package.dsv
[0.271s] -- Up-to-date: /home/turtle/sebot/code/ros2_ws/install/diffdrivec/share/ament_index/resource_index/packages/diffdrivec
[0.271s] -- Up-to-date: /home/turtle/sebot/code/ros2_ws/install/diffdrivec/share/diffdrivec/cmake/diffdrivecConfig.cmake
[0.272s] -- Up-to-date: /home/turtle/sebot/code/ros2_ws/install/diffdrivec/share/diffdrivec/cmake/diffdrivecConfig-version.cmake
[0.272s] -- Up-to-date: /home/turtle/sebot/code/ros2_ws/install/diffdrivec/share/diffdrivec/package.xml
[0.274s] Invoked command in '/home/turtle/sebot/code/ros2_ws/build/diffdrivec' returned '0': CMAKE_PREFIX_PATH=/home/turtle/sebot/code/ros2_ws/install/motordriver_msgs:/home/turtle/sebot/code/ros2_ws/install/diffdrivec:/home/turtle/ros2_ws/install/my_cpp_pkg:/home/turtle/ros2_ws/install/my_robot_interfaces:/home/turtle/ros2_ws/install/motordriver_msgs:/home/turtle/ros2_ws/install/closed_controller_cpp:/home/turtle/sebot/code/ros2_ws/install/motordriver:/home/turtle/sebot/code/ros2_ws/install/diffdrive:/home/turtle/sebot/code/ros2_ws/install/battery:/home/turtle/ros2_ws/install/my_py_pkg:/home/turtle/ros2_ws/install/my2_py_pkg:/home/turtle/ros2_ws/install/motordriver:/home/turtle/ros2_ws/install/diffdrive:/home/turtle/ros2_ws/install/closed_controller_py:/home/turtle/install/diffdrive:/opt/ros/humble /usr/bin/cmake --install /home/turtle/sebot/code/ros2_ws/build/diffdrivec
