[1.713s] Invoking command in '/home/turtle/sebot/code/ros2_ws/src/motordriver': PYTHONPATH=/home/turtle/sebot/code/ros2_ws/build/motordriver/prefix_override:/usr/lib/python3/dist-packages/colcon_core/task/python/colcon_distutils_commands:/home/turtle/sebot/code/ros2_ws/install/motordriver/lib/python3.10/site-packages:${PYTHONPATH} /usr/bin/python3 -W ignore:setup.py install is deprecated -W ignore:easy_install command is deprecated setup.py egg_info --egg-base ../../build/motordriver build --build-base /home/turtle/sebot/code/ros2_ws/build/motordriver/build install --record /home/turtle/sebot/code/ros2_ws/build/motordriver/install.log --single-version-externally-managed install_data
[2.108s] running egg_info
[2.108s] writing ../../build/motordriver/motordriver.egg-info/PKG-INFO
[2.108s] writing dependency_links to ../../build/motordriver/motordriver.egg-info/dependency_links.txt
[2.108s] writing entry points to ../../build/motordriver/motordriver.egg-info/entry_points.txt
[2.109s] writing requirements to ../../build/motordriver/motordriver.egg-info/requires.txt
[2.109s] writing top-level names to ../../build/motordriver/motordriver.egg-info/top_level.txt
[2.109s] reading manifest file '../../build/motordriver/motordriver.egg-info/SOURCES.txt'
[2.112s] writing manifest file '../../build/motordriver/motordriver.egg-info/SOURCES.txt'
[2.112s] running build
[2.112s] running build_py
[2.112s] running install
[2.112s] running install_lib
[2.114s] running install_data
[2.114s] running install_egg_info
[2.116s] removing '/home/turtle/sebot/code/ros2_ws/install/motordriver/lib/python3.10/site-packages/motordriver-0.0.0-py3.10.egg-info' (and everything under it)
[2.117s] Copying ../../build/motordriver/motordriver.egg-info to /home/turtle/sebot/code/ros2_ws/install/motordriver/lib/python3.10/site-packages/motordriver-0.0.0-py3.10.egg-info
[2.119s] running install_scripts
[2.145s] Installing motordriver script to /home/turtle/sebot/code/ros2_ws/install/motordriver/lib/motordriver
[2.146s] Installing motordriver_battery script to /home/turtle/sebot/code/ros2_ws/install/motordriver/lib/motordriver
[2.147s] writing list of installed files to '/home/turtle/sebot/code/ros2_ws/build/motordriver/install.log'
[2.204s] Invoked command in '/home/turtle/sebot/code/ros2_ws/src/motordriver' returned '0': PYTHONPATH=/home/turtle/sebot/code/ros2_ws/build/motordriver/prefix_override:/usr/lib/python3/dist-packages/colcon_core/task/python/colcon_distutils_commands:/home/turtle/sebot/code/ros2_ws/install/motordriver/lib/python3.10/site-packages:${PYTHONPATH} /usr/bin/python3 -W ignore:setup.py install is deprecated -W ignore:easy_install command is deprecated setup.py egg_info --egg-base ../../build/motordriver build --build-base /home/turtle/sebot/code/ros2_ws/build/motordriver/build install --record /home/turtle/sebot/code/ros2_ws/build/motordriver/install.log --single-version-externally-managed install_data
