[1.770s] Invoking command in '/home/turtle/sebot/code/ros2_ws/src/motordriver': PYTHONPATH=/home/turtle/sebot/code/ros2_ws/build/motordriver/prefix_override:/usr/lib/python3/dist-packages/colcon_core/task/python/colcon_distutils_commands:/home/turtle/sebot/code/ros2_ws/install/motordriver/lib/python3.10/site-packages:${PYTHONPATH} /usr/bin/python3 -W ignore:setup.py install is deprecated -W ignore:easy_install command is deprecated setup.py egg_info --egg-base ../../build/motordriver build --build-base /home/turtle/sebot/code/ros2_ws/build/motordriver/build install --record /home/turtle/sebot/code/ros2_ws/build/motordriver/install.log --single-version-externally-managed install_data
[2.166s] running egg_info
[2.166s] writing ../../build/motordriver/motordriver.egg-info/PKG-INFO
[2.166s] writing dependency_links to ../../build/motordriver/motordriver.egg-info/dependency_links.txt
[2.167s] writing entry points to ../../build/motordriver/motordriver.egg-info/entry_points.txt
[2.167s] writing requirements to ../../build/motordriver/motordriver.egg-info/requires.txt
[2.167s] writing top-level names to ../../build/motordriver/motordriver.egg-info/top_level.txt
[2.169s] reading manifest file '../../build/motordriver/motordriver.egg-info/SOURCES.txt'
[2.171s] writing manifest file '../../build/motordriver/motordriver.egg-info/SOURCES.txt'
[2.171s] running build
[2.172s] running build_py
[2.172s] running install
[2.173s] running install_lib
[2.174s] running install_data
[2.175s] running install_egg_info
[2.179s] removing '/home/turtle/sebot/code/ros2_ws/install/motordriver/lib/python3.10/site-packages/motordriver-0.0.0-py3.10.egg-info' (and everything under it)
[2.180s] Copying ../../build/motordriver/motordriver.egg-info to /home/turtle/sebot/code/ros2_ws/install/motordriver/lib/python3.10/site-packages/motordriver-0.0.0-py3.10.egg-info
[2.181s] running install_scripts
[2.225s] Installing motordriver script to /home/turtle/sebot/code/ros2_ws/install/motordriver/lib/motordriver
[2.225s] Installing motordriver_battery script to /home/turtle/sebot/code/ros2_ws/install/motordriver/lib/motordriver
[2.226s] writing list of installed files to '/home/turtle/sebot/code/ros2_ws/build/motordriver/install.log'
[2.251s] Invoked command in '/home/turtle/sebot/code/ros2_ws/src/motordriver' returned '0': PYTHONPATH=/home/turtle/sebot/code/ros2_ws/build/motordriver/prefix_override:/usr/lib/python3/dist-packages/colcon_core/task/python/colcon_distutils_commands:/home/turtle/sebot/code/ros2_ws/install/motordriver/lib/python3.10/site-packages:${PYTHONPATH} /usr/bin/python3 -W ignore:setup.py install is deprecated -W ignore:easy_install command is deprecated setup.py egg_info --egg-base ../../build/motordriver build --build-base /home/turtle/sebot/code/ros2_ws/build/motordriver/build install --record /home/turtle/sebot/code/ros2_ws/build/motordriver/install.log --single-version-externally-managed install_data
