[1.629s] Invoking command in '/home/turtle/sebot/code/ros2_ws/src/diffdrive': PYTHONPATH=/home/turtle/sebot/code/ros2_ws/build/diffdrive/prefix_override:/usr/lib/python3/dist-packages/colcon_core/task/python/colcon_distutils_commands:/home/turtle/sebot/code/ros2_ws/install/diffdrive/lib/python3.10/site-packages:${PYTHONPATH} /usr/bin/python3 -W ignore:setup.py install is deprecated -W ignore:easy_install command is deprecated setup.py egg_info --egg-base ../../build/diffdrive build --build-base /home/turtle/sebot/code/ros2_ws/build/diffdrive/build install --record /home/turtle/sebot/code/ros2_ws/build/diffdrive/install.log --single-version-externally-managed install_data
[2.087s] running egg_info
[2.088s] creating ../../build/diffdrive/diffdrive.egg-info
[2.088s] writing ../../build/diffdrive/diffdrive.egg-info/PKG-INFO
[2.088s] writing dependency_links to ../../build/diffdrive/diffdrive.egg-info/dependency_links.txt
[2.089s] writing entry points to ../../build/diffdrive/diffdrive.egg-info/entry_points.txt
[2.089s] writing requirements to ../../build/diffdrive/diffdrive.egg-info/requires.txt
[2.089s] writing top-level names to ../../build/diffdrive/diffdrive.egg-info/top_level.txt
[2.089s] writing manifest file '../../build/diffdrive/diffdrive.egg-info/SOURCES.txt'
[2.091s] reading manifest file '../../build/diffdrive/diffdrive.egg-info/SOURCES.txt'
[2.094s] writing manifest file '../../build/diffdrive/diffdrive.egg-info/SOURCES.txt'
[2.094s] running build
[2.095s] running build_py
[2.097s] creating /home/turtle/sebot/code/ros2_ws/build/diffdrive/build
[2.097s] creating /home/turtle/sebot/code/ros2_ws/build/diffdrive/build/lib
[2.097s] creating /home/turtle/sebot/code/ros2_ws/build/diffdrive/build/lib/diffdrive
[2.097s] copying diffdrive/odom.py -> /home/turtle/sebot/code/ros2_ws/build/diffdrive/build/lib/diffdrive
[2.098s] copying diffdrive/cmd_vel.py -> /home/turtle/sebot/code/ros2_ws/build/diffdrive/build/lib/diffdrive
[2.098s] copying diffdrive/encoder.py -> /home/turtle/sebot/code/ros2_ws/build/diffdrive/build/lib/diffdrive
[2.098s] copying diffdrive/__init__.py -> /home/turtle/sebot/code/ros2_ws/build/diffdrive/build/lib/diffdrive
[2.099s] copying diffdrive/testi.py -> /home/turtle/sebot/code/ros2_ws/build/diffdrive/build/lib/diffdrive
[2.099s] copying diffdrive/pi_led.py -> /home/turtle/sebot/code/ros2_ws/build/diffdrive/build/lib/diffdrive
[2.099s] running install
[2.099s] running install_lib
[2.100s] creating /home/turtle/sebot/code/ros2_ws/install/diffdrive/lib/python3.10/site-packages/diffdrive
[2.100s] copying /home/turtle/sebot/code/ros2_ws/build/diffdrive/build/lib/diffdrive/odom.py -> /home/turtle/sebot/code/ros2_ws/install/diffdrive/lib/python3.10/site-packages/diffdrive
[2.100s] copying /home/turtle/sebot/code/ros2_ws/build/diffdrive/build/lib/diffdrive/cmd_vel.py -> /home/turtle/sebot/code/ros2_ws/install/diffdrive/lib/python3.10/site-packages/diffdrive
[2.101s] copying /home/turtle/sebot/code/ros2_ws/build/diffdrive/build/lib/diffdrive/encoder.py -> /home/turtle/sebot/code/ros2_ws/install/diffdrive/lib/python3.10/site-packages/diffdrive
[2.101s] copying /home/turtle/sebot/code/ros2_ws/build/diffdrive/build/lib/diffdrive/__init__.py -> /home/turtle/sebot/code/ros2_ws/install/diffdrive/lib/python3.10/site-packages/diffdrive
[2.101s] copying /home/turtle/sebot/code/ros2_ws/build/diffdrive/build/lib/diffdrive/testi.py -> /home/turtle/sebot/code/ros2_ws/install/diffdrive/lib/python3.10/site-packages/diffdrive
[2.102s] copying /home/turtle/sebot/code/ros2_ws/build/diffdrive/build/lib/diffdrive/pi_led.py -> /home/turtle/sebot/code/ros2_ws/install/diffdrive/lib/python3.10/site-packages/diffdrive
[2.102s] byte-compiling /home/turtle/sebot/code/ros2_ws/install/diffdrive/lib/python3.10/site-packages/diffdrive/odom.py to odom.cpython-310.pyc
[2.102s] byte-compiling /home/turtle/sebot/code/ros2_ws/install/diffdrive/lib/python3.10/site-packages/diffdrive/cmd_vel.py to cmd_vel.cpython-310.pyc
[2.103s] byte-compiling /home/turtle/sebot/code/ros2_ws/install/diffdrive/lib/python3.10/site-packages/diffdrive/encoder.py to encoder.cpython-310.pyc
[2.103s] byte-compiling /home/turtle/sebot/code/ros2_ws/install/diffdrive/lib/python3.10/site-packages/diffdrive/__init__.py to __init__.cpython-310.pyc
[2.104s] byte-compiling /home/turtle/sebot/code/ros2_ws/install/diffdrive/lib/python3.10/site-packages/diffdrive/testi.py to testi.cpython-310.pyc
[2.104s] byte-compiling /home/turtle/sebot/code/ros2_ws/install/diffdrive/lib/python3.10/site-packages/diffdrive/pi_led.py to pi_led.cpython-310.pyc
[2.104s] running install_data
[2.104s] creating /home/turtle/sebot/code/ros2_ws/install/diffdrive/share/ament_index
[2.105s] creating /home/turtle/sebot/code/ros2_ws/install/diffdrive/share/ament_index/resource_index
[2.105s] creating /home/turtle/sebot/code/ros2_ws/install/diffdrive/share/ament_index/resource_index/packages
[2.105s] copying resource/diffdrive -> /home/turtle/sebot/code/ros2_ws/install/diffdrive/share/ament_index/resource_index/packages
[2.105s] copying package.xml -> /home/turtle/sebot/code/ros2_ws/install/diffdrive/share/diffdrive
[2.105s] creating /home/turtle/sebot/code/ros2_ws/install/diffdrive/share/diffdrive/launch
[2.105s] copying launch/diffdrive_battery.launch.py -> /home/turtle/sebot/code/ros2_ws/install/diffdrive/share/diffdrive/launch
[2.106s] copying launch/diffdrive.launch.py -> /home/turtle/sebot/code/ros2_ws/install/diffdrive/share/diffdrive/launch
[2.106s] running install_egg_info
[2.106s] Copying ../../build/diffdrive/diffdrive.egg-info to /home/turtle/sebot/code/ros2_ws/install/diffdrive/lib/python3.10/site-packages/diffdrive-0.0.0-py3.10.egg-info
[2.107s] running install_scripts
[2.131s] Installing cmd_vel script to /home/turtle/sebot/code/ros2_ws/install/diffdrive/lib/diffdrive
[2.132s] Installing odom script to /home/turtle/sebot/code/ros2_ws/install/diffdrive/lib/diffdrive
[2.132s] Installing pi_led script to /home/turtle/sebot/code/ros2_ws/install/diffdrive/lib/diffdrive
[2.132s] writing list of installed files to '/home/turtle/sebot/code/ros2_ws/build/diffdrive/install.log'
[2.153s] Invoked command in '/home/turtle/sebot/code/ros2_ws/src/diffdrive' returned '0': PYTHONPATH=/home/turtle/sebot/code/ros2_ws/build/diffdrive/prefix_override:/usr/lib/python3/dist-packages/colcon_core/task/python/colcon_distutils_commands:/home/turtle/sebot/code/ros2_ws/install/diffdrive/lib/python3.10/site-packages:${PYTHONPATH} /usr/bin/python3 -W ignore:setup.py install is deprecated -W ignore:easy_install command is deprecated setup.py egg_info --egg-base ../../build/diffdrive build --build-base /home/turtle/sebot/code/ros2_ws/build/diffdrive/build install --record /home/turtle/sebot/code/ros2_ws/build/diffdrive/install.log --single-version-externally-managed install_data
