running develop
running egg_info
writing ../../build/battery/battery.egg-info/PKG-INFO
writing dependency_links to ../../build/battery/battery.egg-info/dependency_links.txt
writing entry points to ../../build/battery/battery.egg-info/entry_points.txt
writing requirements to ../../build/battery/battery.egg-info/requires.txt
writing top-level names to ../../build/battery/battery.egg-info/top_level.txt
reading manifest file '../../build/battery/battery.egg-info/SOURCES.txt'
adding license file 'LICENSE'
writing manifest file '../../build/battery/battery.egg-info/SOURCES.txt'
running build
running build_py
copying battery/battery_republish.py -> /home/turtle/sebot/code/ros2_ws/build/battery/build/lib/battery
running install
running install_lib
creating /home/turtle/sebot/code/ros2_ws/install/battery/lib/python3.10/site-packages/battery
copying /home/turtle/sebot/code/ros2_ws/build/battery/build/lib/battery/battery_alert.py -> /home/turtle/sebot/code/ros2_ws/install/battery/lib/python3.10/site-packages/battery
copying /home/turtle/sebot/code/ros2_ws/build/battery/build/lib/battery/__init__.py -> /home/turtle/sebot/code/ros2_ws/install/battery/lib/python3.10/site-packages/battery
copying /home/turtle/sebot/code/ros2_ws/build/battery/build/lib/battery/battery_republish.py -> /home/turtle/sebot/code/ros2_ws/install/battery/lib/python3.10/site-packages/battery
byte-compiling /home/turtle/sebot/code/ros2_ws/install/battery/lib/python3.10/site-packages/battery/battery_alert.py to battery_alert.cpython-310.pyc
byte-compiling /home/turtle/sebot/code/ros2_ws/install/battery/lib/python3.10/site-packages/battery/__init__.py to __init__.cpython-310.pyc
byte-compiling /home/turtle/sebot/code/ros2_ws/install/battery/lib/python3.10/site-packages/battery/battery_republish.py to battery_republish.cpython-310.pyc
running install_data
copying resource/battery -> /home/turtle/sebot/code/ros2_ws/install/battery/share/ament_index/resource_index/packages
copying package.xml -> /home/turtle/sebot/code/ros2_ws/install/battery/share/battery
running install_egg_info
Copying ../../build/battery/battery.egg-info to /home/turtle/sebot/code/ros2_ws/install/battery/lib/python3.10/site-packages/battery-0.0.0-py3.10.egg-info
running install_scripts
Installing battery_alert script to /home/turtle/sebot/code/ros2_ws/install/battery/lib/battery
Installing battery_republish script to /home/turtle/sebot/code/ros2_ws/install/battery/lib/battery
writing list of installed files to '/home/turtle/sebot/code/ros2_ws/build/battery/install.log'
