[1.807s] Invoking command in '/home/turtle/sebot/code/ros2_ws/build/battery': PYTHONPATH=/home/turtle/sebot/code/ros2_ws/build/battery/prefix_override:/usr/lib/python3/dist-packages/colcon_core/task/python/colcon_distutils_commands:/home/turtle/sebot/code/ros2_ws/install/battery/lib/python3.10/site-packages:${PYTHONPATH} /usr/bin/python3 -W ignore:setup.py install is deprecated -W ignore:easy_install command is deprecated setup.py develop --uninstall --editable --build-directory /home/turtle/sebot/code/ros2_ws/build/battery/build
[2.203s] running develop
[2.486s] Invoked command in '/home/turtle/sebot/code/ros2_ws/build/battery' returned '0': PYTHONPATH=/home/turtle/sebot/code/ros2_ws/build/battery/prefix_override:/usr/lib/python3/dist-packages/colcon_core/task/python/colcon_distutils_commands:/home/turtle/sebot/code/ros2_ws/install/battery/lib/python3.10/site-packages:${PYTHONPATH} /usr/bin/python3 -W ignore:setup.py install is deprecated -W ignore:easy_install command is deprecated setup.py develop --uninstall --editable --build-directory /home/turtle/sebot/code/ros2_ws/build/battery/build
[2.487s] Invoking command in '/home/turtle/sebot/code/ros2_ws/src/battery': PYTHONPATH=/home/turtle/sebot/code/ros2_ws/build/battery/prefix_override:/usr/lib/python3/dist-packages/colcon_core/task/python/colcon_distutils_commands:/home/turtle/sebot/code/ros2_ws/install/battery/lib/python3.10/site-packages:${PYTHONPATH} /usr/bin/python3 -W ignore:setup.py install is deprecated -W ignore:easy_install command is deprecated setup.py egg_info --egg-base ../../build/battery build --build-base /home/turtle/sebot/code/ros2_ws/build/battery/build install --record /home/turtle/sebot/code/ros2_ws/build/battery/install.log --single-version-externally-managed install_data --force
[2.861s] running egg_info
[2.861s] writing ../../build/battery/battery.egg-info/PKG-INFO
[2.862s] writing dependency_links to ../../build/battery/battery.egg-info/dependency_links.txt
[2.862s] writing entry points to ../../build/battery/battery.egg-info/entry_points.txt
[2.863s] writing requirements to ../../build/battery/battery.egg-info/requires.txt
[2.863s] writing top-level names to ../../build/battery/battery.egg-info/top_level.txt
[2.865s] reading manifest file '../../build/battery/battery.egg-info/SOURCES.txt'
[2.865s] adding license file 'LICENSE'
[2.866s] writing manifest file '../../build/battery/battery.egg-info/SOURCES.txt'
[2.866s] running build
[2.866s] running build_py
[2.867s] copying battery/battery_republish.py -> /home/turtle/sebot/code/ros2_ws/build/battery/build/lib/battery
[2.867s] running install
[2.867s] running install_lib
[2.868s] creating /home/turtle/sebot/code/ros2_ws/install/battery/lib/python3.10/site-packages/battery
[2.869s] copying /home/turtle/sebot/code/ros2_ws/build/battery/build/lib/battery/battery_alert.py -> /home/turtle/sebot/code/ros2_ws/install/battery/lib/python3.10/site-packages/battery
[2.869s] copying /home/turtle/sebot/code/ros2_ws/build/battery/build/lib/battery/__init__.py -> /home/turtle/sebot/code/ros2_ws/install/battery/lib/python3.10/site-packages/battery
[2.869s] copying /home/turtle/sebot/code/ros2_ws/build/battery/build/lib/battery/battery_republish.py -> /home/turtle/sebot/code/ros2_ws/install/battery/lib/python3.10/site-packages/battery
[2.870s] byte-compiling /home/turtle/sebot/code/ros2_ws/install/battery/lib/python3.10/site-packages/battery/battery_alert.py to battery_alert.cpython-310.pyc
[2.871s] byte-compiling /home/turtle/sebot/code/ros2_ws/install/battery/lib/python3.10/site-packages/battery/__init__.py to __init__.cpython-310.pyc
[2.871s] byte-compiling /home/turtle/sebot/code/ros2_ws/install/battery/lib/python3.10/site-packages/battery/battery_republish.py to battery_republish.cpython-310.pyc
[2.871s] running install_data
[2.871s] copying resource/battery -> /home/turtle/sebot/code/ros2_ws/install/battery/share/ament_index/resource_index/packages
[2.872s] copying package.xml -> /home/turtle/sebot/code/ros2_ws/install/battery/share/battery
[2.872s] running install_egg_info
[2.875s] Copying ../../build/battery/battery.egg-info to /home/turtle/sebot/code/ros2_ws/install/battery/lib/python3.10/site-packages/battery-0.0.0-py3.10.egg-info
[2.876s] running install_scripts
[2.901s] Installing battery_alert script to /home/turtle/sebot/code/ros2_ws/install/battery/lib/battery
[2.902s] Installing battery_republish script to /home/turtle/sebot/code/ros2_ws/install/battery/lib/battery
[2.903s] writing list of installed files to '/home/turtle/sebot/code/ros2_ws/build/battery/install.log'
[2.922s] Invoked command in '/home/turtle/sebot/code/ros2_ws/src/battery' returned '0': PYTHONPATH=/home/turtle/sebot/code/ros2_ws/build/battery/prefix_override:/usr/lib/python3/dist-packages/colcon_core/task/python/colcon_distutils_commands:/home/turtle/sebot/code/ros2_ws/install/battery/lib/python3.10/site-packages:${PYTHONPATH} /usr/bin/python3 -W ignore:setup.py install is deprecated -W ignore:easy_install command is deprecated setup.py egg_info --egg-base ../../build/battery build --build-base /home/turtle/sebot/code/ros2_ws/build/battery/build install --record /home/turtle/sebot/code/ros2_ws/build/battery/install.log --single-version-externally-managed install_data --force
