[1.610s] Invoking command in '/home/turtle/sebot/code/ros2_ws/src/motordriver': PYTHONPATH=/home/turtle/sebot/code/ros2_ws/build/motordriver/prefix_override:/usr/lib/python3/dist-packages/colcon_core/task/python/colcon_distutils_commands:/home/turtle/sebot/code/ros2_ws/install/motordriver/lib/python3.10/site-packages:${PYTHONPATH} /usr/bin/python3 -W ignore:setup.py install is deprecated -W ignore:easy_install command is deprecated setup.py egg_info --egg-base ../../build/motordriver build --build-base /home/turtle/sebot/code/ros2_ws/build/motordriver/build install --record /home/turtle/sebot/code/ros2_ws/build/motordriver/install.log --single-version-externally-managed install_data
[1.975s] running egg_info
[1.976s] creating ../../build/motordriver/motordriver.egg-info
[1.976s] writing ../../build/motordriver/motordriver.egg-info/PKG-INFO
[1.977s] writing dependency_links to ../../build/motordriver/motordriver.egg-info/dependency_links.txt
[1.977s] writing entry points to ../../build/motordriver/motordriver.egg-info/entry_points.txt
[1.977s] writing requirements to ../../build/motordriver/motordriver.egg-info/requires.txt
[1.978s] writing top-level names to ../../build/motordriver/motordriver.egg-info/top_level.txt
[1.978s] writing manifest file '../../build/motordriver/motordriver.egg-info/SOURCES.txt'
[1.981s] reading manifest file '../../build/motordriver/motordriver.egg-info/SOURCES.txt'
[1.983s] writing manifest file '../../build/motordriver/motordriver.egg-info/SOURCES.txt'
[1.983s] running build
[1.983s] running build_py
[1.983s] creating /home/turtle/sebot/code/ros2_ws/build/motordriver/build
[1.983s] creating /home/turtle/sebot/code/ros2_ws/build/motordriver/build/lib
[1.984s] creating /home/turtle/sebot/code/ros2_ws/build/motordriver/build/lib/motordriver
[1.984s] copying motordriver/motordriver_battery.py -> /home/turtle/sebot/code/ros2_ws/build/motordriver/build/lib/motordriver
[1.984s] copying motordriver/motordriver.py -> /home/turtle/sebot/code/ros2_ws/build/motordriver/build/lib/motordriver
[1.985s] copying motordriver/simserial.py -> /home/turtle/sebot/code/ros2_ws/build/motordriver/build/lib/motordriver
[1.985s] copying motordriver/__init__.py -> /home/turtle/sebot/code/ros2_ws/build/motordriver/build/lib/motordriver
[1.986s] running install
[1.986s] running install_lib
[1.988s] creating /home/turtle/sebot/code/ros2_ws/install/motordriver/lib/python3.10/site-packages/motordriver
[1.988s] copying /home/turtle/sebot/code/ros2_ws/build/motordriver/build/lib/motordriver/motordriver_battery.py -> /home/turtle/sebot/code/ros2_ws/install/motordriver/lib/python3.10/site-packages/motordriver
[1.988s] copying /home/turtle/sebot/code/ros2_ws/build/motordriver/build/lib/motordriver/motordriver.py -> /home/turtle/sebot/code/ros2_ws/install/motordriver/lib/python3.10/site-packages/motordriver
[1.989s] copying /home/turtle/sebot/code/ros2_ws/build/motordriver/build/lib/motordriver/simserial.py -> /home/turtle/sebot/code/ros2_ws/install/motordriver/lib/python3.10/site-packages/motordriver
[1.989s] copying /home/turtle/sebot/code/ros2_ws/build/motordriver/build/lib/motordriver/__init__.py -> /home/turtle/sebot/code/ros2_ws/install/motordriver/lib/python3.10/site-packages/motordriver
[1.990s] byte-compiling /home/turtle/sebot/code/ros2_ws/install/motordriver/lib/python3.10/site-packages/motordriver/motordriver_battery.py to motordriver_battery.cpython-310.pyc
[1.996s] byte-compiling /home/turtle/sebot/code/ros2_ws/install/motordriver/lib/python3.10/site-packages/motordriver/motordriver.py to motordriver.cpython-310.pyc
[1.996s] byte-compiling /home/turtle/sebot/code/ros2_ws/install/motordriver/lib/python3.10/site-packages/motordriver/simserial.py to simserial.cpython-310.pyc
[1.997s] byte-compiling /home/turtle/sebot/code/ros2_ws/install/motordriver/lib/python3.10/site-packages/motordriver/__init__.py to __init__.cpython-310.pyc
[1.997s] running install_data
[1.997s] creating /home/turtle/sebot/code/ros2_ws/install/motordriver/share/ament_index
[1.998s] creating /home/turtle/sebot/code/ros2_ws/install/motordriver/share/ament_index/resource_index
[1.998s] creating /home/turtle/sebot/code/ros2_ws/install/motordriver/share/ament_index/resource_index/packages
[1.998s] copying resource/motordriver -> /home/turtle/sebot/code/ros2_ws/install/motordriver/share/ament_index/resource_index/packages
[1.998s] copying package.xml -> /home/turtle/sebot/code/ros2_ws/install/motordriver/share/motordriver
[1.999s] running install_egg_info
[2.000s] Copying ../../build/motordriver/motordriver.egg-info to /home/turtle/sebot/code/ros2_ws/install/motordriver/lib/python3.10/site-packages/motordriver-0.0.0-py3.10.egg-info
[2.003s] running install_scripts
[2.062s] Installing motordriver script to /home/turtle/sebot/code/ros2_ws/install/motordriver/lib/motordriver
[2.062s] Installing motordriver_battery script to /home/turtle/sebot/code/ros2_ws/install/motordriver/lib/motordriver
[2.063s] writing list of installed files to '/home/turtle/sebot/code/ros2_ws/build/motordriver/install.log'
[2.081s] Invoked command in '/home/turtle/sebot/code/ros2_ws/src/motordriver' returned '0': PYTHONPATH=/home/turtle/sebot/code/ros2_ws/build/motordriver/prefix_override:/usr/lib/python3/dist-packages/colcon_core/task/python/colcon_distutils_commands:/home/turtle/sebot/code/ros2_ws/install/motordriver/lib/python3.10/site-packages:${PYTHONPATH} /usr/bin/python3 -W ignore:setup.py install is deprecated -W ignore:easy_install command is deprecated setup.py egg_info --egg-base ../../build/motordriver build --build-base /home/turtle/sebot/code/ros2_ws/build/motordriver/build install --record /home/turtle/sebot/code/ros2_ws/build/motordriver/install.log --single-version-externally-managed install_data
