running egg_info
writing ../../build/diffdrive/diffdrive.egg-info/PKG-INFO
writing dependency_links to ../../build/diffdrive/diffdrive.egg-info/dependency_links.txt
writing entry points to ../../build/diffdrive/diffdrive.egg-info/entry_points.txt
writing requirements to ../../build/diffdrive/diffdrive.egg-info/requires.txt
writing top-level names to ../../build/diffdrive/diffdrive.egg-info/top_level.txt
reading manifest file '../../build/diffdrive/diffdrive.egg-info/SOURCES.txt'
writing manifest file '../../build/diffdrive/diffdrive.egg-info/SOURCES.txt'
running build
running build_py
running install
running install_lib
running install_data
copying launch/diffdrive.launch.py -> /home/turtle/sebot/code/ros2_ws/install/diffdrive/share/diffdrive/launch
running install_egg_info
removing '/home/turtle/sebot/code/ros2_ws/install/diffdrive/lib/python3.10/site-packages/diffdrive-0.0.0-py3.10.egg-info' (and everything under it)
Copying ../../build/diffdrive/diffdrive.egg-info to /home/turtle/sebot/code/ros2_ws/install/diffdrive/lib/python3.10/site-packages/diffdrive-0.0.0-py3.10.egg-info
running install_scripts
Installing cmd_vel script to /home/turtle/sebot/code/ros2_ws/install/diffdrive/lib/diffdrive
Installing odom script to /home/turtle/sebot/code/ros2_ws/install/diffdrive/lib/diffdrive
Installing pi_led script to /home/turtle/sebot/code/ros2_ws/install/diffdrive/lib/diffdrive
writing list of installed files to '/home/turtle/sebot/code/ros2_ws/build/diffdrive/install.log'
