[0.144s] DEBUG:colcon:Command line arguments: ['/usr/bin/colcon', 'build', '--packages-select', 'motordriver']
[0.144s] DEBUG:colcon:Parsed command line arguments: Namespace(log_base=None, log_level=None, verb_name='build', build_base='build', install_base='install', merge_install=False, symlink_install=False, test_result_base=None, continue_on_error=False, executor='parallel', parallel_workers=16, event_handlers=None, ignore_user_meta=False, metas=['./colcon.meta'], base_paths=['.'], packages_ignore=None, packages_ignore_regex=None, paths=None, packages_up_to=None, packages_up_to_regex=None, packages_above=None, packages_above_and_dependencies=None, packages_above_depth=None, packages_select_by_dep=None, packages_skip_by_dep=None, packages_skip_up_to=None, packages_select_build_failed=False, packages_skip_build_finished=False, packages_select_test_failures=False, packages_skip_test_passed=False, packages_select=['motordriver'], packages_skip=None, packages_select_regex=None, packages_skip_regex=None, packages_start=None, packages_end=None, allow_overriding=[], cmake_args=None, cmake_target=None, cmake_target_skip_unavailable=False, cmake_clean_cache=False, cmake_clean_first=False, cmake_force_configure=False, ament_cmake_args=None, catkin_cmake_args=None, catkin_skip_building_tests=False, mixin_files=None, mixin=None, verb_parser=<colcon_mixin.mixin.mixin_argument.MixinArgumentDecorator object at 0x7caef6074dc0>, verb_extension=<colcon_core.verb.build.BuildVerb object at 0x7caef6074850>, main=<bound method BuildVerb.main of <colcon_core.verb.build.BuildVerb object at 0x7caef6074850>>, mixin_verb=('build',))
[0.380s] Level 1:colcon.colcon_core.package_discovery:discover_packages(colcon_meta) check parameters
[0.381s] Level 1:colcon.colcon_core.package_discovery:discover_packages(recursive) check parameters
[0.381s] Level 1:colcon.colcon_core.package_discovery:discover_packages(ignore) check parameters
[0.381s] Level 1:colcon.colcon_core.package_discovery:discover_packages(path) check parameters
[0.381s] Level 1:colcon.colcon_core.package_discovery:discover_packages(colcon_meta) discover
[0.381s] Level 1:colcon.colcon_core.package_discovery:discover_packages(recursive) discover
[0.381s] INFO:colcon.colcon_core.package_discovery:Crawling recursively for packages in '/home/turtle/sebot/code/ros2_ws'
[0.381s] Level 1:colcon.colcon_core.package_identification:_identify(.) by extensions ['ignore', 'ignore_ament_install']
[0.381s] Level 1:colcon.colcon_core.package_identification:_identify(.) by extension 'ignore'
[0.381s] Level 1:colcon.colcon_core.package_identification:_identify(.) by extension 'ignore_ament_install'
[0.381s] Level 1:colcon.colcon_core.package_identification:_identify(.) by extensions ['colcon_pkg']
[0.381s] Level 1:colcon.colcon_core.package_identification:_identify(.) by extension 'colcon_pkg'
[0.381s] Level 1:colcon.colcon_core.package_identification:_identify(.) by extensions ['colcon_meta']
[0.381s] Level 1:colcon.colcon_core.package_identification:_identify(.) by extension 'colcon_meta'
[0.381s] Level 1:colcon.colcon_core.package_identification:_identify(.) by extensions ['ros']
[0.381s] Level 1:colcon.colcon_core.package_identification:_identify(.) by extension 'ros'
[0.394s] Level 1:colcon.colcon_core.package_identification:_identify(.) by extensions ['cmake', 'python']
[0.394s] Level 1:colcon.colcon_core.package_identification:_identify(.) by extension 'cmake'
[0.394s] Level 1:colcon.colcon_core.package_identification:_identify(.) by extension 'python'
[0.394s] Level 1:colcon.colcon_core.package_identification:_identify(.) by extensions ['python_setup_py']
[0.394s] Level 1:colcon.colcon_core.package_identification:_identify(.) by extension 'python_setup_py'
[0.394s] Level 1:colcon.colcon_core.package_identification:_identify(build) by extensions ['ignore', 'ignore_ament_install']
[0.394s] Level 1:colcon.colcon_core.package_identification:_identify(build) by extension 'ignore'
[0.394s] Level 1:colcon.colcon_core.package_identification:_identify(build) ignored
[0.395s] Level 1:colcon.colcon_core.package_identification:_identify(config) by extensions ['ignore', 'ignore_ament_install']
[0.395s] Level 1:colcon.colcon_core.package_identification:_identify(config) by extension 'ignore'
[0.395s] Level 1:colcon.colcon_core.package_identification:_identify(config) by extension 'ignore_ament_install'
[0.395s] Level 1:colcon.colcon_core.package_identification:_identify(config) by extensions ['colcon_pkg']
[0.395s] Level 1:colcon.colcon_core.package_identification:_identify(config) by extension 'colcon_pkg'
[0.395s] Level 1:colcon.colcon_core.package_identification:_identify(config) by extensions ['colcon_meta']
[0.395s] Level 1:colcon.colcon_core.package_identification:_identify(config) by extension 'colcon_meta'
[0.395s] Level 1:colcon.colcon_core.package_identification:_identify(config) by extensions ['ros']
[0.395s] Level 1:colcon.colcon_core.package_identification:_identify(config) by extension 'ros'
[0.395s] Level 1:colcon.colcon_core.package_identification:_identify(config) by extensions ['cmake', 'python']
[0.396s] Level 1:colcon.colcon_core.package_identification:_identify(config) by extension 'cmake'
[0.396s] Level 1:colcon.colcon_core.package_identification:_identify(config) by extension 'python'
[0.396s] Level 1:colcon.colcon_core.package_identification:_identify(config) by extensions ['python_setup_py']
[0.396s] Level 1:colcon.colcon_core.package_identification:_identify(config) by extension 'python_setup_py'
[0.396s] Level 1:colcon.colcon_core.package_identification:_identify(install) by extensions ['ignore', 'ignore_ament_install']
[0.396s] Level 1:colcon.colcon_core.package_identification:_identify(install) by extension 'ignore'
[0.396s] Level 1:colcon.colcon_core.package_identification:_identify(install) ignored
[0.396s] Level 1:colcon.colcon_core.package_identification:_identify(log) by extensions ['ignore', 'ignore_ament_install']
[0.396s] Level 1:colcon.colcon_core.package_identification:_identify(log) by extension 'ignore'
[0.396s] Level 1:colcon.colcon_core.package_identification:_identify(log) ignored
[0.397s] Level 1:colcon.colcon_core.package_identification:_identify(src) by extensions ['ignore', 'ignore_ament_install']
[0.397s] Level 1:colcon.colcon_core.package_identification:_identify(src) by extension 'ignore'
[0.397s] Level 1:colcon.colcon_core.package_identification:_identify(src) by extension 'ignore_ament_install'
[0.397s] Level 1:colcon.colcon_core.package_identification:_identify(src) by extensions ['colcon_pkg']
[0.397s] Level 1:colcon.colcon_core.package_identification:_identify(src) by extension 'colcon_pkg'
[0.397s] Level 1:colcon.colcon_core.package_identification:_identify(src) by extensions ['colcon_meta']
[0.397s] Level 1:colcon.colcon_core.package_identification:_identify(src) by extension 'colcon_meta'
[0.397s] Level 1:colcon.colcon_core.package_identification:_identify(src) by extensions ['ros']
[0.397s] Level 1:colcon.colcon_core.package_identification:_identify(src) by extension 'ros'
[0.397s] Level 1:colcon.colcon_core.package_identification:_identify(src) by extensions ['cmake', 'python']
[0.397s] Level 1:colcon.colcon_core.package_identification:_identify(src) by extension 'cmake'
[0.397s] Level 1:colcon.colcon_core.package_identification:_identify(src) by extension 'python'
[0.397s] Level 1:colcon.colcon_core.package_identification:_identify(src) by extensions ['python_setup_py']
[0.397s] Level 1:colcon.colcon_core.package_identification:_identify(src) by extension 'python_setup_py'
[0.398s] Level 1:colcon.colcon_core.package_identification:_identify(src/battery) by extensions ['ignore', 'ignore_ament_install']
[0.398s] Level 1:colcon.colcon_core.package_identification:_identify(src/battery) by extension 'ignore'
[0.398s] Level 1:colcon.colcon_core.package_identification:_identify(src/battery) by extension 'ignore_ament_install'
[0.398s] Level 1:colcon.colcon_core.package_identification:_identify(src/battery) by extensions ['colcon_pkg']
[0.398s] Level 1:colcon.colcon_core.package_identification:_identify(src/battery) by extension 'colcon_pkg'
[0.398s] Level 1:colcon.colcon_core.package_identification:_identify(src/battery) by extensions ['colcon_meta']
[0.398s] Level 1:colcon.colcon_core.package_identification:_identify(src/battery) by extension 'colcon_meta'
[0.398s] Level 1:colcon.colcon_core.package_identification:_identify(src/battery) by extensions ['ros']
[0.398s] Level 1:colcon.colcon_core.package_identification:_identify(src/battery) by extension 'ros'
[0.401s] DEBUG:colcon.colcon_core.package_identification:Package 'src/battery' with type 'ros.ament_python' and name 'battery'
[0.401s] Level 1:colcon.colcon_core.package_identification:_identify(src/diffdrive) by extensions ['ignore', 'ignore_ament_install']
[0.401s] Level 1:colcon.colcon_core.package_identification:_identify(src/diffdrive) by extension 'ignore'
[0.401s] Level 1:colcon.colcon_core.package_identification:_identify(src/diffdrive) by extension 'ignore_ament_install'
[0.401s] Level 1:colcon.colcon_core.package_identification:_identify(src/diffdrive) by extensions ['colcon_pkg']
[0.401s] Level 1:colcon.colcon_core.package_identification:_identify(src/diffdrive) by extension 'colcon_pkg'
[0.401s] Level 1:colcon.colcon_core.package_identification:_identify(src/diffdrive) by extensions ['colcon_meta']
[0.401s] Level 1:colcon.colcon_core.package_identification:_identify(src/diffdrive) by extension 'colcon_meta'
[0.401s] Level 1:colcon.colcon_core.package_identification:_identify(src/diffdrive) by extensions ['ros']
[0.401s] Level 1:colcon.colcon_core.package_identification:_identify(src/diffdrive) by extension 'ros'
[0.402s] DEBUG:colcon.colcon_core.package_identification:Package 'src/diffdrive' with type 'ros.ament_python' and name 'diffdrive'
[0.402s] Level 1:colcon.colcon_core.package_identification:_identify(src/diffdrivec) by extensions ['ignore', 'ignore_ament_install']
[0.402s] Level 1:colcon.colcon_core.package_identification:_identify(src/diffdrivec) by extension 'ignore'
[0.402s] Level 1:colcon.colcon_core.package_identification:_identify(src/diffdrivec) by extension 'ignore_ament_install'
[0.402s] Level 1:colcon.colcon_core.package_identification:_identify(src/diffdrivec) by extensions ['colcon_pkg']
[0.402s] Level 1:colcon.colcon_core.package_identification:_identify(src/diffdrivec) by extension 'colcon_pkg'
[0.402s] Level 1:colcon.colcon_core.package_identification:_identify(src/diffdrivec) by extensions ['colcon_meta']
[0.402s] Level 1:colcon.colcon_core.package_identification:_identify(src/diffdrivec) by extension 'colcon_meta'
[0.402s] Level 1:colcon.colcon_core.package_identification:_identify(src/diffdrivec) by extensions ['ros']
[0.403s] Level 1:colcon.colcon_core.package_identification:_identify(src/diffdrivec) by extension 'ros'
[0.403s] DEBUG:colcon.colcon_core.package_identification:Package 'src/diffdrivec' with type 'ros.ament_cmake' and name 'diffdrivec'
[0.403s] Level 1:colcon.colcon_core.package_identification:_identify(src/motordriver) by extensions ['ignore', 'ignore_ament_install']
[0.403s] Level 1:colcon.colcon_core.package_identification:_identify(src/motordriver) by extension 'ignore'
[0.403s] Level 1:colcon.colcon_core.package_identification:_identify(src/motordriver) by extension 'ignore_ament_install'
[0.403s] Level 1:colcon.colcon_core.package_identification:_identify(src/motordriver) by extensions ['colcon_pkg']
[0.403s] Level 1:colcon.colcon_core.package_identification:_identify(src/motordriver) by extension 'colcon_pkg'
[0.404s] Level 1:colcon.colcon_core.package_identification:_identify(src/motordriver) by extensions ['colcon_meta']
[0.404s] Level 1:colcon.colcon_core.package_identification:_identify(src/motordriver) by extension 'colcon_meta'
[0.404s] Level 1:colcon.colcon_core.package_identification:_identify(src/motordriver) by extensions ['ros']
[0.404s] Level 1:colcon.colcon_core.package_identification:_identify(src/motordriver) by extension 'ros'
[0.404s] DEBUG:colcon.colcon_core.package_identification:Package 'src/motordriver' with type 'ros.ament_python' and name 'motordriver'
[0.404s] Level 1:colcon.colcon_core.package_identification:_identify(src/motordriver_msgs) by extensions ['ignore', 'ignore_ament_install']
[0.405s] Level 1:colcon.colcon_core.package_identification:_identify(src/motordriver_msgs) by extension 'ignore'
[0.405s] Level 1:colcon.colcon_core.package_identification:_identify(src/motordriver_msgs) by extension 'ignore_ament_install'
[0.405s] Level 1:colcon.colcon_core.package_identification:_identify(src/motordriver_msgs) by extensions ['colcon_pkg']
[0.405s] Level 1:colcon.colcon_core.package_identification:_identify(src/motordriver_msgs) by extension 'colcon_pkg'
[0.405s] Level 1:colcon.colcon_core.package_identification:_identify(src/motordriver_msgs) by extensions ['colcon_meta']
[0.405s] Level 1:colcon.colcon_core.package_identification:_identify(src/motordriver_msgs) by extension 'colcon_meta'
[0.405s] Level 1:colcon.colcon_core.package_identification:_identify(src/motordriver_msgs) by extensions ['ros']
[0.405s] Level 1:colcon.colcon_core.package_identification:_identify(src/motordriver_msgs) by extension 'ros'
[0.405s] DEBUG:colcon.colcon_core.package_identification:Package 'src/motordriver_msgs' with type 'ros.ament_cmake' and name 'motordriver_msgs'
[0.406s] Level 1:colcon.colcon_core.package_discovery:discover_packages(recursive) using defaults
[0.406s] Level 1:colcon.colcon_core.package_discovery:discover_packages(ignore) discover
[0.406s] Level 1:colcon.colcon_core.package_discovery:discover_packages(ignore) using defaults
[0.406s] Level 1:colcon.colcon_core.package_discovery:discover_packages(path) discover
[0.406s] Level 1:colcon.colcon_core.package_discovery:discover_packages(path) using defaults
[0.437s] INFO:colcon.colcon_core.package_selection:Skipping not selected package 'battery' in 'src/battery'
[0.437s] INFO:colcon.colcon_core.package_selection:Skipping not selected package 'diffdrive' in 'src/diffdrive'
[0.437s] INFO:colcon.colcon_core.package_selection:Skipping not selected package 'motordriver_msgs' in 'src/motordriver_msgs'
[0.437s] INFO:colcon.colcon_core.package_selection:Skipping not selected package 'diffdrivec' in 'src/diffdrivec'
[0.438s] Level 1:colcon.colcon_core.package_discovery:discover_packages(prefix_path) check parameters
[0.438s] Level 1:colcon.colcon_core.package_discovery:discover_packages(prefix_path) discover
[0.442s] DEBUG:colcon.colcon_installed_package_information.package_discovery:Found 5 installed packages in /home/turtle/sebot/code/ros2_ws/install
[0.443s] DEBUG:colcon.colcon_installed_package_information.package_discovery:Found 9 installed packages in /home/turtle/ros2_ws/install
[0.444s] DEBUG:colcon.colcon_installed_package_information.package_discovery:Found 1 installed packages in /home/turtle/install
[0.449s] DEBUG:colcon.colcon_installed_package_information.package_discovery:Found 407 installed packages in /opt/ros/humble
[0.451s] Level 1:colcon.colcon_core.package_discovery:discover_packages(prefix_path) using defaults
[0.520s] Level 5:colcon.colcon_core.verb:set package 'motordriver' build argument 'cmake_args' from command line to 'None'
[0.520s] Level 5:colcon.colcon_core.verb:set package 'motordriver' build argument 'cmake_target' from command line to 'None'
[0.520s] Level 5:colcon.colcon_core.verb:set package 'motordriver' build argument 'cmake_target_skip_unavailable' from command line to 'False'
[0.520s] Level 5:colcon.colcon_core.verb:set package 'motordriver' build argument 'cmake_clean_cache' from command line to 'False'
[0.520s] Level 5:colcon.colcon_core.verb:set package 'motordriver' build argument 'cmake_clean_first' from command line to 'False'
[0.520s] Level 5:colcon.colcon_core.verb:set package 'motordriver' build argument 'cmake_force_configure' from command line to 'False'
[0.520s] Level 5:colcon.colcon_core.verb:set package 'motordriver' build argument 'ament_cmake_args' from command line to 'None'
[0.520s] Level 5:colcon.colcon_core.verb:set package 'motordriver' build argument 'catkin_cmake_args' from command line to 'None'
[0.521s] Level 5:colcon.colcon_core.verb:set package 'motordriver' build argument 'catkin_skip_building_tests' from command line to 'False'
[0.521s] DEBUG:colcon.colcon_core.verb:Building package 'motordriver' with the following arguments: {'ament_cmake_args': None, 'build_base': '/home/turtle/sebot/code/ros2_ws/build/motordriver', 'catkin_cmake_args': None, 'catkin_skip_building_tests': False, 'cmake_args': None, 'cmake_clean_cache': False, 'cmake_clean_first': False, 'cmake_force_configure': False, 'cmake_target': None, 'cmake_target_skip_unavailable': False, 'install_base': '/home/turtle/sebot/code/ros2_ws/install/motordriver', 'merge_install': False, 'path': '/home/turtle/sebot/code/ros2_ws/src/motordriver', 'symlink_install': False, 'test_result_base': None}
[0.521s] INFO:colcon.colcon_core.executor:Executing jobs using 'parallel' executor
[0.523s] DEBUG:colcon.colcon_parallel_executor.executor.parallel:run_until_complete
[0.523s] INFO:colcon.colcon_ros.task.ament_python.build:Building ROS package in '/home/turtle/sebot/code/ros2_ws/src/motordriver' with build type 'ament_python'
[0.524s] Level 1:colcon.colcon_core.shell:create_environment_hook('motordriver', 'ament_prefix_path')
[0.527s] INFO:colcon.colcon_core.plugin_system:Skipping extension 'colcon_core.shell.bat': Not used on non-Windows systems
[0.527s] INFO:colcon.colcon_core.shell:Creating environment hook '/home/turtle/sebot/code/ros2_ws/install/motordriver/share/motordriver/hook/ament_prefix_path.ps1'
[0.528s] INFO:colcon.colcon_core.shell:Creating environment descriptor '/home/turtle/sebot/code/ros2_ws/install/motordriver/share/motordriver/hook/ament_prefix_path.dsv'
[0.528s] INFO:colcon.colcon_core.shell:Creating environment hook '/home/turtle/sebot/code/ros2_ws/install/motordriver/share/motordriver/hook/ament_prefix_path.sh'
[0.529s] INFO:colcon.colcon_core.shell:Skip shell extension 'powershell' for command environment: Not usable outside of PowerShell
[0.529s] DEBUG:colcon.colcon_core.shell:Skip shell extension 'dsv' for command environment
[0.916s] INFO:colcon.colcon_core.task.python.build:Building Python package in '/home/turtle/sebot/code/ros2_ws/src/motordriver'
[0.916s] INFO:colcon.colcon_core.shell:Skip shell extension 'powershell' for command environment: Not usable outside of PowerShell
[0.917s] DEBUG:colcon.colcon_core.shell:Skip shell extension 'dsv' for command environment
[1.441s] DEBUG:colcon.colcon_core.event_handler.log_command:Invoking command in '/home/turtle/sebot/code/ros2_ws/src/motordriver': PYTHONPATH=/home/turtle/sebot/code/ros2_ws/build/motordriver/prefix_override:/usr/lib/python3/dist-packages/colcon_core/task/python/colcon_distutils_commands:/home/turtle/sebot/code/ros2_ws/install/motordriver/lib/python3.10/site-packages:${PYTHONPATH} /usr/bin/python3 -W ignore:setup.py install is deprecated -W ignore:easy_install command is deprecated setup.py egg_info --egg-base ../../build/motordriver build --build-base /home/turtle/sebot/code/ros2_ws/build/motordriver/build install --record /home/turtle/sebot/code/ros2_ws/build/motordriver/install.log --single-version-externally-managed install_data
[1.864s] DEBUG:colcon.colcon_core.event_handler.log_command:Invoked command in '/home/turtle/sebot/code/ros2_ws/src/motordriver' returned '0': PYTHONPATH=/home/turtle/sebot/code/ros2_ws/build/motordriver/prefix_override:/usr/lib/python3/dist-packages/colcon_core/task/python/colcon_distutils_commands:/home/turtle/sebot/code/ros2_ws/install/motordriver/lib/python3.10/site-packages:${PYTHONPATH} /usr/bin/python3 -W ignore:setup.py install is deprecated -W ignore:easy_install command is deprecated setup.py egg_info --egg-base ../../build/motordriver build --build-base /home/turtle/sebot/code/ros2_ws/build/motordriver/build install --record /home/turtle/sebot/code/ros2_ws/build/motordriver/install.log --single-version-externally-managed install_data
[1.867s] Level 1:colcon.colcon_core.environment:checking '/home/turtle/sebot/code/ros2_ws/install/motordriver' for CMake module files
[1.868s] Level 1:colcon.colcon_core.environment:checking '/home/turtle/sebot/code/ros2_ws/install/motordriver' for CMake config files
[1.869s] Level 1:colcon.colcon_core.environment:checking '/home/turtle/sebot/code/ros2_ws/install/motordriver/lib'
[1.870s] Level 1:colcon.colcon_core.environment:checking '/home/turtle/sebot/code/ros2_ws/install/motordriver/bin'
[1.870s] Level 1:colcon.colcon_core.environment:checking '/home/turtle/sebot/code/ros2_ws/install/motordriver/lib/pkgconfig/motordriver.pc'
[1.870s] Level 1:colcon.colcon_core.environment:checking '/home/turtle/sebot/code/ros2_ws/install/motordriver/lib/python3.10/site-packages'
[1.870s] Level 1:colcon.colcon_core.shell:create_environment_hook('motordriver', 'pythonpath')
[1.870s] INFO:colcon.colcon_core.shell:Creating environment hook '/home/turtle/sebot/code/ros2_ws/install/motordriver/share/motordriver/hook/pythonpath.ps1'
[1.871s] INFO:colcon.colcon_core.shell:Creating environment descriptor '/home/turtle/sebot/code/ros2_ws/install/motordriver/share/motordriver/hook/pythonpath.dsv'
[1.872s] INFO:colcon.colcon_core.shell:Creating environment hook '/home/turtle/sebot/code/ros2_ws/install/motordriver/share/motordriver/hook/pythonpath.sh'
[1.872s] Level 1:colcon.colcon_core.environment:checking '/home/turtle/sebot/code/ros2_ws/install/motordriver/bin'
[1.872s] Level 1:colcon.colcon_core.environment:create_environment_scripts_only(motordriver)
[1.873s] INFO:colcon.colcon_core.shell:Creating package script '/home/turtle/sebot/code/ros2_ws/install/motordriver/share/motordriver/package.ps1'
[1.874s] INFO:colcon.colcon_core.shell:Creating package descriptor '/home/turtle/sebot/code/ros2_ws/install/motordriver/share/motordriver/package.dsv'
[1.874s] INFO:colcon.colcon_core.shell:Creating package script '/home/turtle/sebot/code/ros2_ws/install/motordriver/share/motordriver/package.sh'
[1.875s] INFO:colcon.colcon_core.shell:Creating package script '/home/turtle/sebot/code/ros2_ws/install/motordriver/share/motordriver/package.bash'
[1.876s] INFO:colcon.colcon_core.shell:Creating package script '/home/turtle/sebot/code/ros2_ws/install/motordriver/share/motordriver/package.zsh'
[1.877s] Level 1:colcon.colcon_core.environment:create_file_with_runtime_dependencies(/home/turtle/sebot/code/ros2_ws/install/motordriver/share/colcon-core/packages/motordriver)
[1.877s] DEBUG:colcon.colcon_parallel_executor.executor.parallel:closing loop
[1.878s] DEBUG:colcon.colcon_parallel_executor.executor.parallel:loop closed
[1.878s] DEBUG:colcon.colcon_parallel_executor.executor.parallel:run_until_complete finished with '0'
[1.879s] DEBUG:colcon.colcon_core.event_reactor:joining thread
[1.886s] INFO:colcon.colcon_core.plugin_system:Skipping extension 'colcon_notification.desktop_notification.terminal_notifier': Not used on non-Darwin systems
[1.887s] INFO:colcon.colcon_core.plugin_system:Skipping extension 'colcon_notification.desktop_notification.win32': Not used on non-Windows systems
[1.887s] INFO:colcon.colcon_notification.desktop_notification:Sending desktop notification using 'notify2'
[1.921s] DEBUG:colcon.colcon_core.event_reactor:joined thread
[1.922s] INFO:colcon.colcon_core.shell:Creating prefix script '/home/turtle/sebot/code/ros2_ws/install/local_setup.ps1'
[1.923s] INFO:colcon.colcon_core.shell:Creating prefix util module '/home/turtle/sebot/code/ros2_ws/install/_local_setup_util_ps1.py'
[1.924s] INFO:colcon.colcon_core.shell:Creating prefix chain script '/home/turtle/sebot/code/ros2_ws/install/setup.ps1'
[1.927s] INFO:colcon.colcon_core.shell:Creating prefix script '/home/turtle/sebot/code/ros2_ws/install/local_setup.sh'
[1.928s] INFO:colcon.colcon_core.shell:Creating prefix util module '/home/turtle/sebot/code/ros2_ws/install/_local_setup_util_sh.py'
[1.929s] INFO:colcon.colcon_core.shell:Creating prefix chain script '/home/turtle/sebot/code/ros2_ws/install/setup.sh'
[1.932s] INFO:colcon.colcon_core.shell:Creating prefix script '/home/turtle/sebot/code/ros2_ws/install/local_setup.bash'
[1.932s] INFO:colcon.colcon_core.shell:Creating prefix chain script '/home/turtle/sebot/code/ros2_ws/install/setup.bash'
[1.935s] INFO:colcon.colcon_core.shell:Creating prefix script '/home/turtle/sebot/code/ros2_ws/install/local_setup.zsh'
[1.936s] INFO:colcon.colcon_core.shell:Creating prefix chain script '/home/turtle/sebot/code/ros2_ws/install/setup.zsh'
