[1.790s] Invoking command in '/home/turtle/sebot/code/ros2_ws/build/diffdrive': PYTHONPATH=/home/turtle/sebot/code/ros2_ws/build/diffdrive/prefix_override:/usr/lib/python3/dist-packages/colcon_core/task/python/colcon_distutils_commands:/home/turtle/sebot/code/ros2_ws/install/diffdrive/lib/python3.10/site-packages:${PYTHONPATH} /usr/bin/python3 -W ignore:setup.py install is deprecated -W ignore:easy_install command is deprecated setup.py develop --editable --build-directory /home/turtle/sebot/code/ros2_ws/build/diffdrive/build --no-deps symlink_data --force
[2.170s] running develop
[2.425s] running egg_info
[2.425s] writing diffdrive.egg-info/PKG-INFO
[2.425s] writing dependency_links to diffdrive.egg-info/dependency_links.txt
[2.426s] writing entry points to diffdrive.egg-info/entry_points.txt
[2.427s] writing requirements to diffdrive.egg-info/requires.txt
[2.427s] writing top-level names to diffdrive.egg-info/top_level.txt
[2.429s] reading manifest file 'diffdrive.egg-info/SOURCES.txt'
[2.431s] writing manifest file 'diffdrive.egg-info/SOURCES.txt'
[2.437s] running build_ext
[2.444s] Creating /home/turtle/sebot/code/ros2_ws/install/diffdrive/lib/python3.10/site-packages/diffdrive.egg-link (link to .)
[2.445s] Installing cmd_vel script to /home/turtle/sebot/code/ros2_ws/install/diffdrive/lib/diffdrive
[2.445s] Installing odom script to /home/turtle/sebot/code/ros2_ws/install/diffdrive/lib/diffdrive
[2.446s] Installing pi_led script to /home/turtle/sebot/code/ros2_ws/install/diffdrive/lib/diffdrive
[2.446s] 
[2.446s] Installed /home/turtle/sebot/code/ros2_ws/build/diffdrive
[2.447s] running symlink_data
[2.447s] symbolically linking /home/turtle/sebot/code/ros2_ws/build/diffdrive/resource/diffdrive -> /home/turtle/sebot/code/ros2_ws/install/diffdrive/share/ament_index/resource_index/packages
[2.447s] symbolically linking /home/turtle/sebot/code/ros2_ws/build/diffdrive/package.xml -> /home/turtle/sebot/code/ros2_ws/install/diffdrive/share/diffdrive
[2.447s] symbolically linking /home/turtle/sebot/code/ros2_ws/build/diffdrive/launch/diffdrive_battery.launch.py -> /home/turtle/sebot/code/ros2_ws/install/diffdrive/share/diffdrive/launch
[2.447s] symbolically linking /home/turtle/sebot/code/ros2_ws/build/diffdrive/launch/diffdrive.launch.py -> /home/turtle/sebot/code/ros2_ws/install/diffdrive/share/diffdrive/launch
