[1.785s] Invoking command in '/home/turtle/sebot/code/ros2_ws/src/battery': PYTHONPATH=/home/turtle/sebot/code/ros2_ws/build/battery/prefix_override:/usr/lib/python3/dist-packages/colcon_core/task/python/colcon_distutils_commands:/home/turtle/sebot/code/ros2_ws/install/battery/lib/python3.10/site-packages:${PYTHONPATH} /usr/bin/python3 -W ignore:setup.py install is deprecated -W ignore:easy_install command is deprecated setup.py egg_info --egg-base ../../build/battery build --build-base /home/turtle/sebot/code/ros2_ws/build/battery/build install --record /home/turtle/sebot/code/ros2_ws/build/battery/install.log --single-version-externally-managed install_data
[2.160s] running egg_info
[2.161s] writing ../../build/battery/battery.egg-info/PKG-INFO
[2.161s] writing dependency_links to ../../build/battery/battery.egg-info/dependency_links.txt
[2.162s] writing entry points to ../../build/battery/battery.egg-info/entry_points.txt
[2.162s] writing requirements to ../../build/battery/battery.egg-info/requires.txt
[2.162s] writing top-level names to ../../build/battery/battery.egg-info/top_level.txt
[2.164s] reading manifest file '../../build/battery/battery.egg-info/SOURCES.txt'
[2.165s] adding license file 'LICENSE'
[2.165s] writing manifest file '../../build/battery/battery.egg-info/SOURCES.txt'
[2.165s] running build
[2.166s] running build_py
[2.166s] copying battery/battery_republish.py -> /home/turtle/sebot/code/ros2_ws/build/battery/build/lib/battery
[2.167s] running install
[2.167s] running install_lib
[2.168s] copying /home/turtle/sebot/code/ros2_ws/build/battery/build/lib/battery/battery_republish.py -> /home/turtle/sebot/code/ros2_ws/install/battery/lib/python3.10/site-packages/battery
[2.169s] byte-compiling /home/turtle/sebot/code/ros2_ws/install/battery/lib/python3.10/site-packages/battery/battery_republish.py to battery_republish.cpython-310.pyc
[2.170s] running install_data
[2.171s] running install_egg_info
[2.173s] removing '/home/turtle/sebot/code/ros2_ws/install/battery/lib/python3.10/site-packages/battery-0.0.0-py3.10.egg-info' (and everything under it)
[2.174s] Copying ../../build/battery/battery.egg-info to /home/turtle/sebot/code/ros2_ws/install/battery/lib/python3.10/site-packages/battery-0.0.0-py3.10.egg-info
[2.176s] running install_scripts
[2.202s] Installing battery_alert script to /home/turtle/sebot/code/ros2_ws/install/battery/lib/battery
[2.202s] Installing battery_republish script to /home/turtle/sebot/code/ros2_ws/install/battery/lib/battery
[2.203s] writing list of installed files to '/home/turtle/sebot/code/ros2_ws/build/battery/install.log'
[2.223s] Invoked command in '/home/turtle/sebot/code/ros2_ws/src/battery' returned '0': PYTHONPATH=/home/turtle/sebot/code/ros2_ws/build/battery/prefix_override:/usr/lib/python3/dist-packages/colcon_core/task/python/colcon_distutils_commands:/home/turtle/sebot/code/ros2_ws/install/battery/lib/python3.10/site-packages:${PYTHONPATH} /usr/bin/python3 -W ignore:setup.py install is deprecated -W ignore:easy_install command is deprecated setup.py egg_info --egg-base ../../build/battery build --build-base /home/turtle/sebot/code/ros2_ws/build/battery/build install --record /home/turtle/sebot/code/ros2_ws/build/battery/install.log --single-version-externally-managed install_data
