[1.806s] Invoking command in '/home/turtle/sebot/code/ros2_ws/src/battery': PYTHONPATH=/home/turtle/sebot/code/ros2_ws/build/battery/prefix_override:/usr/lib/python3/dist-packages/colcon_core/task/python/colcon_distutils_commands:/home/turtle/sebot/code/ros2_ws/install/battery/lib/python3.10/site-packages:${PYTHONPATH} /usr/bin/python3 -W ignore:setup.py install is deprecated -W ignore:easy_install command is deprecated setup.py egg_info --egg-base ../../build/battery build --build-base /home/turtle/sebot/code/ros2_ws/build/battery/build install --record /home/turtle/sebot/code/ros2_ws/build/battery/install.log --single-version-externally-managed install_data
[2.180s] running egg_info
[2.181s] writing ../../build/battery/battery.egg-info/PKG-INFO
[2.181s] writing dependency_links to ../../build/battery/battery.egg-info/dependency_links.txt
[2.181s] writing entry points to ../../build/battery/battery.egg-info/entry_points.txt
[2.182s] writing requirements to ../../build/battery/battery.egg-info/requires.txt
[2.182s] writing top-level names to ../../build/battery/battery.egg-info/top_level.txt
[2.184s] reading manifest file '../../build/battery/battery.egg-info/SOURCES.txt'
[2.185s] adding license file 'LICENSE'
[2.185s] writing manifest file '../../build/battery/battery.egg-info/SOURCES.txt'
[2.186s] running build
[2.186s] running build_py
[2.186s] copying battery/battery_alert.py -> /home/turtle/sebot/code/ros2_ws/build/battery/build/lib/battery
[2.187s] running install
[2.187s] running install_lib
[2.188s] copying /home/turtle/sebot/code/ros2_ws/build/battery/build/lib/battery/battery_alert.py -> /home/turtle/sebot/code/ros2_ws/install/battery/lib/python3.10/site-packages/battery
[2.189s] byte-compiling /home/turtle/sebot/code/ros2_ws/install/battery/lib/python3.10/site-packages/battery/battery_alert.py to battery_alert.cpython-310.pyc
[2.190s] running install_data
[2.190s] running install_egg_info
[2.193s] removing '/home/turtle/sebot/code/ros2_ws/install/battery/lib/python3.10/site-packages/battery-0.0.0-py3.10.egg-info' (and everything under it)
[2.193s] Copying ../../build/battery/battery.egg-info to /home/turtle/sebot/code/ros2_ws/install/battery/lib/python3.10/site-packages/battery-0.0.0-py3.10.egg-info
[2.195s] running install_scripts
[2.221s] Installing battery_alert script to /home/turtle/sebot/code/ros2_ws/install/battery/lib/battery
[2.222s] Installing battery_republish script to /home/turtle/sebot/code/ros2_ws/install/battery/lib/battery
[2.222s] writing list of installed files to '/home/turtle/sebot/code/ros2_ws/build/battery/install.log'
[2.250s] Invoked command in '/home/turtle/sebot/code/ros2_ws/src/battery' returned '0': PYTHONPATH=/home/turtle/sebot/code/ros2_ws/build/battery/prefix_override:/usr/lib/python3/dist-packages/colcon_core/task/python/colcon_distutils_commands:/home/turtle/sebot/code/ros2_ws/install/battery/lib/python3.10/site-packages:${PYTHONPATH} /usr/bin/python3 -W ignore:setup.py install is deprecated -W ignore:easy_install command is deprecated setup.py egg_info --egg-base ../../build/battery build --build-base /home/turtle/sebot/code/ros2_ws/build/battery/build install --record /home/turtle/sebot/code/ros2_ws/build/battery/install.log --single-version-externally-managed install_data
