running develop
running egg_info
creating battery.egg-info
writing battery.egg-info/PKG-INFO
writing dependency_links to battery.egg-info/dependency_links.txt
writing entry points to battery.egg-info/entry_points.txt
writing requirements to battery.egg-info/requires.txt
writing top-level names to battery.egg-info/top_level.txt
writing manifest file 'battery.egg-info/SOURCES.txt'
reading manifest file 'battery.egg-info/SOURCES.txt'
writing manifest file 'battery.egg-info/SOURCES.txt'
running build_ext
Creating /home/sebot/ros2_ws/src/battery/install/battery/lib/python3.12/site-packages/battery.egg-link (link to .)
Installing battery script to /home/sebot/ros2_ws/src/battery/install/battery/lib/battery

Installed /home/sebot/ros2_ws/src/battery/build/battery
running symlink_data
creating /home/sebot/ros2_ws/src/battery/install/battery/share/ament_index
creating /home/sebot/ros2_ws/src/battery/install/battery/share/ament_index/resource_index
creating /home/sebot/ros2_ws/src/battery/install/battery/share/ament_index/resource_index/packages
symbolically linking /home/sebot/ros2_ws/src/battery/build/battery/resource/battery -> /home/sebot/ros2_ws/src/battery/install/battery/share/ament_index/resource_index/packages
symbolically linking /home/sebot/ros2_ws/src/battery/build/battery/package.xml -> /home/sebot/ros2_ws/src/battery/install/battery/share/battery
