[1.239s] Invoking command in '/home/sebot/ros2_ws/src/battery/build/battery': DEBUGINFOD_URLS=https://debuginfod.ubuntu.com PYTHONPATH=/home/sebot/ros2_ws/src/battery/build/battery/prefix_override:/usr/lib/python3/dist-packages/colcon_core/task/python/colcon_distutils_commands:/home/sebot/ros2_ws/src/battery/install/battery/lib/python3.12/site-packages:${PYTHONPATH} /usr/bin/python3 -W ignore:setup.py install is deprecated -W ignore:easy_install command is deprecated setup.py develop --editable --build-directory /home/sebot/ros2_ws/src/battery/build/battery/build --no-deps symlink_data
[1.707s] running develop
[1.988s] running egg_info
[1.989s] creating battery.egg-info
[2.015s] writing battery.egg-info/PKG-INFO
[2.015s] writing dependency_links to battery.egg-info/dependency_links.txt
[2.015s] writing entry points to battery.egg-info/entry_points.txt
[2.015s] writing requirements to battery.egg-info/requires.txt
[2.016s] writing top-level names to battery.egg-info/top_level.txt
[2.016s] writing manifest file 'battery.egg-info/SOURCES.txt'
[2.071s] reading manifest file 'battery.egg-info/SOURCES.txt'
[2.072s] writing manifest file 'battery.egg-info/SOURCES.txt'
[2.101s] running build_ext
[2.101s] Creating /home/sebot/ros2_ws/src/battery/install/battery/lib/python3.12/site-packages/battery.egg-link (link to .)
[2.102s] Installing battery script to /home/sebot/ros2_ws/src/battery/install/battery/lib/battery
[2.103s] 
[2.103s] Installed /home/sebot/ros2_ws/src/battery/build/battery
[2.103s] running symlink_data
[2.103s] creating /home/sebot/ros2_ws/src/battery/install/battery/share/ament_index
[2.104s] creating /home/sebot/ros2_ws/src/battery/install/battery/share/ament_index/resource_index
[2.104s] creating /home/sebot/ros2_ws/src/battery/install/battery/share/ament_index/resource_index/packages
[2.104s] symbolically linking /home/sebot/ros2_ws/src/battery/build/battery/resource/battery -> /home/sebot/ros2_ws/src/battery/install/battery/share/ament_index/resource_index/packages
[2.104s] symbolically linking /home/sebot/ros2_ws/src/battery/build/battery/package.xml -> /home/sebot/ros2_ws/src/battery/install/battery/share/battery
[2.195s] Invoked command in '/home/sebot/ros2_ws/src/battery/build/battery' returned '0': DEBUGINFOD_URLS=https://debuginfod.ubuntu.com PYTHONPATH=/home/sebot/ros2_ws/src/battery/build/battery/prefix_override:/usr/lib/python3/dist-packages/colcon_core/task/python/colcon_distutils_commands:/home/sebot/ros2_ws/src/battery/install/battery/lib/python3.12/site-packages:${PYTHONPATH} /usr/bin/python3 -W ignore:setup.py install is deprecated -W ignore:easy_install command is deprecated setup.py develop --editable --build-directory /home/sebot/ros2_ws/src/battery/build/battery/build --no-deps symlink_data
