[1.827s] Invoking command in '/home/turtle/sebot/code/ros2_ws/src/battery': PYTHONPATH=/home/turtle/sebot/code/ros2_ws/build/battery/prefix_override:/usr/lib/python3/dist-packages/colcon_core/task/python/colcon_distutils_commands:/home/turtle/sebot/code/ros2_ws/install/battery/lib/python3.10/site-packages:${PYTHONPATH} /usr/bin/python3 -W ignore:setup.py install is deprecated -W ignore:easy_install command is deprecated setup.py egg_info --egg-base ../../build/battery build --build-base /home/turtle/sebot/code/ros2_ws/build/battery/build install --record /home/turtle/sebot/code/ros2_ws/build/battery/install.log --single-version-externally-managed install_data
[2.194s] running egg_info
[2.194s] creating ../../build/battery/battery.egg-info
[2.194s] writing ../../build/battery/battery.egg-info/PKG-INFO
[2.194s] writing dependency_links to ../../build/battery/battery.egg-info/dependency_links.txt
[2.195s] writing entry points to ../../build/battery/battery.egg-info/entry_points.txt
[2.195s] writing requirements to ../../build/battery/battery.egg-info/requires.txt
[2.195s] writing top-level names to ../../build/battery/battery.egg-info/top_level.txt
[2.195s] writing manifest file '../../build/battery/battery.egg-info/SOURCES.txt'
[2.197s] reading manifest file '../../build/battery/battery.egg-info/SOURCES.txt'
[2.197s] adding license file 'LICENSE'
[2.197s] writing manifest file '../../build/battery/battery.egg-info/SOURCES.txt'
[2.198s] running build
[2.198s] running build_py
[2.198s] creating /home/turtle/sebot/code/ros2_ws/build/battery/build
[2.198s] creating /home/turtle/sebot/code/ros2_ws/build/battery/build/lib
[2.199s] creating /home/turtle/sebot/code/ros2_ws/build/battery/build/lib/battery
[2.199s] copying battery/battery_alert.py -> /home/turtle/sebot/code/ros2_ws/build/battery/build/lib/battery
[2.199s] copying battery/__init__.py -> /home/turtle/sebot/code/ros2_ws/build/battery/build/lib/battery
[2.199s] copying battery/battery_republish.py -> /home/turtle/sebot/code/ros2_ws/build/battery/build/lib/battery
[2.200s] running install
[2.200s] running install_lib
[2.200s] creating /home/turtle/sebot/code/ros2_ws/install/battery/lib/python3.10/site-packages/battery
[2.200s] copying /home/turtle/sebot/code/ros2_ws/build/battery/build/lib/battery/battery_alert.py -> /home/turtle/sebot/code/ros2_ws/install/battery/lib/python3.10/site-packages/battery
[2.201s] copying /home/turtle/sebot/code/ros2_ws/build/battery/build/lib/battery/__init__.py -> /home/turtle/sebot/code/ros2_ws/install/battery/lib/python3.10/site-packages/battery
[2.201s] copying /home/turtle/sebot/code/ros2_ws/build/battery/build/lib/battery/battery_republish.py -> /home/turtle/sebot/code/ros2_ws/install/battery/lib/python3.10/site-packages/battery
[2.201s] byte-compiling /home/turtle/sebot/code/ros2_ws/install/battery/lib/python3.10/site-packages/battery/battery_alert.py to battery_alert.cpython-310.pyc
[2.202s] byte-compiling /home/turtle/sebot/code/ros2_ws/install/battery/lib/python3.10/site-packages/battery/__init__.py to __init__.cpython-310.pyc
[2.203s] byte-compiling /home/turtle/sebot/code/ros2_ws/install/battery/lib/python3.10/site-packages/battery/battery_republish.py to battery_republish.cpython-310.pyc
[2.203s] running install_data
[2.203s] creating /home/turtle/sebot/code/ros2_ws/install/battery/share/ament_index
[2.203s] creating /home/turtle/sebot/code/ros2_ws/install/battery/share/ament_index/resource_index
[2.214s] creating /home/turtle/sebot/code/ros2_ws/install/battery/share/ament_index/resource_index/packages
[2.214s] copying resource/battery -> /home/turtle/sebot/code/ros2_ws/install/battery/share/ament_index/resource_index/packages
[2.215s] copying package.xml -> /home/turtle/sebot/code/ros2_ws/install/battery/share/battery
[2.215s] running install_egg_info
[2.217s] Copying ../../build/battery/battery.egg-info to /home/turtle/sebot/code/ros2_ws/install/battery/lib/python3.10/site-packages/battery-0.0.0-py3.10.egg-info
[2.219s] running install_scripts
[2.251s] Installing battery_alert script to /home/turtle/sebot/code/ros2_ws/install/battery/lib/battery
[2.252s] Installing battery_republish script to /home/turtle/sebot/code/ros2_ws/install/battery/lib/battery
[2.253s] writing list of installed files to '/home/turtle/sebot/code/ros2_ws/build/battery/install.log'
[2.282s] Invoked command in '/home/turtle/sebot/code/ros2_ws/src/battery' returned '0': PYTHONPATH=/home/turtle/sebot/code/ros2_ws/build/battery/prefix_override:/usr/lib/python3/dist-packages/colcon_core/task/python/colcon_distutils_commands:/home/turtle/sebot/code/ros2_ws/install/battery/lib/python3.10/site-packages:${PYTHONPATH} /usr/bin/python3 -W ignore:setup.py install is deprecated -W ignore:easy_install command is deprecated setup.py egg_info --egg-base ../../build/battery build --build-base /home/turtle/sebot/code/ros2_ws/build/battery/build install --record /home/turtle/sebot/code/ros2_ws/build/battery/install.log --single-version-externally-managed install_data
