[0.147s] DEBUG:colcon:Command line arguments: ['/usr/bin/colcon', 'build']
[0.147s] DEBUG:colcon:Parsed command line arguments: Namespace(log_base=None, log_level=None, verb_name='build', build_base='build', install_base='install', merge_install=False, symlink_install=False, test_result_base=None, continue_on_error=False, executor='parallel', parallel_workers=16, event_handlers=None, ignore_user_meta=False, metas=['./colcon.meta'], base_paths=['.'], packages_ignore=None, packages_ignore_regex=None, paths=None, packages_up_to=None, packages_up_to_regex=None, packages_above=None, packages_above_and_dependencies=None, packages_above_depth=None, packages_select_by_dep=None, packages_skip_by_dep=None, packages_skip_up_to=None, packages_select_build_failed=False, packages_skip_build_finished=False, packages_select_test_failures=False, packages_skip_test_passed=False, packages_select=None, packages_skip=None, packages_select_regex=None, packages_skip_regex=None, packages_start=None, packages_end=None, allow_overriding=[], cmake_args=None, cmake_target=None, cmake_target_skip_unavailable=False, cmake_clean_cache=False, cmake_clean_first=False, cmake_force_configure=False, ament_cmake_args=None, catkin_cmake_args=None, catkin_skip_building_tests=False, mixin_files=None, mixin=None, verb_parser=<colcon_mixin.mixin.mixin_argument.MixinArgumentDecorator object at 0x7a388a570b50>, verb_extension=<colcon_core.verb.build.BuildVerb object at 0x7a388a5705e0>, main=<bound method BuildVerb.main of <colcon_core.verb.build.BuildVerb object at 0x7a388a5705e0>>, mixin_verb=('build',))
[0.371s] Level 1:colcon.colcon_core.package_discovery:discover_packages(colcon_meta) check parameters
[0.371s] Level 1:colcon.colcon_core.package_discovery:discover_packages(recursive) check parameters
[0.371s] Level 1:colcon.colcon_core.package_discovery:discover_packages(ignore) check parameters
[0.371s] Level 1:colcon.colcon_core.package_discovery:discover_packages(path) check parameters
[0.371s] Level 1:colcon.colcon_core.package_discovery:discover_packages(colcon_meta) discover
[0.371s] Level 1:colcon.colcon_core.package_discovery:discover_packages(recursive) discover
[0.371s] INFO:colcon.colcon_core.package_discovery:Crawling recursively for packages in '/home/turtle/sebot/code/ros2_ws'
[0.372s] Level 1:colcon.colcon_core.package_identification:_identify(.) by extensions ['ignore', 'ignore_ament_install']
[0.372s] Level 1:colcon.colcon_core.package_identification:_identify(.) by extension 'ignore'
[0.372s] Level 1:colcon.colcon_core.package_identification:_identify(.) by extension 'ignore_ament_install'
[0.372s] Level 1:colcon.colcon_core.package_identification:_identify(.) by extensions ['colcon_pkg']
[0.372s] Level 1:colcon.colcon_core.package_identification:_identify(.) by extension 'colcon_pkg'
[0.372s] Level 1:colcon.colcon_core.package_identification:_identify(.) by extensions ['colcon_meta']
[0.372s] Level 1:colcon.colcon_core.package_identification:_identify(.) by extension 'colcon_meta'
[0.372s] Level 1:colcon.colcon_core.package_identification:_identify(.) by extensions ['ros']
[0.372s] Level 1:colcon.colcon_core.package_identification:_identify(.) by extension 'ros'
[0.383s] Level 1:colcon.colcon_core.package_identification:_identify(.) by extensions ['cmake', 'python']
[0.384s] Level 1:colcon.colcon_core.package_identification:_identify(.) by extension 'cmake'
[0.384s] Level 1:colcon.colcon_core.package_identification:_identify(.) by extension 'python'
[0.384s] Level 1:colcon.colcon_core.package_identification:_identify(.) by extensions ['python_setup_py']
[0.384s] Level 1:colcon.colcon_core.package_identification:_identify(.) by extension 'python_setup_py'
[0.384s] Level 1:colcon.colcon_core.package_identification:_identify(build) by extensions ['ignore', 'ignore_ament_install']
[0.384s] Level 1:colcon.colcon_core.package_identification:_identify(build) by extension 'ignore'
[0.384s] Level 1:colcon.colcon_core.package_identification:_identify(build) ignored
[0.384s] Level 1:colcon.colcon_core.package_identification:_identify(config) by extensions ['ignore', 'ignore_ament_install']
[0.384s] Level 1:colcon.colcon_core.package_identification:_identify(config) by extension 'ignore'
[0.384s] Level 1:colcon.colcon_core.package_identification:_identify(config) by extension 'ignore_ament_install'
[0.384s] Level 1:colcon.colcon_core.package_identification:_identify(config) by extensions ['colcon_pkg']
[0.385s] Level 1:colcon.colcon_core.package_identification:_identify(config) by extension 'colcon_pkg'
[0.385s] Level 1:colcon.colcon_core.package_identification:_identify(config) by extensions ['colcon_meta']
[0.385s] Level 1:colcon.colcon_core.package_identification:_identify(config) by extension 'colcon_meta'
[0.385s] Level 1:colcon.colcon_core.package_identification:_identify(config) by extensions ['ros']
[0.385s] Level 1:colcon.colcon_core.package_identification:_identify(config) by extension 'ros'
[0.385s] Level 1:colcon.colcon_core.package_identification:_identify(config) by extensions ['cmake', 'python']
[0.385s] Level 1:colcon.colcon_core.package_identification:_identify(config) by extension 'cmake'
[0.385s] Level 1:colcon.colcon_core.package_identification:_identify(config) by extension 'python'
[0.385s] Level 1:colcon.colcon_core.package_identification:_identify(config) by extensions ['python_setup_py']
[0.385s] Level 1:colcon.colcon_core.package_identification:_identify(config) by extension 'python_setup_py'
[0.385s] Level 1:colcon.colcon_core.package_identification:_identify(install) by extensions ['ignore', 'ignore_ament_install']
[0.385s] Level 1:colcon.colcon_core.package_identification:_identify(install) by extension 'ignore'
[0.385s] Level 1:colcon.colcon_core.package_identification:_identify(install) ignored
[0.386s] Level 1:colcon.colcon_core.package_identification:_identify(log) by extensions ['ignore', 'ignore_ament_install']
[0.386s] Level 1:colcon.colcon_core.package_identification:_identify(log) by extension 'ignore'
[0.386s] Level 1:colcon.colcon_core.package_identification:_identify(log) ignored
[0.386s] Level 1:colcon.colcon_core.package_identification:_identify(src) by extensions ['ignore', 'ignore_ament_install']
[0.386s] Level 1:colcon.colcon_core.package_identification:_identify(src) by extension 'ignore'
[0.386s] Level 1:colcon.colcon_core.package_identification:_identify(src) by extension 'ignore_ament_install'
[0.386s] Level 1:colcon.colcon_core.package_identification:_identify(src) by extensions ['colcon_pkg']
[0.386s] Level 1:colcon.colcon_core.package_identification:_identify(src) by extension 'colcon_pkg'
[0.386s] Level 1:colcon.colcon_core.package_identification:_identify(src) by extensions ['colcon_meta']
[0.386s] Level 1:colcon.colcon_core.package_identification:_identify(src) by extension 'colcon_meta'
[0.386s] Level 1:colcon.colcon_core.package_identification:_identify(src) by extensions ['ros']
[0.386s] Level 1:colcon.colcon_core.package_identification:_identify(src) by extension 'ros'
[0.386s] Level 1:colcon.colcon_core.package_identification:_identify(src) by extensions ['cmake', 'python']
[0.387s] Level 1:colcon.colcon_core.package_identification:_identify(src) by extension 'cmake'
[0.387s] Level 1:colcon.colcon_core.package_identification:_identify(src) by extension 'python'
[0.387s] Level 1:colcon.colcon_core.package_identification:_identify(src) by extensions ['python_setup_py']
[0.387s] Level 1:colcon.colcon_core.package_identification:_identify(src) by extension 'python_setup_py'
[0.387s] Level 1:colcon.colcon_core.package_identification:_identify(src/battery) by extensions ['ignore', 'ignore_ament_install']
[0.387s] Level 1:colcon.colcon_core.package_identification:_identify(src/battery) by extension 'ignore'
[0.387s] Level 1:colcon.colcon_core.package_identification:_identify(src/battery) by extension 'ignore_ament_install'
[0.387s] Level 1:colcon.colcon_core.package_identification:_identify(src/battery) by extensions ['colcon_pkg']
[0.387s] Level 1:colcon.colcon_core.package_identification:_identify(src/battery) by extension 'colcon_pkg'
[0.387s] Level 1:colcon.colcon_core.package_identification:_identify(src/battery) by extensions ['colcon_meta']
[0.387s] Level 1:colcon.colcon_core.package_identification:_identify(src/battery) by extension 'colcon_meta'
[0.387s] Level 1:colcon.colcon_core.package_identification:_identify(src/battery) by extensions ['ros']
[0.387s] Level 1:colcon.colcon_core.package_identification:_identify(src/battery) by extension 'ros'
[0.390s] DEBUG:colcon.colcon_core.package_identification:Package 'src/battery' with type 'ros.ament_python' and name 'battery'
[0.390s] Level 1:colcon.colcon_core.package_identification:_identify(src/diffdrive) by extensions ['ignore', 'ignore_ament_install']
[0.390s] Level 1:colcon.colcon_core.package_identification:_identify(src/diffdrive) by extension 'ignore'
[0.390s] Level 1:colcon.colcon_core.package_identification:_identify(src/diffdrive) by extension 'ignore_ament_install'
[0.390s] Level 1:colcon.colcon_core.package_identification:_identify(src/diffdrive) by extensions ['colcon_pkg']
[0.390s] Level 1:colcon.colcon_core.package_identification:_identify(src/diffdrive) by extension 'colcon_pkg'
[0.390s] Level 1:colcon.colcon_core.package_identification:_identify(src/diffdrive) by extensions ['colcon_meta']
[0.390s] Level 1:colcon.colcon_core.package_identification:_identify(src/diffdrive) by extension 'colcon_meta'
[0.390s] Level 1:colcon.colcon_core.package_identification:_identify(src/diffdrive) by extensions ['ros']
[0.390s] Level 1:colcon.colcon_core.package_identification:_identify(src/diffdrive) by extension 'ros'
[0.391s] DEBUG:colcon.colcon_core.package_identification:Package 'src/diffdrive' with type 'ros.ament_python' and name 'diffdrive'
[0.391s] Level 1:colcon.colcon_core.package_identification:_identify(src/diffdrivec) by extensions ['ignore', 'ignore_ament_install']
[0.391s] Level 1:colcon.colcon_core.package_identification:_identify(src/diffdrivec) by extension 'ignore'
[0.391s] Level 1:colcon.colcon_core.package_identification:_identify(src/diffdrivec) by extension 'ignore_ament_install'
[0.391s] Level 1:colcon.colcon_core.package_identification:_identify(src/diffdrivec) by extensions ['colcon_pkg']
[0.391s] Level 1:colcon.colcon_core.package_identification:_identify(src/diffdrivec) by extension 'colcon_pkg'
[0.392s] Level 1:colcon.colcon_core.package_identification:_identify(src/diffdrivec) by extensions ['colcon_meta']
[0.392s] Level 1:colcon.colcon_core.package_identification:_identify(src/diffdrivec) by extension 'colcon_meta'
[0.392s] Level 1:colcon.colcon_core.package_identification:_identify(src/diffdrivec) by extensions ['ros']
[0.392s] Level 1:colcon.colcon_core.package_identification:_identify(src/diffdrivec) by extension 'ros'
[0.392s] DEBUG:colcon.colcon_core.package_identification:Package 'src/diffdrivec' with type 'ros.ament_cmake' and name 'diffdrivec'
[0.392s] Level 1:colcon.colcon_core.package_identification:_identify(src/motordriver) by extensions ['ignore', 'ignore_ament_install']
[0.393s] Level 1:colcon.colcon_core.package_identification:_identify(src/motordriver) by extension 'ignore'
[0.393s] Level 1:colcon.colcon_core.package_identification:_identify(src/motordriver) by extension 'ignore_ament_install'
[0.393s] Level 1:colcon.colcon_core.package_identification:_identify(src/motordriver) by extensions ['colcon_pkg']
[0.393s] Level 1:colcon.colcon_core.package_identification:_identify(src/motordriver) by extension 'colcon_pkg'
[0.393s] Level 1:colcon.colcon_core.package_identification:_identify(src/motordriver) by extensions ['colcon_meta']
[0.393s] Level 1:colcon.colcon_core.package_identification:_identify(src/motordriver) by extension 'colcon_meta'
[0.393s] Level 1:colcon.colcon_core.package_identification:_identify(src/motordriver) by extensions ['ros']
[0.393s] Level 1:colcon.colcon_core.package_identification:_identify(src/motordriver) by extension 'ros'
[0.393s] DEBUG:colcon.colcon_core.package_identification:Package 'src/motordriver' with type 'ros.ament_python' and name 'motordriver'
[0.394s] Level 1:colcon.colcon_core.package_identification:_identify(src/motordriver_msgs) by extensions ['ignore', 'ignore_ament_install']
[0.394s] Level 1:colcon.colcon_core.package_identification:_identify(src/motordriver_msgs) by extension 'ignore'
[0.394s] Level 1:colcon.colcon_core.package_identification:_identify(src/motordriver_msgs) by extension 'ignore_ament_install'
[0.394s] Level 1:colcon.colcon_core.package_identification:_identify(src/motordriver_msgs) by extensions ['colcon_pkg']
[0.394s] Level 1:colcon.colcon_core.package_identification:_identify(src/motordriver_msgs) by extension 'colcon_pkg'
[0.394s] Level 1:colcon.colcon_core.package_identification:_identify(src/motordriver_msgs) by extensions ['colcon_meta']
[0.394s] Level 1:colcon.colcon_core.package_identification:_identify(src/motordriver_msgs) by extension 'colcon_meta'
[0.394s] Level 1:colcon.colcon_core.package_identification:_identify(src/motordriver_msgs) by extensions ['ros']
[0.394s] Level 1:colcon.colcon_core.package_identification:_identify(src/motordriver_msgs) by extension 'ros'
[0.395s] DEBUG:colcon.colcon_core.package_identification:Package 'src/motordriver_msgs' with type 'ros.ament_cmake' and name 'motordriver_msgs'
[0.395s] Level 1:colcon.colcon_core.package_discovery:discover_packages(recursive) using defaults
[0.395s] Level 1:colcon.colcon_core.package_discovery:discover_packages(ignore) discover
[0.395s] Level 1:colcon.colcon_core.package_discovery:discover_packages(ignore) using defaults
[0.395s] Level 1:colcon.colcon_core.package_discovery:discover_packages(path) discover
[0.395s] Level 1:colcon.colcon_core.package_discovery:discover_packages(path) using defaults
[0.425s] Level 1:colcon.colcon_core.package_discovery:discover_packages(prefix_path) check parameters
[0.425s] Level 1:colcon.colcon_core.package_discovery:discover_packages(prefix_path) discover
[0.429s] DEBUG:colcon.colcon_installed_package_information.package_discovery:Found 5 installed packages in /home/turtle/sebot/code/ros2_ws/install
[0.430s] DEBUG:colcon.colcon_installed_package_information.package_discovery:Found 9 installed packages in /home/turtle/ros2_ws/install
[0.432s] DEBUG:colcon.colcon_installed_package_information.package_discovery:Found 1 installed packages in /home/turtle/install
[0.436s] DEBUG:colcon.colcon_installed_package_information.package_discovery:Found 407 installed packages in /opt/ros/humble
[0.438s] Level 1:colcon.colcon_core.package_discovery:discover_packages(prefix_path) using defaults
[0.501s] Level 5:colcon.colcon_core.verb:set package 'battery' build argument 'cmake_args' from command line to 'None'
[0.501s] Level 5:colcon.colcon_core.verb:set package 'battery' build argument 'cmake_target' from command line to 'None'
[0.501s] Level 5:colcon.colcon_core.verb:set package 'battery' build argument 'cmake_target_skip_unavailable' from command line to 'False'
[0.501s] Level 5:colcon.colcon_core.verb:set package 'battery' build argument 'cmake_clean_cache' from command line to 'False'
[0.501s] Level 5:colcon.colcon_core.verb:set package 'battery' build argument 'cmake_clean_first' from command line to 'False'
[0.501s] Level 5:colcon.colcon_core.verb:set package 'battery' build argument 'cmake_force_configure' from command line to 'False'
[0.501s] Level 5:colcon.colcon_core.verb:set package 'battery' build argument 'ament_cmake_args' from command line to 'None'
[0.501s] Level 5:colcon.colcon_core.verb:set package 'battery' build argument 'catkin_cmake_args' from command line to 'None'
[0.501s] Level 5:colcon.colcon_core.verb:set package 'battery' build argument 'catkin_skip_building_tests' from command line to 'False'
[0.502s] DEBUG:colcon.colcon_core.verb:Building package 'battery' with the following arguments: {'ament_cmake_args': None, 'build_base': '/home/turtle/sebot/code/ros2_ws/build/battery', 'catkin_cmake_args': None, 'catkin_skip_building_tests': False, 'cmake_args': None, 'cmake_clean_cache': False, 'cmake_clean_first': False, 'cmake_force_configure': False, 'cmake_target': None, 'cmake_target_skip_unavailable': False, 'install_base': '/home/turtle/sebot/code/ros2_ws/install/battery', 'merge_install': False, 'path': '/home/turtle/sebot/code/ros2_ws/src/battery', 'symlink_install': False, 'test_result_base': None}
[0.502s] Level 5:colcon.colcon_core.verb:set package 'diffdrive' build argument 'cmake_args' from command line to 'None'
[0.502s] Level 5:colcon.colcon_core.verb:set package 'diffdrive' build argument 'cmake_target' from command line to 'None'
[0.502s] Level 5:colcon.colcon_core.verb:set package 'diffdrive' build argument 'cmake_target_skip_unavailable' from command line to 'False'
[0.502s] Level 5:colcon.colcon_core.verb:set package 'diffdrive' build argument 'cmake_clean_cache' from command line to 'False'
[0.502s] Level 5:colcon.colcon_core.verb:set package 'diffdrive' build argument 'cmake_clean_first' from command line to 'False'
[0.502s] Level 5:colcon.colcon_core.verb:set package 'diffdrive' build argument 'cmake_force_configure' from command line to 'False'
[0.502s] Level 5:colcon.colcon_core.verb:set package 'diffdrive' build argument 'ament_cmake_args' from command line to 'None'
[0.502s] Level 5:colcon.colcon_core.verb:set package 'diffdrive' build argument 'catkin_cmake_args' from command line to 'None'
[0.502s] Level 5:colcon.colcon_core.verb:set package 'diffdrive' build argument 'catkin_skip_building_tests' from command line to 'False'
[0.502s] DEBUG:colcon.colcon_core.verb:Building package 'diffdrive' with the following arguments: {'ament_cmake_args': None, 'build_base': '/home/turtle/sebot/code/ros2_ws/build/diffdrive', 'catkin_cmake_args': None, 'catkin_skip_building_tests': False, 'cmake_args': None, 'cmake_clean_cache': False, 'cmake_clean_first': False, 'cmake_force_configure': False, 'cmake_target': None, 'cmake_target_skip_unavailable': False, 'install_base': '/home/turtle/sebot/code/ros2_ws/install/diffdrive', 'merge_install': False, 'path': '/home/turtle/sebot/code/ros2_ws/src/diffdrive', 'symlink_install': False, 'test_result_base': None}
[0.503s] Level 5:colcon.colcon_core.verb:set package 'motordriver' build argument 'cmake_args' from command line to 'None'
[0.503s] Level 5:colcon.colcon_core.verb:set package 'motordriver' build argument 'cmake_target' from command line to 'None'
[0.503s] Level 5:colcon.colcon_core.verb:set package 'motordriver' build argument 'cmake_target_skip_unavailable' from command line to 'False'
[0.503s] Level 5:colcon.colcon_core.verb:set package 'motordriver' build argument 'cmake_clean_cache' from command line to 'False'
[0.503s] Level 5:colcon.colcon_core.verb:set package 'motordriver' build argument 'cmake_clean_first' from command line to 'False'
[0.503s] Level 5:colcon.colcon_core.verb:set package 'motordriver' build argument 'cmake_force_configure' from command line to 'False'
[0.503s] Level 5:colcon.colcon_core.verb:set package 'motordriver' build argument 'ament_cmake_args' from command line to 'None'
[0.503s] Level 5:colcon.colcon_core.verb:set package 'motordriver' build argument 'catkin_cmake_args' from command line to 'None'
[0.503s] Level 5:colcon.colcon_core.verb:set package 'motordriver' build argument 'catkin_skip_building_tests' from command line to 'False'
[0.503s] DEBUG:colcon.colcon_core.verb:Building package 'motordriver' with the following arguments: {'ament_cmake_args': None, 'build_base': '/home/turtle/sebot/code/ros2_ws/build/motordriver', 'catkin_cmake_args': None, 'catkin_skip_building_tests': False, 'cmake_args': None, 'cmake_clean_cache': False, 'cmake_clean_first': False, 'cmake_force_configure': False, 'cmake_target': None, 'cmake_target_skip_unavailable': False, 'install_base': '/home/turtle/sebot/code/ros2_ws/install/motordriver', 'merge_install': False, 'path': '/home/turtle/sebot/code/ros2_ws/src/motordriver', 'symlink_install': False, 'test_result_base': None}
[0.503s] Level 5:colcon.colcon_core.verb:set package 'motordriver_msgs' build argument 'cmake_args' from command line to 'None'
[0.503s] Level 5:colcon.colcon_core.verb:set package 'motordriver_msgs' build argument 'cmake_target' from command line to 'None'
[0.503s] Level 5:colcon.colcon_core.verb:set package 'motordriver_msgs' build argument 'cmake_target_skip_unavailable' from command line to 'False'
[0.503s] Level 5:colcon.colcon_core.verb:set package 'motordriver_msgs' build argument 'cmake_clean_cache' from command line to 'False'
[0.503s] Level 5:colcon.colcon_core.verb:set package 'motordriver_msgs' build argument 'cmake_clean_first' from command line to 'False'
[0.503s] Level 5:colcon.colcon_core.verb:set package 'motordriver_msgs' build argument 'cmake_force_configure' from command line to 'False'
[0.503s] Level 5:colcon.colcon_core.verb:set package 'motordriver_msgs' build argument 'ament_cmake_args' from command line to 'None'
[0.503s] Level 5:colcon.colcon_core.verb:set package 'motordriver_msgs' build argument 'catkin_cmake_args' from command line to 'None'
[0.504s] Level 5:colcon.colcon_core.verb:set package 'motordriver_msgs' build argument 'catkin_skip_building_tests' from command line to 'False'
[0.504s] DEBUG:colcon.colcon_core.verb:Building package 'motordriver_msgs' with the following arguments: {'ament_cmake_args': None, 'build_base': '/home/turtle/sebot/code/ros2_ws/build/motordriver_msgs', 'catkin_cmake_args': None, 'catkin_skip_building_tests': False, 'cmake_args': None, 'cmake_clean_cache': False, 'cmake_clean_first': False, 'cmake_force_configure': False, 'cmake_target': None, 'cmake_target_skip_unavailable': False, 'install_base': '/home/turtle/sebot/code/ros2_ws/install/motordriver_msgs', 'merge_install': False, 'path': '/home/turtle/sebot/code/ros2_ws/src/motordriver_msgs', 'symlink_install': False, 'test_result_base': None}
[0.504s] Level 5:colcon.colcon_core.verb:set package 'diffdrivec' build argument 'cmake_args' from command line to 'None'
[0.504s] Level 5:colcon.colcon_core.verb:set package 'diffdrivec' build argument 'cmake_target' from command line to 'None'
[0.504s] Level 5:colcon.colcon_core.verb:set package 'diffdrivec' build argument 'cmake_target_skip_unavailable' from command line to 'False'
[0.504s] Level 5:colcon.colcon_core.verb:set package 'diffdrivec' build argument 'cmake_clean_cache' from command line to 'False'
[0.504s] Level 5:colcon.colcon_core.verb:set package 'diffdrivec' build argument 'cmake_clean_first' from command line to 'False'
[0.504s] Level 5:colcon.colcon_core.verb:set package 'diffdrivec' build argument 'cmake_force_configure' from command line to 'False'
[0.504s] Level 5:colcon.colcon_core.verb:set package 'diffdrivec' build argument 'ament_cmake_args' from command line to 'None'
[0.504s] Level 5:colcon.colcon_core.verb:set package 'diffdrivec' build argument 'catkin_cmake_args' from command line to 'None'
[0.504s] Level 5:colcon.colcon_core.verb:set package 'diffdrivec' build argument 'catkin_skip_building_tests' from command line to 'False'
[0.504s] DEBUG:colcon.colcon_core.verb:Building package 'diffdrivec' with the following arguments: {'ament_cmake_args': None, 'build_base': '/home/turtle/sebot/code/ros2_ws/build/diffdrivec', 'catkin_cmake_args': None, 'catkin_skip_building_tests': False, 'cmake_args': None, 'cmake_clean_cache': False, 'cmake_clean_first': False, 'cmake_force_configure': False, 'cmake_target': None, 'cmake_target_skip_unavailable': False, 'install_base': '/home/turtle/sebot/code/ros2_ws/install/diffdrivec', 'merge_install': False, 'path': '/home/turtle/sebot/code/ros2_ws/src/diffdrivec', 'symlink_install': False, 'test_result_base': None}
[0.504s] INFO:colcon.colcon_core.executor:Executing jobs using 'parallel' executor
[0.506s] DEBUG:colcon.colcon_parallel_executor.executor.parallel:run_until_complete
[0.506s] INFO:colcon.colcon_ros.task.ament_cmake.build:Building ROS package in '/home/turtle/sebot/code/ros2_ws/src/motordriver_msgs' with build type 'ament_cmake'
[0.506s] INFO:colcon.colcon_cmake.task.cmake.build:Building CMake package in '/home/turtle/sebot/code/ros2_ws/src/motordriver_msgs'
[0.510s] INFO:colcon.colcon_core.plugin_system:Skipping extension 'colcon_core.shell.bat': Not used on non-Windows systems
[0.510s] INFO:colcon.colcon_core.shell:Skip shell extension 'powershell' for command environment: Not usable outside of PowerShell
[0.510s] DEBUG:colcon.colcon_core.shell:Skip shell extension 'dsv' for command environment
[0.522s] INFO:colcon.colcon_ros.task.ament_python.build:Building ROS package in '/home/turtle/sebot/code/ros2_ws/src/battery' with build type 'ament_python'
[0.522s] Level 1:colcon.colcon_core.shell:create_environment_hook('battery', 'ament_prefix_path')
[0.523s] INFO:colcon.colcon_core.shell:Creating environment hook '/home/turtle/sebot/code/ros2_ws/install/battery/share/battery/hook/ament_prefix_path.ps1'
[0.523s] INFO:colcon.colcon_core.shell:Creating environment descriptor '/home/turtle/sebot/code/ros2_ws/install/battery/share/battery/hook/ament_prefix_path.dsv'
[0.524s] INFO:colcon.colcon_core.shell:Creating environment hook '/home/turtle/sebot/code/ros2_ws/install/battery/share/battery/hook/ament_prefix_path.sh'
[0.525s] INFO:colcon.colcon_core.shell:Skip shell extension 'powershell' for command environment: Not usable outside of PowerShell
[0.525s] DEBUG:colcon.colcon_core.shell:Skip shell extension 'dsv' for command environment
[0.536s] INFO:colcon.colcon_ros.task.ament_python.build:Building ROS package in '/home/turtle/sebot/code/ros2_ws/src/diffdrive' with build type 'ament_python'
[0.536s] Level 1:colcon.colcon_core.shell:create_environment_hook('diffdrive', 'ament_prefix_path')
[0.536s] INFO:colcon.colcon_core.shell:Creating environment hook '/home/turtle/sebot/code/ros2_ws/install/diffdrive/share/diffdrive/hook/ament_prefix_path.ps1'
[0.537s] INFO:colcon.colcon_core.shell:Creating environment descriptor '/home/turtle/sebot/code/ros2_ws/install/diffdrive/share/diffdrive/hook/ament_prefix_path.dsv'
[0.538s] INFO:colcon.colcon_core.shell:Creating environment hook '/home/turtle/sebot/code/ros2_ws/install/diffdrive/share/diffdrive/hook/ament_prefix_path.sh'
[0.539s] INFO:colcon.colcon_core.shell:Skip shell extension 'powershell' for command environment: Not usable outside of PowerShell
[0.539s] DEBUG:colcon.colcon_core.shell:Skip shell extension 'dsv' for command environment
[0.550s] INFO:colcon.colcon_ros.task.ament_python.build:Building ROS package in '/home/turtle/sebot/code/ros2_ws/src/motordriver' with build type 'ament_python'
[0.551s] Level 1:colcon.colcon_core.shell:create_environment_hook('motordriver', 'ament_prefix_path')
[0.551s] INFO:colcon.colcon_core.shell:Creating environment hook '/home/turtle/sebot/code/ros2_ws/install/motordriver/share/motordriver/hook/ament_prefix_path.ps1'
[0.552s] INFO:colcon.colcon_core.shell:Creating environment descriptor '/home/turtle/sebot/code/ros2_ws/install/motordriver/share/motordriver/hook/ament_prefix_path.dsv'
[0.552s] INFO:colcon.colcon_core.shell:Creating environment hook '/home/turtle/sebot/code/ros2_ws/install/motordriver/share/motordriver/hook/ament_prefix_path.sh'
[0.553s] INFO:colcon.colcon_core.shell:Skip shell extension 'powershell' for command environment: Not usable outside of PowerShell
[0.553s] DEBUG:colcon.colcon_core.shell:Skip shell extension 'dsv' for command environment
[0.571s] DEBUG:colcon.colcon_core.event_handler.log_command:Invoking command in '/home/turtle/sebot/code/ros2_ws/build/motordriver_msgs': CMAKE_PREFIX_PATH=${CMAKE_PREFIX_PATH}:/home/turtle/sebot/code/ros2_ws/install/motordriver:/home/turtle/sebot/code/ros2_ws/install/diffdrive:/home/turtle/sebot/code/ros2_ws/install/battery:/home/turtle/ros2_ws/install/my_py_pkg:/home/turtle/ros2_ws/install/my2_py_pkg:/home/turtle/ros2_ws/install/motordriver:/home/turtle/ros2_ws/install/diffdrive:/home/turtle/ros2_ws/install/closed_controller_py:/home/turtle/install/diffdrive:/opt/ros/humble /usr/bin/cmake --build /home/turtle/sebot/code/ros2_ws/build/motordriver_msgs -- -j16 -l16
[0.987s] INFO:colcon.colcon_core.task.python.build:Building Python package in '/home/turtle/sebot/code/ros2_ws/src/battery'
[0.988s] INFO:colcon.colcon_core.shell:Skip shell extension 'powershell' for command environment: Not usable outside of PowerShell
[0.988s] DEBUG:colcon.colcon_core.shell:Skip shell extension 'dsv' for command environment
[1.385s] INFO:colcon.colcon_core.task.python.build:Building Python package in '/home/turtle/sebot/code/ros2_ws/src/diffdrive'
[1.386s] INFO:colcon.colcon_core.shell:Skip shell extension 'powershell' for command environment: Not usable outside of PowerShell
[1.386s] DEBUG:colcon.colcon_core.shell:Skip shell extension 'dsv' for command environment
[1.773s] INFO:colcon.colcon_core.task.python.build:Building Python package in '/home/turtle/sebot/code/ros2_ws/src/motordriver'
[1.774s] INFO:colcon.colcon_core.shell:Skip shell extension 'powershell' for command environment: Not usable outside of PowerShell
[1.774s] DEBUG:colcon.colcon_core.shell:Skip shell extension 'dsv' for command environment
[1.791s] DEBUG:colcon.colcon_core.event_handler.log_command:Invoked command in '/home/turtle/sebot/code/ros2_ws/build/motordriver_msgs' returned '0': CMAKE_PREFIX_PATH=${CMAKE_PREFIX_PATH}:/home/turtle/sebot/code/ros2_ws/install/motordriver:/home/turtle/sebot/code/ros2_ws/install/diffdrive:/home/turtle/sebot/code/ros2_ws/install/battery:/home/turtle/ros2_ws/install/my_py_pkg:/home/turtle/ros2_ws/install/my2_py_pkg:/home/turtle/ros2_ws/install/motordriver:/home/turtle/ros2_ws/install/diffdrive:/home/turtle/ros2_ws/install/closed_controller_py:/home/turtle/install/diffdrive:/opt/ros/humble /usr/bin/cmake --build /home/turtle/sebot/code/ros2_ws/build/motordriver_msgs -- -j16 -l16
[1.810s] DEBUG:colcon.colcon_core.event_handler.log_command:Invoking command in '/home/turtle/sebot/code/ros2_ws/build/motordriver_msgs': CMAKE_PREFIX_PATH=${CMAKE_PREFIX_PATH}:/home/turtle/sebot/code/ros2_ws/install/motordriver:/home/turtle/sebot/code/ros2_ws/install/diffdrive:/home/turtle/sebot/code/ros2_ws/install/battery:/home/turtle/ros2_ws/install/my_py_pkg:/home/turtle/ros2_ws/install/my2_py_pkg:/home/turtle/ros2_ws/install/motordriver:/home/turtle/ros2_ws/install/diffdrive:/home/turtle/ros2_ws/install/closed_controller_py:/home/turtle/install/diffdrive:/opt/ros/humble /usr/bin/cmake --install /home/turtle/sebot/code/ros2_ws/build/motordriver_msgs
[1.925s] Level 1:colcon.colcon_core.environment:create_environment_scripts_only(motordriver_msgs)
[1.927s] DEBUG:colcon.colcon_core.event_handler.log_command:Invoked command in '/home/turtle/sebot/code/ros2_ws/build/motordriver_msgs' returned '0': CMAKE_PREFIX_PATH=${CMAKE_PREFIX_PATH}:/home/turtle/sebot/code/ros2_ws/install/motordriver:/home/turtle/sebot/code/ros2_ws/install/diffdrive:/home/turtle/sebot/code/ros2_ws/install/battery:/home/turtle/ros2_ws/install/my_py_pkg:/home/turtle/ros2_ws/install/my2_py_pkg:/home/turtle/ros2_ws/install/motordriver:/home/turtle/ros2_ws/install/diffdrive:/home/turtle/ros2_ws/install/closed_controller_py:/home/turtle/install/diffdrive:/opt/ros/humble /usr/bin/cmake --install /home/turtle/sebot/code/ros2_ws/build/motordriver_msgs
[1.930s] Level 1:colcon.colcon_core.environment:checking '/home/turtle/sebot/code/ros2_ws/install/motordriver_msgs' for CMake module files
[1.931s] Level 1:colcon.colcon_core.environment:checking '/home/turtle/sebot/code/ros2_ws/install/motordriver_msgs' for CMake config files
[1.932s] Level 1:colcon.colcon_core.shell:create_environment_hook('motordriver_msgs', 'cmake_prefix_path')
[1.933s] INFO:colcon.colcon_core.shell:Creating environment hook '/home/turtle/sebot/code/ros2_ws/install/motordriver_msgs/share/motordriver_msgs/hook/cmake_prefix_path.ps1'
[1.933s] INFO:colcon.colcon_core.shell:Creating environment descriptor '/home/turtle/sebot/code/ros2_ws/install/motordriver_msgs/share/motordriver_msgs/hook/cmake_prefix_path.dsv'
[1.934s] INFO:colcon.colcon_core.shell:Creating environment hook '/home/turtle/sebot/code/ros2_ws/install/motordriver_msgs/share/motordriver_msgs/hook/cmake_prefix_path.sh'
[1.935s] Level 1:colcon.colcon_core.environment:checking '/home/turtle/sebot/code/ros2_ws/install/motordriver_msgs/lib'
[1.935s] Level 1:colcon.colcon_core.shell:create_environment_hook('motordriver_msgs', 'ld_library_path_lib')
[1.935s] INFO:colcon.colcon_core.shell:Creating environment hook '/home/turtle/sebot/code/ros2_ws/install/motordriver_msgs/share/motordriver_msgs/hook/ld_library_path_lib.ps1'
[1.936s] INFO:colcon.colcon_core.shell:Creating environment descriptor '/home/turtle/sebot/code/ros2_ws/install/motordriver_msgs/share/motordriver_msgs/hook/ld_library_path_lib.dsv'
[1.937s] INFO:colcon.colcon_core.shell:Creating environment hook '/home/turtle/sebot/code/ros2_ws/install/motordriver_msgs/share/motordriver_msgs/hook/ld_library_path_lib.sh'
[1.938s] Level 1:colcon.colcon_core.environment:checking '/home/turtle/sebot/code/ros2_ws/install/motordriver_msgs/bin'
[1.938s] Level 1:colcon.colcon_core.environment:checking '/home/turtle/sebot/code/ros2_ws/install/motordriver_msgs/lib/pkgconfig/motordriver_msgs.pc'
[1.938s] Level 1:colcon.colcon_core.environment:checking '/home/turtle/sebot/code/ros2_ws/install/motordriver_msgs/lib/python3.10/site-packages'
[1.938s] Level 1:colcon.colcon_core.environment:checking '/home/turtle/sebot/code/ros2_ws/install/motordriver_msgs/bin'
[1.938s] INFO:colcon.colcon_core.shell:Creating package script '/home/turtle/sebot/code/ros2_ws/install/motordriver_msgs/share/motordriver_msgs/package.ps1'
[1.939s] INFO:colcon.colcon_core.shell:Creating package descriptor '/home/turtle/sebot/code/ros2_ws/install/motordriver_msgs/share/motordriver_msgs/package.dsv'
[1.940s] INFO:colcon.colcon_core.shell:Creating package script '/home/turtle/sebot/code/ros2_ws/install/motordriver_msgs/share/motordriver_msgs/package.sh'
[1.941s] INFO:colcon.colcon_core.shell:Creating package script '/home/turtle/sebot/code/ros2_ws/install/motordriver_msgs/share/motordriver_msgs/package.bash'
[1.941s] INFO:colcon.colcon_core.shell:Creating package script '/home/turtle/sebot/code/ros2_ws/install/motordriver_msgs/share/motordriver_msgs/package.zsh'
[1.942s] Level 1:colcon.colcon_core.environment:create_file_with_runtime_dependencies(/home/turtle/sebot/code/ros2_ws/install/motordriver_msgs/share/colcon-core/packages/motordriver_msgs)
[1.943s] Level 1:colcon.colcon_core.environment:create_environment_scripts_only(motordriver_msgs)
[1.943s] Level 1:colcon.colcon_core.environment:checking '/home/turtle/sebot/code/ros2_ws/install/motordriver_msgs' for CMake module files
[1.944s] Level 1:colcon.colcon_core.environment:checking '/home/turtle/sebot/code/ros2_ws/install/motordriver_msgs' for CMake config files
[1.946s] Level 1:colcon.colcon_core.shell:create_environment_hook('motordriver_msgs', 'cmake_prefix_path')
[1.946s] INFO:colcon.colcon_core.shell:Creating environment hook '/home/turtle/sebot/code/ros2_ws/install/motordriver_msgs/share/motordriver_msgs/hook/cmake_prefix_path.ps1'
[1.947s] INFO:colcon.colcon_core.shell:Creating environment descriptor '/home/turtle/sebot/code/ros2_ws/install/motordriver_msgs/share/motordriver_msgs/hook/cmake_prefix_path.dsv'
[1.947s] INFO:colcon.colcon_core.shell:Creating environment hook '/home/turtle/sebot/code/ros2_ws/install/motordriver_msgs/share/motordriver_msgs/hook/cmake_prefix_path.sh'
[1.948s] Level 1:colcon.colcon_core.environment:checking '/home/turtle/sebot/code/ros2_ws/install/motordriver_msgs/lib'
[1.948s] Level 1:colcon.colcon_core.shell:create_environment_hook('motordriver_msgs', 'ld_library_path_lib')
[1.949s] INFO:colcon.colcon_core.shell:Creating environment hook '/home/turtle/sebot/code/ros2_ws/install/motordriver_msgs/share/motordriver_msgs/hook/ld_library_path_lib.ps1'
[1.949s] INFO:colcon.colcon_core.shell:Creating environment descriptor '/home/turtle/sebot/code/ros2_ws/install/motordriver_msgs/share/motordriver_msgs/hook/ld_library_path_lib.dsv'
[1.950s] INFO:colcon.colcon_core.shell:Creating environment hook '/home/turtle/sebot/code/ros2_ws/install/motordriver_msgs/share/motordriver_msgs/hook/ld_library_path_lib.sh'
[1.950s] Level 1:colcon.colcon_core.environment:checking '/home/turtle/sebot/code/ros2_ws/install/motordriver_msgs/bin'
[1.951s] Level 1:colcon.colcon_core.environment:checking '/home/turtle/sebot/code/ros2_ws/install/motordriver_msgs/lib/pkgconfig/motordriver_msgs.pc'
[1.951s] Level 1:colcon.colcon_core.environment:checking '/home/turtle/sebot/code/ros2_ws/install/motordriver_msgs/lib/python3.10/site-packages'
[1.952s] Level 1:colcon.colcon_core.environment:checking '/home/turtle/sebot/code/ros2_ws/install/motordriver_msgs/bin'
[1.952s] INFO:colcon.colcon_core.shell:Creating package script '/home/turtle/sebot/code/ros2_ws/install/motordriver_msgs/share/motordriver_msgs/package.ps1'
[1.953s] INFO:colcon.colcon_core.shell:Creating package descriptor '/home/turtle/sebot/code/ros2_ws/install/motordriver_msgs/share/motordriver_msgs/package.dsv'
[1.954s] INFO:colcon.colcon_core.shell:Creating package script '/home/turtle/sebot/code/ros2_ws/install/motordriver_msgs/share/motordriver_msgs/package.sh'
[1.954s] INFO:colcon.colcon_core.shell:Creating package script '/home/turtle/sebot/code/ros2_ws/install/motordriver_msgs/share/motordriver_msgs/package.bash'
[1.955s] INFO:colcon.colcon_core.shell:Creating package script '/home/turtle/sebot/code/ros2_ws/install/motordriver_msgs/share/motordriver_msgs/package.zsh'
[1.955s] Level 1:colcon.colcon_core.environment:create_file_with_runtime_dependencies(/home/turtle/sebot/code/ros2_ws/install/motordriver_msgs/share/colcon-core/packages/motordriver_msgs)
[1.957s] INFO:colcon.colcon_ros.task.ament_cmake.build:Building ROS package in '/home/turtle/sebot/code/ros2_ws/src/diffdrivec' with build type 'ament_cmake'
[1.957s] INFO:colcon.colcon_cmake.task.cmake.build:Building CMake package in '/home/turtle/sebot/code/ros2_ws/src/diffdrivec'
[1.957s] INFO:colcon.colcon_core.shell:Skip shell extension 'powershell' for command environment: Not usable outside of PowerShell
[1.957s] DEBUG:colcon.colcon_core.shell:Skip shell extension 'dsv' for command environment
[1.990s] DEBUG:colcon.colcon_core.event_handler.log_command:Invoking command in '/home/turtle/sebot/code/ros2_ws/build/diffdrivec': CMAKE_PREFIX_PATH=/home/turtle/sebot/code/ros2_ws/install/motordriver_msgs:/home/turtle/sebot/code/ros2_ws/install/diffdrivec:/home/turtle/ros2_ws/install/my_cpp_pkg:/home/turtle/ros2_ws/install/my_robot_interfaces:/home/turtle/ros2_ws/install/motordriver_msgs:/home/turtle/ros2_ws/install/closed_controller_cpp:/home/turtle/sebot/code/ros2_ws/install/motordriver:/home/turtle/sebot/code/ros2_ws/install/diffdrive:/home/turtle/sebot/code/ros2_ws/install/battery:/home/turtle/ros2_ws/install/my_py_pkg:/home/turtle/ros2_ws/install/my2_py_pkg:/home/turtle/ros2_ws/install/motordriver:/home/turtle/ros2_ws/install/diffdrive:/home/turtle/ros2_ws/install/closed_controller_py:/home/turtle/install/diffdrive:/opt/ros/humble /usr/bin/cmake --build /home/turtle/sebot/code/ros2_ws/build/diffdrivec -- -j16 -l16
[2.212s] DEBUG:colcon.colcon_core.event_handler.log_command:Invoked command in '/home/turtle/sebot/code/ros2_ws/build/diffdrivec' returned '0': CMAKE_PREFIX_PATH=/home/turtle/sebot/code/ros2_ws/install/motordriver_msgs:/home/turtle/sebot/code/ros2_ws/install/diffdrivec:/home/turtle/ros2_ws/install/my_cpp_pkg:/home/turtle/ros2_ws/install/my_robot_interfaces:/home/turtle/ros2_ws/install/motordriver_msgs:/home/turtle/ros2_ws/install/closed_controller_cpp:/home/turtle/sebot/code/ros2_ws/install/motordriver:/home/turtle/sebot/code/ros2_ws/install/diffdrive:/home/turtle/sebot/code/ros2_ws/install/battery:/home/turtle/ros2_ws/install/my_py_pkg:/home/turtle/ros2_ws/install/my2_py_pkg:/home/turtle/ros2_ws/install/motordriver:/home/turtle/ros2_ws/install/diffdrive:/home/turtle/ros2_ws/install/closed_controller_py:/home/turtle/install/diffdrive:/opt/ros/humble /usr/bin/cmake --build /home/turtle/sebot/code/ros2_ws/build/diffdrivec -- -j16 -l16
[2.216s] DEBUG:colcon.colcon_core.event_handler.log_command:Invoking command in '/home/turtle/sebot/code/ros2_ws/build/diffdrivec': CMAKE_PREFIX_PATH=/home/turtle/sebot/code/ros2_ws/install/motordriver_msgs:/home/turtle/sebot/code/ros2_ws/install/diffdrivec:/home/turtle/ros2_ws/install/my_cpp_pkg:/home/turtle/ros2_ws/install/my_robot_interfaces:/home/turtle/ros2_ws/install/motordriver_msgs:/home/turtle/ros2_ws/install/closed_controller_cpp:/home/turtle/sebot/code/ros2_ws/install/motordriver:/home/turtle/sebot/code/ros2_ws/install/diffdrive:/home/turtle/sebot/code/ros2_ws/install/battery:/home/turtle/ros2_ws/install/my_py_pkg:/home/turtle/ros2_ws/install/my2_py_pkg:/home/turtle/ros2_ws/install/motordriver:/home/turtle/ros2_ws/install/diffdrive:/home/turtle/ros2_ws/install/closed_controller_py:/home/turtle/install/diffdrive:/opt/ros/humble /usr/bin/cmake --install /home/turtle/sebot/code/ros2_ws/build/diffdrivec
[2.242s] Level 1:colcon.colcon_core.environment:create_environment_scripts_only(diffdrivec)
[2.242s] Level 1:colcon.colcon_core.environment:checking '/home/turtle/sebot/code/ros2_ws/install/diffdrivec' for CMake module files
[2.244s] DEBUG:colcon.colcon_core.event_handler.log_command:Invoked command in '/home/turtle/sebot/code/ros2_ws/build/diffdrivec' returned '0': CMAKE_PREFIX_PATH=/home/turtle/sebot/code/ros2_ws/install/motordriver_msgs:/home/turtle/sebot/code/ros2_ws/install/diffdrivec:/home/turtle/ros2_ws/install/my_cpp_pkg:/home/turtle/ros2_ws/install/my_robot_interfaces:/home/turtle/ros2_ws/install/motordriver_msgs:/home/turtle/ros2_ws/install/closed_controller_cpp:/home/turtle/sebot/code/ros2_ws/install/motordriver:/home/turtle/sebot/code/ros2_ws/install/diffdrive:/home/turtle/sebot/code/ros2_ws/install/battery:/home/turtle/ros2_ws/install/my_py_pkg:/home/turtle/ros2_ws/install/my2_py_pkg:/home/turtle/ros2_ws/install/motordriver:/home/turtle/ros2_ws/install/diffdrive:/home/turtle/ros2_ws/install/closed_controller_py:/home/turtle/install/diffdrive:/opt/ros/humble /usr/bin/cmake --install /home/turtle/sebot/code/ros2_ws/build/diffdrivec
[2.244s] Level 1:colcon.colcon_core.environment:checking '/home/turtle/sebot/code/ros2_ws/install/diffdrivec' for CMake config files
[2.245s] Level 1:colcon.colcon_core.shell:create_environment_hook('diffdrivec', 'cmake_prefix_path')
[2.245s] INFO:colcon.colcon_core.shell:Creating environment hook '/home/turtle/sebot/code/ros2_ws/install/diffdrivec/share/diffdrivec/hook/cmake_prefix_path.ps1'
[2.246s] INFO:colcon.colcon_core.shell:Creating environment descriptor '/home/turtle/sebot/code/ros2_ws/install/diffdrivec/share/diffdrivec/hook/cmake_prefix_path.dsv'
[2.247s] INFO:colcon.colcon_core.shell:Creating environment hook '/home/turtle/sebot/code/ros2_ws/install/diffdrivec/share/diffdrivec/hook/cmake_prefix_path.sh'
[2.248s] Level 1:colcon.colcon_core.environment:checking '/home/turtle/sebot/code/ros2_ws/install/diffdrivec/lib'
[2.248s] Level 1:colcon.colcon_core.environment:checking '/home/turtle/sebot/code/ros2_ws/install/diffdrivec/bin'
[2.248s] Level 1:colcon.colcon_core.environment:checking '/home/turtle/sebot/code/ros2_ws/install/diffdrivec/lib/pkgconfig/diffdrivec.pc'
[2.248s] Level 1:colcon.colcon_core.environment:checking '/home/turtle/sebot/code/ros2_ws/install/diffdrivec/lib/python3.10/site-packages'
[2.248s] Level 1:colcon.colcon_core.environment:checking '/home/turtle/sebot/code/ros2_ws/install/diffdrivec/bin'
[2.249s] INFO:colcon.colcon_core.shell:Creating package script '/home/turtle/sebot/code/ros2_ws/install/diffdrivec/share/diffdrivec/package.ps1'
[2.249s] INFO:colcon.colcon_core.shell:Creating package descriptor '/home/turtle/sebot/code/ros2_ws/install/diffdrivec/share/diffdrivec/package.dsv'
[2.250s] INFO:colcon.colcon_core.shell:Creating package script '/home/turtle/sebot/code/ros2_ws/install/diffdrivec/share/diffdrivec/package.sh'
[2.251s] INFO:colcon.colcon_core.shell:Creating package script '/home/turtle/sebot/code/ros2_ws/install/diffdrivec/share/diffdrivec/package.bash'
[2.251s] INFO:colcon.colcon_core.shell:Creating package script '/home/turtle/sebot/code/ros2_ws/install/diffdrivec/share/diffdrivec/package.zsh'
[2.252s] Level 1:colcon.colcon_core.environment:create_file_with_runtime_dependencies(/home/turtle/sebot/code/ros2_ws/install/diffdrivec/share/colcon-core/packages/diffdrivec)
[2.253s] Level 1:colcon.colcon_core.environment:create_environment_scripts_only(diffdrivec)
[2.253s] Level 1:colcon.colcon_core.environment:checking '/home/turtle/sebot/code/ros2_ws/install/diffdrivec' for CMake module files
[2.254s] Level 1:colcon.colcon_core.environment:checking '/home/turtle/sebot/code/ros2_ws/install/diffdrivec' for CMake config files
[2.254s] Level 1:colcon.colcon_core.shell:create_environment_hook('diffdrivec', 'cmake_prefix_path')
[2.255s] INFO:colcon.colcon_core.shell:Creating environment hook '/home/turtle/sebot/code/ros2_ws/install/diffdrivec/share/diffdrivec/hook/cmake_prefix_path.ps1'
[2.255s] INFO:colcon.colcon_core.shell:Creating environment descriptor '/home/turtle/sebot/code/ros2_ws/install/diffdrivec/share/diffdrivec/hook/cmake_prefix_path.dsv'
[2.256s] INFO:colcon.colcon_core.shell:Creating environment hook '/home/turtle/sebot/code/ros2_ws/install/diffdrivec/share/diffdrivec/hook/cmake_prefix_path.sh'
[2.257s] Level 1:colcon.colcon_core.environment:checking '/home/turtle/sebot/code/ros2_ws/install/diffdrivec/lib'
[2.257s] Level 1:colcon.colcon_core.environment:checking '/home/turtle/sebot/code/ros2_ws/install/diffdrivec/bin'
[2.257s] Level 1:colcon.colcon_core.environment:checking '/home/turtle/sebot/code/ros2_ws/install/diffdrivec/lib/pkgconfig/diffdrivec.pc'
[2.257s] Level 1:colcon.colcon_core.environment:checking '/home/turtle/sebot/code/ros2_ws/install/diffdrivec/lib/python3.10/site-packages'
[2.257s] Level 1:colcon.colcon_core.environment:checking '/home/turtle/sebot/code/ros2_ws/install/diffdrivec/bin'
[2.257s] INFO:colcon.colcon_core.shell:Creating package script '/home/turtle/sebot/code/ros2_ws/install/diffdrivec/share/diffdrivec/package.ps1'
[2.258s] INFO:colcon.colcon_core.shell:Creating package descriptor '/home/turtle/sebot/code/ros2_ws/install/diffdrivec/share/diffdrivec/package.dsv'
[2.259s] INFO:colcon.colcon_core.shell:Creating package script '/home/turtle/sebot/code/ros2_ws/install/diffdrivec/share/diffdrivec/package.sh'
[2.259s] INFO:colcon.colcon_core.shell:Creating package script '/home/turtle/sebot/code/ros2_ws/install/diffdrivec/share/diffdrivec/package.bash'
[2.260s] INFO:colcon.colcon_core.shell:Creating package script '/home/turtle/sebot/code/ros2_ws/install/diffdrivec/share/diffdrivec/package.zsh'
[2.260s] Level 1:colcon.colcon_core.environment:create_file_with_runtime_dependencies(/home/turtle/sebot/code/ros2_ws/install/diffdrivec/share/colcon-core/packages/diffdrivec)
[2.329s] DEBUG:colcon.colcon_core.event_handler.log_command:Invoking command in '/home/turtle/sebot/code/ros2_ws/src/battery': PYTHONPATH=/home/turtle/sebot/code/ros2_ws/build/battery/prefix_override:/usr/lib/python3/dist-packages/colcon_core/task/python/colcon_distutils_commands:/home/turtle/sebot/code/ros2_ws/install/battery/lib/python3.10/site-packages:${PYTHONPATH} /usr/bin/python3 -W ignore:setup.py install is deprecated -W ignore:easy_install command is deprecated setup.py egg_info --egg-base ../../build/battery build --build-base /home/turtle/sebot/code/ros2_ws/build/battery/build install --record /home/turtle/sebot/code/ros2_ws/build/battery/install.log --single-version-externally-managed install_data
[2.355s] DEBUG:colcon.colcon_core.event_handler.log_command:Invoking command in '/home/turtle/sebot/code/ros2_ws/src/diffdrive': PYTHONPATH=/home/turtle/sebot/code/ros2_ws/build/diffdrive/prefix_override:/usr/lib/python3/dist-packages/colcon_core/task/python/colcon_distutils_commands:/home/turtle/sebot/code/ros2_ws/install/diffdrive/lib/python3.10/site-packages:${PYTHONPATH} /usr/bin/python3 -W ignore:setup.py install is deprecated -W ignore:easy_install command is deprecated setup.py egg_info --egg-base ../../build/diffdrive build --build-base /home/turtle/sebot/code/ros2_ws/build/diffdrive/build install --record /home/turtle/sebot/code/ros2_ws/build/diffdrive/install.log --single-version-externally-managed install_data
[2.384s] DEBUG:colcon.colcon_core.event_handler.log_command:Invoking command in '/home/turtle/sebot/code/ros2_ws/src/motordriver': PYTHONPATH=/home/turtle/sebot/code/ros2_ws/build/motordriver/prefix_override:/usr/lib/python3/dist-packages/colcon_core/task/python/colcon_distutils_commands:/home/turtle/sebot/code/ros2_ws/install/motordriver/lib/python3.10/site-packages:${PYTHONPATH} /usr/bin/python3 -W ignore:setup.py install is deprecated -W ignore:easy_install command is deprecated setup.py egg_info --egg-base ../../build/motordriver build --build-base /home/turtle/sebot/code/ros2_ws/build/motordriver/build install --record /home/turtle/sebot/code/ros2_ws/build/motordriver/install.log --single-version-externally-managed install_data
[2.770s] Level 1:colcon.colcon_core.environment:checking '/home/turtle/sebot/code/ros2_ws/install/battery' for CMake module files
[2.772s] DEBUG:colcon.colcon_core.event_handler.log_command:Invoked command in '/home/turtle/sebot/code/ros2_ws/src/battery' returned '0': PYTHONPATH=/home/turtle/sebot/code/ros2_ws/build/battery/prefix_override:/usr/lib/python3/dist-packages/colcon_core/task/python/colcon_distutils_commands:/home/turtle/sebot/code/ros2_ws/install/battery/lib/python3.10/site-packages:${PYTHONPATH} /usr/bin/python3 -W ignore:setup.py install is deprecated -W ignore:easy_install command is deprecated setup.py egg_info --egg-base ../../build/battery build --build-base /home/turtle/sebot/code/ros2_ws/build/battery/build install --record /home/turtle/sebot/code/ros2_ws/build/battery/install.log --single-version-externally-managed install_data
[2.774s] Level 1:colcon.colcon_core.environment:checking '/home/turtle/sebot/code/ros2_ws/install/battery' for CMake config files
[2.775s] Level 1:colcon.colcon_core.environment:checking '/home/turtle/sebot/code/ros2_ws/install/battery/lib'
[2.775s] Level 1:colcon.colcon_core.environment:checking '/home/turtle/sebot/code/ros2_ws/install/battery/bin'
[2.775s] Level 1:colcon.colcon_core.environment:checking '/home/turtle/sebot/code/ros2_ws/install/battery/lib/pkgconfig/battery.pc'
[2.776s] Level 1:colcon.colcon_core.environment:checking '/home/turtle/sebot/code/ros2_ws/install/battery/lib/python3.10/site-packages'
[2.776s] Level 1:colcon.colcon_core.shell:create_environment_hook('battery', 'pythonpath')
[2.776s] INFO:colcon.colcon_core.shell:Creating environment hook '/home/turtle/sebot/code/ros2_ws/install/battery/share/battery/hook/pythonpath.ps1'
[2.777s] INFO:colcon.colcon_core.shell:Creating environment descriptor '/home/turtle/sebot/code/ros2_ws/install/battery/share/battery/hook/pythonpath.dsv'
[2.778s] INFO:colcon.colcon_core.shell:Creating environment hook '/home/turtle/sebot/code/ros2_ws/install/battery/share/battery/hook/pythonpath.sh'
[2.778s] Level 1:colcon.colcon_core.environment:checking '/home/turtle/sebot/code/ros2_ws/install/battery/bin'
[2.778s] Level 1:colcon.colcon_core.environment:create_environment_scripts_only(battery)
[2.779s] INFO:colcon.colcon_core.shell:Creating package script '/home/turtle/sebot/code/ros2_ws/install/battery/share/battery/package.ps1'
[2.779s] INFO:colcon.colcon_core.shell:Creating package descriptor '/home/turtle/sebot/code/ros2_ws/install/battery/share/battery/package.dsv'
[2.780s] INFO:colcon.colcon_core.shell:Creating package script '/home/turtle/sebot/code/ros2_ws/install/battery/share/battery/package.sh'
[2.781s] INFO:colcon.colcon_core.shell:Creating package script '/home/turtle/sebot/code/ros2_ws/install/battery/share/battery/package.bash'
[2.781s] INFO:colcon.colcon_core.shell:Creating package script '/home/turtle/sebot/code/ros2_ws/install/battery/share/battery/package.zsh'
[2.782s] Level 1:colcon.colcon_core.environment:create_file_with_runtime_dependencies(/home/turtle/sebot/code/ros2_ws/install/battery/share/colcon-core/packages/battery)
[2.786s] Level 1:colcon.colcon_core.environment:checking '/home/turtle/sebot/code/ros2_ws/install/diffdrive' for CMake module files
[2.787s] DEBUG:colcon.colcon_core.event_handler.log_command:Invoked command in '/home/turtle/sebot/code/ros2_ws/src/diffdrive' returned '0': PYTHONPATH=/home/turtle/sebot/code/ros2_ws/build/diffdrive/prefix_override:/usr/lib/python3/dist-packages/colcon_core/task/python/colcon_distutils_commands:/home/turtle/sebot/code/ros2_ws/install/diffdrive/lib/python3.10/site-packages:${PYTHONPATH} /usr/bin/python3 -W ignore:setup.py install is deprecated -W ignore:easy_install command is deprecated setup.py egg_info --egg-base ../../build/diffdrive build --build-base /home/turtle/sebot/code/ros2_ws/build/diffdrive/build install --record /home/turtle/sebot/code/ros2_ws/build/diffdrive/install.log --single-version-externally-managed install_data
[2.788s] Level 1:colcon.colcon_core.environment:checking '/home/turtle/sebot/code/ros2_ws/install/diffdrive' for CMake config files
[2.789s] Level 1:colcon.colcon_core.environment:checking '/home/turtle/sebot/code/ros2_ws/install/diffdrive/lib'
[2.789s] Level 1:colcon.colcon_core.environment:checking '/home/turtle/sebot/code/ros2_ws/install/diffdrive/bin'
[2.789s] Level 1:colcon.colcon_core.environment:checking '/home/turtle/sebot/code/ros2_ws/install/diffdrive/lib/pkgconfig/diffdrive.pc'
[2.789s] Level 1:colcon.colcon_core.environment:checking '/home/turtle/sebot/code/ros2_ws/install/diffdrive/lib/python3.10/site-packages'
[2.790s] Level 1:colcon.colcon_core.shell:create_environment_hook('diffdrive', 'pythonpath')
[2.790s] INFO:colcon.colcon_core.shell:Creating environment hook '/home/turtle/sebot/code/ros2_ws/install/diffdrive/share/diffdrive/hook/pythonpath.ps1'
[2.790s] INFO:colcon.colcon_core.shell:Creating environment descriptor '/home/turtle/sebot/code/ros2_ws/install/diffdrive/share/diffdrive/hook/pythonpath.dsv'
[2.791s] INFO:colcon.colcon_core.shell:Creating environment hook '/home/turtle/sebot/code/ros2_ws/install/diffdrive/share/diffdrive/hook/pythonpath.sh'
[2.792s] Level 1:colcon.colcon_core.environment:checking '/home/turtle/sebot/code/ros2_ws/install/diffdrive/bin'
[2.792s] Level 1:colcon.colcon_core.environment:create_environment_scripts_only(diffdrive)
[2.792s] INFO:colcon.colcon_core.shell:Creating package script '/home/turtle/sebot/code/ros2_ws/install/diffdrive/share/diffdrive/package.ps1'
[2.793s] INFO:colcon.colcon_core.shell:Creating package descriptor '/home/turtle/sebot/code/ros2_ws/install/diffdrive/share/diffdrive/package.dsv'
[2.794s] INFO:colcon.colcon_core.shell:Creating package script '/home/turtle/sebot/code/ros2_ws/install/diffdrive/share/diffdrive/package.sh'
[2.794s] INFO:colcon.colcon_core.shell:Creating package script '/home/turtle/sebot/code/ros2_ws/install/diffdrive/share/diffdrive/package.bash'
[2.795s] INFO:colcon.colcon_core.shell:Creating package script '/home/turtle/sebot/code/ros2_ws/install/diffdrive/share/diffdrive/package.zsh'
[2.795s] Level 1:colcon.colcon_core.environment:create_file_with_runtime_dependencies(/home/turtle/sebot/code/ros2_ws/install/diffdrive/share/colcon-core/packages/diffdrive)
[2.819s] Level 1:colcon.colcon_core.environment:checking '/home/turtle/sebot/code/ros2_ws/install/motordriver' for CMake module files
[2.820s] DEBUG:colcon.colcon_core.event_handler.log_command:Invoked command in '/home/turtle/sebot/code/ros2_ws/src/motordriver' returned '0': PYTHONPATH=/home/turtle/sebot/code/ros2_ws/build/motordriver/prefix_override:/usr/lib/python3/dist-packages/colcon_core/task/python/colcon_distutils_commands:/home/turtle/sebot/code/ros2_ws/install/motordriver/lib/python3.10/site-packages:${PYTHONPATH} /usr/bin/python3 -W ignore:setup.py install is deprecated -W ignore:easy_install command is deprecated setup.py egg_info --egg-base ../../build/motordriver build --build-base /home/turtle/sebot/code/ros2_ws/build/motordriver/build install --record /home/turtle/sebot/code/ros2_ws/build/motordriver/install.log --single-version-externally-managed install_data
[2.820s] Level 1:colcon.colcon_core.environment:checking '/home/turtle/sebot/code/ros2_ws/install/motordriver' for CMake config files
[2.822s] Level 1:colcon.colcon_core.environment:checking '/home/turtle/sebot/code/ros2_ws/install/motordriver/lib'
[2.822s] Level 1:colcon.colcon_core.environment:checking '/home/turtle/sebot/code/ros2_ws/install/motordriver/bin'
[2.822s] Level 1:colcon.colcon_core.environment:checking '/home/turtle/sebot/code/ros2_ws/install/motordriver/lib/pkgconfig/motordriver.pc'
[2.822s] Level 1:colcon.colcon_core.environment:checking '/home/turtle/sebot/code/ros2_ws/install/motordriver/lib/python3.10/site-packages'
[2.822s] Level 1:colcon.colcon_core.shell:create_environment_hook('motordriver', 'pythonpath')
[2.822s] INFO:colcon.colcon_core.shell:Creating environment hook '/home/turtle/sebot/code/ros2_ws/install/motordriver/share/motordriver/hook/pythonpath.ps1'
[2.823s] INFO:colcon.colcon_core.shell:Creating environment descriptor '/home/turtle/sebot/code/ros2_ws/install/motordriver/share/motordriver/hook/pythonpath.dsv'
[2.824s] INFO:colcon.colcon_core.shell:Creating environment hook '/home/turtle/sebot/code/ros2_ws/install/motordriver/share/motordriver/hook/pythonpath.sh'
[2.825s] Level 1:colcon.colcon_core.environment:checking '/home/turtle/sebot/code/ros2_ws/install/motordriver/bin'
[2.825s] Level 1:colcon.colcon_core.environment:create_environment_scripts_only(motordriver)
[2.825s] INFO:colcon.colcon_core.shell:Creating package script '/home/turtle/sebot/code/ros2_ws/install/motordriver/share/motordriver/package.ps1'
[2.826s] INFO:colcon.colcon_core.shell:Creating package descriptor '/home/turtle/sebot/code/ros2_ws/install/motordriver/share/motordriver/package.dsv'
[2.826s] INFO:colcon.colcon_core.shell:Creating package script '/home/turtle/sebot/code/ros2_ws/install/motordriver/share/motordriver/package.sh'
[2.827s] INFO:colcon.colcon_core.shell:Creating package script '/home/turtle/sebot/code/ros2_ws/install/motordriver/share/motordriver/package.bash'
[2.827s] INFO:colcon.colcon_core.shell:Creating package script '/home/turtle/sebot/code/ros2_ws/install/motordriver/share/motordriver/package.zsh'
[2.828s] Level 1:colcon.colcon_core.environment:create_file_with_runtime_dependencies(/home/turtle/sebot/code/ros2_ws/install/motordriver/share/colcon-core/packages/motordriver)
[2.829s] DEBUG:colcon.colcon_parallel_executor.executor.parallel:closing loop
[2.829s] DEBUG:colcon.colcon_parallel_executor.executor.parallel:loop closed
[2.830s] DEBUG:colcon.colcon_parallel_executor.executor.parallel:run_until_complete finished with '0'
[2.830s] DEBUG:colcon.colcon_core.event_reactor:joining thread
[2.839s] INFO:colcon.colcon_core.plugin_system:Skipping extension 'colcon_notification.desktop_notification.terminal_notifier': Not used on non-Darwin systems
[2.839s] INFO:colcon.colcon_core.plugin_system:Skipping extension 'colcon_notification.desktop_notification.win32': Not used on non-Windows systems
[2.839s] INFO:colcon.colcon_notification.desktop_notification:Sending desktop notification using 'notify2'
[2.858s] DEBUG:colcon.colcon_core.event_reactor:joined thread
[2.858s] INFO:colcon.colcon_core.shell:Creating prefix script '/home/turtle/sebot/code/ros2_ws/install/local_setup.ps1'
[2.859s] INFO:colcon.colcon_core.shell:Creating prefix util module '/home/turtle/sebot/code/ros2_ws/install/_local_setup_util_ps1.py'
[2.861s] INFO:colcon.colcon_core.shell:Creating prefix chain script '/home/turtle/sebot/code/ros2_ws/install/setup.ps1'
[2.864s] INFO:colcon.colcon_core.shell:Creating prefix script '/home/turtle/sebot/code/ros2_ws/install/local_setup.sh'
[2.865s] INFO:colcon.colcon_core.shell:Creating prefix util module '/home/turtle/sebot/code/ros2_ws/install/_local_setup_util_sh.py'
[2.865s] INFO:colcon.colcon_core.shell:Creating prefix chain script '/home/turtle/sebot/code/ros2_ws/install/setup.sh'
[2.868s] INFO:colcon.colcon_core.shell:Creating prefix script '/home/turtle/sebot/code/ros2_ws/install/local_setup.bash'
[2.869s] INFO:colcon.colcon_core.shell:Creating prefix chain script '/home/turtle/sebot/code/ros2_ws/install/setup.bash'
[2.872s] INFO:colcon.colcon_core.shell:Creating prefix script '/home/turtle/sebot/code/ros2_ws/install/local_setup.zsh'
[2.873s] INFO:colcon.colcon_core.shell:Creating prefix chain script '/home/turtle/sebot/code/ros2_ws/install/setup.zsh'
