[1.809s] Invoking command in '/home/turtle/sebot/code/ros2_ws/build/diffdrive': PYTHONPATH=/home/turtle/sebot/code/ros2_ws/build/diffdrive/prefix_override:/usr/lib/python3/dist-packages/colcon_core/task/python/colcon_distutils_commands:/home/turtle/sebot/code/ros2_ws/install/diffdrive/lib/python3.10/site-packages:${PYTHONPATH} /usr/bin/python3 -W ignore:setup.py install is deprecated -W ignore:easy_install command is deprecated setup.py develop --uninstall --editable --build-directory /home/turtle/sebot/code/ros2_ws/build/diffdrive/build
[2.212s] running develop
[2.485s] Invoked command in '/home/turtle/sebot/code/ros2_ws/build/diffdrive' returned '0': PYTHONPATH=/home/turtle/sebot/code/ros2_ws/build/diffdrive/prefix_override:/usr/lib/python3/dist-packages/colcon_core/task/python/colcon_distutils_commands:/home/turtle/sebot/code/ros2_ws/install/diffdrive/lib/python3.10/site-packages:${PYTHONPATH} /usr/bin/python3 -W ignore:setup.py install is deprecated -W ignore:easy_install command is deprecated setup.py develop --uninstall --editable --build-directory /home/turtle/sebot/code/ros2_ws/build/diffdrive/build
[2.489s] Invoking command in '/home/turtle/sebot/code/ros2_ws/src/diffdrive': PYTHONPATH=/home/turtle/sebot/code/ros2_ws/build/diffdrive/prefix_override:/usr/lib/python3/dist-packages/colcon_core/task/python/colcon_distutils_commands:/home/turtle/sebot/code/ros2_ws/install/diffdrive/lib/python3.10/site-packages:${PYTHONPATH} /usr/bin/python3 -W ignore:setup.py install is deprecated -W ignore:easy_install command is deprecated setup.py egg_info --egg-base ../../build/diffdrive build --build-base /home/turtle/sebot/code/ros2_ws/build/diffdrive/build install --record /home/turtle/sebot/code/ros2_ws/build/diffdrive/install.log --single-version-externally-managed install_data --force
[2.859s] running egg_info
[2.860s] writing ../../build/diffdrive/diffdrive.egg-info/PKG-INFO
[2.860s] writing dependency_links to ../../build/diffdrive/diffdrive.egg-info/dependency_links.txt
[2.861s] writing entry points to ../../build/diffdrive/diffdrive.egg-info/entry_points.txt
[2.861s] writing requirements to ../../build/diffdrive/diffdrive.egg-info/requires.txt
[2.861s] writing top-level names to ../../build/diffdrive/diffdrive.egg-info/top_level.txt
[2.864s] reading manifest file '../../build/diffdrive/diffdrive.egg-info/SOURCES.txt'
[2.865s] writing manifest file '../../build/diffdrive/diffdrive.egg-info/SOURCES.txt'
[2.865s] running build
[2.865s] running build_py
[2.866s] copying diffdrive/odom_battery.py -> /home/turtle/sebot/code/ros2_ws/build/diffdrive/build/lib/diffdrive
[2.867s] running install
[2.868s] running install_lib
[2.868s] creating /home/turtle/sebot/code/ros2_ws/install/diffdrive/lib/python3.10/site-packages/diffdrive
[2.868s] copying /home/turtle/sebot/code/ros2_ws/build/diffdrive/build/lib/diffdrive/odom.py -> /home/turtle/sebot/code/ros2_ws/install/diffdrive/lib/python3.10/site-packages/diffdrive
[2.869s] copying /home/turtle/sebot/code/ros2_ws/build/diffdrive/build/lib/diffdrive/odom_battery.py -> /home/turtle/sebot/code/ros2_ws/install/diffdrive/lib/python3.10/site-packages/diffdrive
[2.871s] copying /home/turtle/sebot/code/ros2_ws/build/diffdrive/build/lib/diffdrive/cmd_vel.py -> /home/turtle/sebot/code/ros2_ws/install/diffdrive/lib/python3.10/site-packages/diffdrive
[2.871s] copying /home/turtle/sebot/code/ros2_ws/build/diffdrive/build/lib/diffdrive/encoder.py -> /home/turtle/sebot/code/ros2_ws/install/diffdrive/lib/python3.10/site-packages/diffdrive
[2.871s] copying /home/turtle/sebot/code/ros2_ws/build/diffdrive/build/lib/diffdrive/__init__.py -> /home/turtle/sebot/code/ros2_ws/install/diffdrive/lib/python3.10/site-packages/diffdrive
[2.871s] copying /home/turtle/sebot/code/ros2_ws/build/diffdrive/build/lib/diffdrive/testi.py -> /home/turtle/sebot/code/ros2_ws/install/diffdrive/lib/python3.10/site-packages/diffdrive
[2.871s] copying /home/turtle/sebot/code/ros2_ws/build/diffdrive/build/lib/diffdrive/pi_led.py -> /home/turtle/sebot/code/ros2_ws/install/diffdrive/lib/python3.10/site-packages/diffdrive
[2.871s] byte-compiling /home/turtle/sebot/code/ros2_ws/install/diffdrive/lib/python3.10/site-packages/diffdrive/odom.py to odom.cpython-310.pyc
[2.872s] byte-compiling /home/turtle/sebot/code/ros2_ws/install/diffdrive/lib/python3.10/site-packages/diffdrive/odom_battery.py to odom_battery.cpython-310.pyc
[2.873s] byte-compiling /home/turtle/sebot/code/ros2_ws/install/diffdrive/lib/python3.10/site-packages/diffdrive/cmd_vel.py to cmd_vel.cpython-310.pyc
[2.873s] byte-compiling /home/turtle/sebot/code/ros2_ws/install/diffdrive/lib/python3.10/site-packages/diffdrive/encoder.py to encoder.cpython-310.pyc
[2.874s] byte-compiling /home/turtle/sebot/code/ros2_ws/install/diffdrive/lib/python3.10/site-packages/diffdrive/__init__.py to __init__.cpython-310.pyc
[2.874s] byte-compiling /home/turtle/sebot/code/ros2_ws/install/diffdrive/lib/python3.10/site-packages/diffdrive/testi.py to testi.cpython-310.pyc
[2.874s] byte-compiling /home/turtle/sebot/code/ros2_ws/install/diffdrive/lib/python3.10/site-packages/diffdrive/pi_led.py to pi_led.cpython-310.pyc
[2.875s] running install_data
[2.875s] copying resource/diffdrive -> /home/turtle/sebot/code/ros2_ws/install/diffdrive/share/ament_index/resource_index/packages
[2.875s] copying package.xml -> /home/turtle/sebot/code/ros2_ws/install/diffdrive/share/diffdrive
[2.876s] copying launch/diffdrive_battery.launch.py -> /home/turtle/sebot/code/ros2_ws/install/diffdrive/share/diffdrive/launch
[2.877s] copying launch/diffdrive.launch.py -> /home/turtle/sebot/code/ros2_ws/install/diffdrive/share/diffdrive/launch
[2.877s] running install_egg_info
[2.879s] Copying ../../build/diffdrive/diffdrive.egg-info to /home/turtle/sebot/code/ros2_ws/install/diffdrive/lib/python3.10/site-packages/diffdrive-0.0.0-py3.10.egg-info
[2.881s] running install_scripts
[2.906s] Installing cmd_vel script to /home/turtle/sebot/code/ros2_ws/install/diffdrive/lib/diffdrive
[2.907s] Installing odom script to /home/turtle/sebot/code/ros2_ws/install/diffdrive/lib/diffdrive
[2.907s] Installing pi_led script to /home/turtle/sebot/code/ros2_ws/install/diffdrive/lib/diffdrive
[2.907s] writing list of installed files to '/home/turtle/sebot/code/ros2_ws/build/diffdrive/install.log'
[2.938s] Invoked command in '/home/turtle/sebot/code/ros2_ws/src/diffdrive' returned '0': PYTHONPATH=/home/turtle/sebot/code/ros2_ws/build/diffdrive/prefix_override:/usr/lib/python3/dist-packages/colcon_core/task/python/colcon_distutils_commands:/home/turtle/sebot/code/ros2_ws/install/diffdrive/lib/python3.10/site-packages:${PYTHONPATH} /usr/bin/python3 -W ignore:setup.py install is deprecated -W ignore:easy_install command is deprecated setup.py egg_info --egg-base ../../build/diffdrive build --build-base /home/turtle/sebot/code/ros2_ws/build/diffdrive/build install --record /home/turtle/sebot/code/ros2_ws/build/diffdrive/install.log --single-version-externally-managed install_data --force
