[0.063s] Invoking command in '/home/turtle/sebot/code/ros2_ws/build/motordriver_msgs': CMAKE_PREFIX_PATH=${CMAKE_PREFIX_PATH}:/home/turtle/sebot/code/ros2_ws/install/motordriver:/home/turtle/sebot/code/ros2_ws/install/diffdrive:/home/turtle/sebot/code/ros2_ws/install/battery:/home/turtle/ros2_ws/install/my_py_pkg:/home/turtle/ros2_ws/install/my2_py_pkg:/home/turtle/ros2_ws/install/motordriver:/home/turtle/ros2_ws/install/diffdrive:/home/turtle/ros2_ws/install/closed_controller_py:/home/turtle/install/diffdrive:/opt/ros/humble /usr/bin/cmake --build /home/turtle/sebot/code/ros2_ws/build/motordriver_msgs -- -j16 -l16
[0.867s] [  7%] Built target motordriver_msgs__cpp
[0.867s] [ 12%] Built target motordriver_msgs__rosidl_generator_c
[0.868s] [ 12%] Built target ament_cmake_python_copy_motordriver_msgs
[0.868s] [ 23%] Built target motordriver_msgs__rosidl_typesupport_introspection_c
[0.869s] [ 33%] Built target motordriver_msgs__rosidl_typesupport_fastrtps_c
[0.870s] [ 43%] Built target motordriver_msgs__rosidl_typesupport_fastrtps_cpp
[0.870s] [ 53%] Built target motordriver_msgs__rosidl_typesupport_cpp
[0.870s] [ 64%] Built target motordriver_msgs__rosidl_typesupport_c
[0.871s] [ 74%] Built target motordriver_msgs__rosidl_typesupport_introspection_cpp
[0.872s] [ 74%] Built target motordriver_msgs
[0.875s] [ 76%] Built target motordriver_msgs__py
[0.875s] [ 84%] Built target motordriver_msgs__rosidl_generator_py
[0.875s] [ 89%] Built target motordriver_msgs__rosidl_typesupport_fastrtps_c__pyext
[0.875s] [ 94%] Built target motordriver_msgs__rosidl_typesupport_introspection_c__pyext
[0.875s] [100%] Built target motordriver_msgs__rosidl_typesupport_c__pyext
[0.878s] running egg_info
[0.878s] writing motordriver_msgs.egg-info/PKG-INFO
[0.878s] writing dependency_links to motordriver_msgs.egg-info/dependency_links.txt
[0.879s] writing top-level names to motordriver_msgs.egg-info/top_level.txt
[0.879s] reading manifest file 'motordriver_msgs.egg-info/SOURCES.txt'
[0.879s] writing manifest file 'motordriver_msgs.egg-info/SOURCES.txt'
[0.880s] [100%] Built target ament_cmake_python_build_motordriver_msgs_egg
[1.258s] Invoked command in '/home/turtle/sebot/code/ros2_ws/build/motordriver_msgs' returned '0': CMAKE_PREFIX_PATH=${CMAKE_PREFIX_PATH}:/home/turtle/sebot/code/ros2_ws/install/motordriver:/home/turtle/sebot/code/ros2_ws/install/diffdrive:/home/turtle/sebot/code/ros2_ws/install/battery:/home/turtle/ros2_ws/install/my_py_pkg:/home/turtle/ros2_ws/install/my2_py_pkg:/home/turtle/ros2_ws/install/motordriver:/home/turtle/ros2_ws/install/diffdrive:/home/turtle/ros2_ws/install/closed_controller_py:/home/turtle/install/diffdrive:/opt/ros/humble /usr/bin/cmake --build /home/turtle/sebot/code/ros2_ws/build/motordriver_msgs -- -j16 -l16
[1.279s] Invoking command in '/home/turtle/sebot/code/ros2_ws/build/motordriver_msgs': CMAKE_PREFIX_PATH=${CMAKE_PREFIX_PATH}:/home/turtle/sebot/code/ros2_ws/install/motordriver:/home/turtle/sebot/code/ros2_ws/install/diffdrive:/home/turtle/sebot/code/ros2_ws/install/battery:/home/turtle/ros2_ws/install/my_py_pkg:/home/turtle/ros2_ws/install/my2_py_pkg:/home/turtle/ros2_ws/install/motordriver:/home/turtle/ros2_ws/install/diffdrive:/home/turtle/ros2_ws/install/closed_controller_py:/home/turtle/install/diffdrive:/opt/ros/humble /usr/bin/cmake --install /home/turtle/sebot/code/ros2_ws/build/motordriver_msgs
[1.296s] -- Install configuration: ""
[1.296s] -- Up-to-date: /home/turtle/sebot/code/ros2_ws/install/motordriver_msgs/share/ament_index/resource_index/rosidl_interfaces/motordriver_msgs
[1.297s] -- Up-to-date: /home/turtle/sebot/code/ros2_ws/install/motordriver_msgs/include/motordriver_msgs/motordriver_msgs
[1.297s] -- Up-to-date: /home/turtle/sebot/code/ros2_ws/install/motordriver_msgs/include/motordriver_msgs/motordriver_msgs/msg
[1.297s] -- Up-to-date: /home/turtle/sebot/code/ros2_ws/install/motordriver_msgs/include/motordriver_msgs/motordriver_msgs/msg/motordriver_message.h
[1.298s] -- Up-to-date: /home/turtle/sebot/code/ros2_ws/install/motordriver_msgs/include/motordriver_msgs/motordriver_msgs/msg/rosidl_generator_c__visibility_control.h
[1.298s] -- Up-to-date: /home/turtle/sebot/code/ros2_ws/install/motordriver_msgs/include/motordriver_msgs/motordriver_msgs/msg/detail
[1.298s] -- Up-to-date: /home/turtle/sebot/code/ros2_ws/install/motordriver_msgs/include/motordriver_msgs/motordriver_msgs/msg/detail/motordriver_message_battery__struct.h
[1.298s] -- Up-to-date: /home/turtle/sebot/code/ros2_ws/install/motordriver_msgs/include/motordriver_msgs/motordriver_msgs/msg/detail/motordriver_message__functions.h
[1.299s] -- Up-to-date: /home/turtle/sebot/code/ros2_ws/install/motordriver_msgs/include/motordriver_msgs/motordriver_msgs/msg/detail/motordriver_message__struct.h
[1.299s] -- Up-to-date: /home/turtle/sebot/code/ros2_ws/install/motordriver_msgs/include/motordriver_msgs/motordriver_msgs/msg/detail/motordriver_message_battery__type_support.h
[1.299s] -- Up-to-date: /home/turtle/sebot/code/ros2_ws/install/motordriver_msgs/include/motordriver_msgs/motordriver_msgs/msg/detail/motordriver_message__type_support.h
[1.299s] -- Up-to-date: /home/turtle/sebot/code/ros2_ws/install/motordriver_msgs/include/motordriver_msgs/motordriver_msgs/msg/detail/motordriver_message_battery__functions.c
[1.299s] -- Up-to-date: /home/turtle/sebot/code/ros2_ws/install/motordriver_msgs/include/motordriver_msgs/motordriver_msgs/msg/detail/motordriver_message__functions.c
[1.299s] -- Up-to-date: /home/turtle/sebot/code/ros2_ws/install/motordriver_msgs/include/motordriver_msgs/motordriver_msgs/msg/detail/motordriver_message_battery__functions.h
[1.299s] -- Up-to-date: /home/turtle/sebot/code/ros2_ws/install/motordriver_msgs/include/motordriver_msgs/motordriver_msgs/msg/motordriver_message_battery.h
[1.300s] -- Up-to-date: /home/turtle/sebot/code/ros2_ws/install/motordriver_msgs/share/motordriver_msgs/environment/library_path.sh
[1.300s] -- Up-to-date: /home/turtle/sebot/code/ros2_ws/install/motordriver_msgs/share/motordriver_msgs/environment/library_path.dsv
[1.300s] -- Up-to-date: /home/turtle/sebot/code/ros2_ws/install/motordriver_msgs/lib/libmotordriver_msgs__rosidl_generator_c.so
[1.300s] -- Up-to-date: /home/turtle/sebot/code/ros2_ws/install/motordriver_msgs/include/motordriver_msgs/motordriver_msgs
[1.300s] -- Up-to-date: /home/turtle/sebot/code/ros2_ws/install/motordriver_msgs/include/motordriver_msgs/motordriver_msgs/msg
[1.301s] -- Up-to-date: /home/turtle/sebot/code/ros2_ws/install/motordriver_msgs/include/motordriver_msgs/motordriver_msgs/msg/rosidl_typesupport_fastrtps_c__visibility_control.h
[1.301s] -- Up-to-date: /home/turtle/sebot/code/ros2_ws/install/motordriver_msgs/include/motordriver_msgs/motordriver_msgs/msg/detail
[1.301s] -- Up-to-date: /home/turtle/sebot/code/ros2_ws/install/motordriver_msgs/include/motordriver_msgs/motordriver_msgs/msg/detail/motordriver_message_battery__rosidl_typesupport_fastrtps_c.h
[1.301s] -- Up-to-date: /home/turtle/sebot/code/ros2_ws/install/motordriver_msgs/include/motordriver_msgs/motordriver_msgs/msg/detail/motordriver_message__rosidl_typesupport_fastrtps_c.h
[1.301s] -- Up-to-date: /home/turtle/sebot/code/ros2_ws/install/motordriver_msgs/lib/libmotordriver_msgs__rosidl_typesupport_fastrtps_c.so
[1.303s] -- Up-to-date: /home/turtle/sebot/code/ros2_ws/install/motordriver_msgs/include/motordriver_msgs/motordriver_msgs
[1.303s] -- Up-to-date: /home/turtle/sebot/code/ros2_ws/install/motordriver_msgs/include/motordriver_msgs/motordriver_msgs/msg
[1.303s] -- Up-to-date: /home/turtle/sebot/code/ros2_ws/install/motordriver_msgs/include/motordriver_msgs/motordriver_msgs/msg/detail
[1.304s] -- Up-to-date: /home/turtle/sebot/code/ros2_ws/install/motordriver_msgs/include/motordriver_msgs/motordriver_msgs/msg/detail/motordriver_message_battery__type_support.c
[1.304s] -- Up-to-date: /home/turtle/sebot/code/ros2_ws/install/motordriver_msgs/include/motordriver_msgs/motordriver_msgs/msg/detail/motordriver_message_battery__rosidl_typesupport_introspection_c.h
[1.304s] -- Up-to-date: /home/turtle/sebot/code/ros2_ws/install/motordriver_msgs/include/motordriver_msgs/motordriver_msgs/msg/detail/motordriver_message__rosidl_typesupport_introspection_c.h
[1.304s] -- Up-to-date: /home/turtle/sebot/code/ros2_ws/install/motordriver_msgs/include/motordriver_msgs/motordriver_msgs/msg/detail/motordriver_message__type_support.c
[1.304s] -- Up-to-date: /home/turtle/sebot/code/ros2_ws/install/motordriver_msgs/include/motordriver_msgs/motordriver_msgs/msg/rosidl_typesupport_introspection_c__visibility_control.h
[1.305s] -- Up-to-date: /home/turtle/sebot/code/ros2_ws/install/motordriver_msgs/lib/libmotordriver_msgs__rosidl_typesupport_introspection_c.so
[1.306s] -- Up-to-date: /home/turtle/sebot/code/ros2_ws/install/motordriver_msgs/lib/libmotordriver_msgs__rosidl_typesupport_c.so
[1.307s] -- Up-to-date: /home/turtle/sebot/code/ros2_ws/install/motordriver_msgs/include/motordriver_msgs/motordriver_msgs
[1.307s] -- Up-to-date: /home/turtle/sebot/code/ros2_ws/install/motordriver_msgs/include/motordriver_msgs/motordriver_msgs/msg
[1.307s] -- Up-to-date: /home/turtle/sebot/code/ros2_ws/install/motordriver_msgs/include/motordriver_msgs/motordriver_msgs/msg/motordriver_message_battery.hpp
[1.307s] -- Up-to-date: /home/turtle/sebot/code/ros2_ws/install/motordriver_msgs/include/motordriver_msgs/motordriver_msgs/msg/detail
[1.308s] -- Up-to-date: /home/turtle/sebot/code/ros2_ws/install/motordriver_msgs/include/motordriver_msgs/motordriver_msgs/msg/detail/motordriver_message__struct.hpp
[1.308s] -- Up-to-date: /home/turtle/sebot/code/ros2_ws/install/motordriver_msgs/include/motordriver_msgs/motordriver_msgs/msg/detail/motordriver_message_battery__type_support.hpp
[1.308s] -- Up-to-date: /home/turtle/sebot/code/ros2_ws/install/motordriver_msgs/include/motordriver_msgs/motordriver_msgs/msg/detail/motordriver_message__type_support.hpp
[1.308s] -- Up-to-date: /home/turtle/sebot/code/ros2_ws/install/motordriver_msgs/include/motordriver_msgs/motordriver_msgs/msg/detail/motordriver_message_battery__struct.hpp
[1.308s] -- Up-to-date: /home/turtle/sebot/code/ros2_ws/install/motordriver_msgs/include/motordriver_msgs/motordriver_msgs/msg/detail/motordriver_message__builder.hpp
[1.308s] -- Up-to-date: /home/turtle/sebot/code/ros2_ws/install/motordriver_msgs/include/motordriver_msgs/motordriver_msgs/msg/detail/motordriver_message__traits.hpp
[1.309s] -- Up-to-date: /home/turtle/sebot/code/ros2_ws/install/motordriver_msgs/include/motordriver_msgs/motordriver_msgs/msg/detail/motordriver_message_battery__traits.hpp
[1.309s] -- Up-to-date: /home/turtle/sebot/code/ros2_ws/install/motordriver_msgs/include/motordriver_msgs/motordriver_msgs/msg/detail/motordriver_message_battery__builder.hpp
[1.309s] -- Up-to-date: /home/turtle/sebot/code/ros2_ws/install/motordriver_msgs/include/motordriver_msgs/motordriver_msgs/msg/motordriver_message.hpp
[1.309s] -- Up-to-date: /home/turtle/sebot/code/ros2_ws/install/motordriver_msgs/include/motordriver_msgs/motordriver_msgs/msg/rosidl_generator_cpp__visibility_control.hpp
[1.309s] -- Up-to-date: /home/turtle/sebot/code/ros2_ws/install/motordriver_msgs/include/motordriver_msgs/motordriver_msgs
[1.309s] -- Up-to-date: /home/turtle/sebot/code/ros2_ws/install/motordriver_msgs/include/motordriver_msgs/motordriver_msgs/msg
[1.309s] -- Up-to-date: /home/turtle/sebot/code/ros2_ws/install/motordriver_msgs/include/motordriver_msgs/motordriver_msgs/msg/detail
[1.310s] -- Up-to-date: /home/turtle/sebot/code/ros2_ws/install/motordriver_msgs/include/motordriver_msgs/motordriver_msgs/msg/detail/dds_fastrtps
[1.310s] -- Up-to-date: /home/turtle/sebot/code/ros2_ws/install/motordriver_msgs/include/motordriver_msgs/motordriver_msgs/msg/detail/motordriver_message__rosidl_typesupport_fastrtps_cpp.hpp
[1.310s] -- Up-to-date: /home/turtle/sebot/code/ros2_ws/install/motordriver_msgs/include/motordriver_msgs/motordriver_msgs/msg/detail/motordriver_message_battery__rosidl_typesupport_fastrtps_cpp.hpp
[1.310s] -- Up-to-date: /home/turtle/sebot/code/ros2_ws/install/motordriver_msgs/include/motordriver_msgs/motordriver_msgs/msg/rosidl_typesupport_fastrtps_cpp__visibility_control.h
[1.310s] -- Up-to-date: /home/turtle/sebot/code/ros2_ws/install/motordriver_msgs/lib/libmotordriver_msgs__rosidl_typesupport_fastrtps_cpp.so
[1.310s] -- Up-to-date: /home/turtle/sebot/code/ros2_ws/install/motordriver_msgs/include/motordriver_msgs/motordriver_msgs
[1.311s] -- Up-to-date: /home/turtle/sebot/code/ros2_ws/install/motordriver_msgs/include/motordriver_msgs/motordriver_msgs/msg
[1.311s] -- Up-to-date: /home/turtle/sebot/code/ros2_ws/install/motordriver_msgs/include/motordriver_msgs/motordriver_msgs/msg/detail
[1.311s] -- Up-to-date: /home/turtle/sebot/code/ros2_ws/install/motordriver_msgs/include/motordriver_msgs/motordriver_msgs/msg/detail/motordriver_message__type_support.cpp
[1.311s] -- Up-to-date: /home/turtle/sebot/code/ros2_ws/install/motordriver_msgs/include/motordriver_msgs/motordriver_msgs/msg/detail/motordriver_message_battery__type_support.cpp
[1.311s] -- Up-to-date: /home/turtle/sebot/code/ros2_ws/install/motordriver_msgs/include/motordriver_msgs/motordriver_msgs/msg/detail/motordriver_message_battery__rosidl_typesupport_introspection_cpp.hpp
[1.312s] -- Up-to-date: /home/turtle/sebot/code/ros2_ws/install/motordriver_msgs/include/motordriver_msgs/motordriver_msgs/msg/detail/motordriver_message__rosidl_typesupport_introspection_cpp.hpp
[1.312s] -- Up-to-date: /home/turtle/sebot/code/ros2_ws/install/motordriver_msgs/lib/libmotordriver_msgs__rosidl_typesupport_introspection_cpp.so
[1.315s] -- Up-to-date: /home/turtle/sebot/code/ros2_ws/install/motordriver_msgs/lib/libmotordriver_msgs__rosidl_typesupport_cpp.so
[1.315s] -- Up-to-date: /home/turtle/sebot/code/ros2_ws/install/motordriver_msgs/share/motordriver_msgs/environment/pythonpath.sh
[1.317s] -- Up-to-date: /home/turtle/sebot/code/ros2_ws/install/motordriver_msgs/share/motordriver_msgs/environment/pythonpath.dsv
[1.317s] -- Up-to-date: /home/turtle/sebot/code/ros2_ws/install/motordriver_msgs/local/lib/python3.10/dist-packages/motordriver_msgs-0.0.0-py3.10.egg-info
[1.317s] -- Installing: /home/turtle/sebot/code/ros2_ws/install/motordriver_msgs/local/lib/python3.10/dist-packages/motordriver_msgs-0.0.0-py3.10.egg-info/top_level.txt
[1.318s] -- Installing: /home/turtle/sebot/code/ros2_ws/install/motordriver_msgs/local/lib/python3.10/dist-packages/motordriver_msgs-0.0.0-py3.10.egg-info/PKG-INFO
[1.318s] -- Installing: /home/turtle/sebot/code/ros2_ws/install/motordriver_msgs/local/lib/python3.10/dist-packages/motordriver_msgs-0.0.0-py3.10.egg-info/dependency_links.txt
[1.319s] -- Installing: /home/turtle/sebot/code/ros2_ws/install/motordriver_msgs/local/lib/python3.10/dist-packages/motordriver_msgs-0.0.0-py3.10.egg-info/SOURCES.txt
[1.319s] -- Up-to-date: /home/turtle/sebot/code/ros2_ws/install/motordriver_msgs/local/lib/python3.10/dist-packages/motordriver_msgs
[1.319s] -- Up-to-date: /home/turtle/sebot/code/ros2_ws/install/motordriver_msgs/local/lib/python3.10/dist-packages/motordriver_msgs/motordriver_msgs_s__rosidl_typesupport_c.cpython-310-x86_64-linux-gnu.so
[1.319s] -- Up-to-date: /home/turtle/sebot/code/ros2_ws/install/motordriver_msgs/local/lib/python3.10/dist-packages/motordriver_msgs/motordriver_msgs_s__rosidl_typesupport_fastrtps_c.cpython-310-x86_64-linux-gnu.so
[1.319s] -- Up-to-date: /home/turtle/sebot/code/ros2_ws/install/motordriver_msgs/local/lib/python3.10/dist-packages/motordriver_msgs/_motordriver_msgs_s.ep.rosidl_typesupport_fastrtps_c.c
[1.319s] -- Up-to-date: /home/turtle/sebot/code/ros2_ws/install/motordriver_msgs/local/lib/python3.10/dist-packages/motordriver_msgs/msg
[1.319s] -- Up-to-date: /home/turtle/sebot/code/ros2_ws/install/motordriver_msgs/local/lib/python3.10/dist-packages/motordriver_msgs/msg/_motordriver_message.py
[1.319s] -- Up-to-date: /home/turtle/sebot/code/ros2_ws/install/motordriver_msgs/local/lib/python3.10/dist-packages/motordriver_msgs/msg/_motordriver_message_battery.py
[1.319s] -- Up-to-date: /home/turtle/sebot/code/ros2_ws/install/motordriver_msgs/local/lib/python3.10/dist-packages/motordriver_msgs/msg/_motordriver_message_battery_s.c
[1.320s] -- Up-to-date: /home/turtle/sebot/code/ros2_ws/install/motordriver_msgs/local/lib/python3.10/dist-packages/motordriver_msgs/msg/__init__.py
[1.320s] -- Up-to-date: /home/turtle/sebot/code/ros2_ws/install/motordriver_msgs/local/lib/python3.10/dist-packages/motordriver_msgs/msg/_motordriver_message_s.c
[1.320s] -- Up-to-date: /home/turtle/sebot/code/ros2_ws/install/motordriver_msgs/local/lib/python3.10/dist-packages/motordriver_msgs/libmotordriver_msgs__rosidl_generator_py.so
[1.320s] -- Up-to-date: /home/turtle/sebot/code/ros2_ws/install/motordriver_msgs/local/lib/python3.10/dist-packages/motordriver_msgs/_motordriver_msgs_s.ep.rosidl_typesupport_introspection_c.c
[1.320s] -- Up-to-date: /home/turtle/sebot/code/ros2_ws/install/motordriver_msgs/local/lib/python3.10/dist-packages/motordriver_msgs/__init__.py
[1.320s] -- Up-to-date: /home/turtle/sebot/code/ros2_ws/install/motordriver_msgs/local/lib/python3.10/dist-packages/motordriver_msgs/motordriver_msgs_s__rosidl_typesupport_introspection_c.cpython-310-x86_64-linux-gnu.so
[1.320s] -- Up-to-date: /home/turtle/sebot/code/ros2_ws/install/motordriver_msgs/local/lib/python3.10/dist-packages/motordriver_msgs/_motordriver_msgs_s.ep.rosidl_typesupport_c.c
[1.387s] Listing '/home/turtle/sebot/code/ros2_ws/install/motordriver_msgs/local/lib/python3.10/dist-packages/motordriver_msgs'...
[1.387s] Listing '/home/turtle/sebot/code/ros2_ws/install/motordriver_msgs/local/lib/python3.10/dist-packages/motordriver_msgs/msg'...
[1.391s] -- Up-to-date: /home/turtle/sebot/code/ros2_ws/install/motordriver_msgs/local/lib/python3.10/dist-packages/motordriver_msgs/motordriver_msgs_s__rosidl_typesupport_fastrtps_c.cpython-310-x86_64-linux-gnu.so
[1.394s] -- Up-to-date: /home/turtle/sebot/code/ros2_ws/install/motordriver_msgs/local/lib/python3.10/dist-packages/motordriver_msgs/motordriver_msgs_s__rosidl_typesupport_introspection_c.cpython-310-x86_64-linux-gnu.so
[1.395s] -- Up-to-date: /home/turtle/sebot/code/ros2_ws/install/motordriver_msgs/local/lib/python3.10/dist-packages/motordriver_msgs/motordriver_msgs_s__rosidl_typesupport_c.cpython-310-x86_64-linux-gnu.so
[1.397s] -- Up-to-date: /home/turtle/sebot/code/ros2_ws/install/motordriver_msgs/lib/libmotordriver_msgs__rosidl_generator_py.so
[1.398s] -- Up-to-date: /home/turtle/sebot/code/ros2_ws/install/motordriver_msgs/share/motordriver_msgs/msg/MotordriverMessage.idl
[1.398s] -- Up-to-date: /home/turtle/sebot/code/ros2_ws/install/motordriver_msgs/share/motordriver_msgs/msg/MotordriverMessageBattery.idl
[1.399s] -- Up-to-date: /home/turtle/sebot/code/ros2_ws/install/motordriver_msgs/share/motordriver_msgs/msg/MotordriverMessage.msg
[1.399s] -- Up-to-date: /home/turtle/sebot/code/ros2_ws/install/motordriver_msgs/share/motordriver_msgs/msg/MotordriverMessageBattery.msg
[1.399s] -- Up-to-date: /home/turtle/sebot/code/ros2_ws/install/motordriver_msgs/share/ament_index/resource_index/package_run_dependencies/motordriver_msgs
[1.399s] -- Up-to-date: /home/turtle/sebot/code/ros2_ws/install/motordriver_msgs/share/ament_index/resource_index/parent_prefix_path/motordriver_msgs
[1.399s] -- Up-to-date: /home/turtle/sebot/code/ros2_ws/install/motordriver_msgs/share/motordriver_msgs/environment/ament_prefix_path.sh
[1.399s] -- Up-to-date: /home/turtle/sebot/code/ros2_ws/install/motordriver_msgs/share/motordriver_msgs/environment/ament_prefix_path.dsv
[1.400s] -- Up-to-date: /home/turtle/sebot/code/ros2_ws/install/motordriver_msgs/share/motordriver_msgs/environment/path.sh
[1.400s] -- Up-to-date: /home/turtle/sebot/code/ros2_ws/install/motordriver_msgs/share/motordriver_msgs/environment/path.dsv
[1.400s] -- Up-to-date: /home/turtle/sebot/code/ros2_ws/install/motordriver_msgs/share/motordriver_msgs/local_setup.bash
[1.400s] -- Up-to-date: /home/turtle/sebot/code/ros2_ws/install/motordriver_msgs/share/motordriver_msgs/local_setup.sh
[1.400s] -- Up-to-date: /home/turtle/sebot/code/ros2_ws/install/motordriver_msgs/share/motordriver_msgs/local_setup.zsh
[1.401s] -- Up-to-date: /home/turtle/sebot/code/ros2_ws/install/motordriver_msgs/share/motordriver_msgs/local_setup.dsv
[1.401s] -- Installing: /home/turtle/sebot/code/ros2_ws/install/motordriver_msgs/share/motordriver_msgs/package.dsv
[1.401s] -- Up-to-date: /home/turtle/sebot/code/ros2_ws/install/motordriver_msgs/share/ament_index/resource_index/packages/motordriver_msgs
[1.401s] -- Up-to-date: /home/turtle/sebot/code/ros2_ws/install/motordriver_msgs/share/motordriver_msgs/cmake/export_motordriver_msgs__rosidl_generator_cExport.cmake
[1.401s] -- Up-to-date: /home/turtle/sebot/code/ros2_ws/install/motordriver_msgs/share/motordriver_msgs/cmake/export_motordriver_msgs__rosidl_generator_cExport-noconfig.cmake
[1.401s] -- Up-to-date: /home/turtle/sebot/code/ros2_ws/install/motordriver_msgs/share/motordriver_msgs/cmake/export_motordriver_msgs__rosidl_typesupport_fastrtps_cExport.cmake
[1.401s] -- Up-to-date: /home/turtle/sebot/code/ros2_ws/install/motordriver_msgs/share/motordriver_msgs/cmake/export_motordriver_msgs__rosidl_typesupport_fastrtps_cExport-noconfig.cmake
[1.402s] -- Up-to-date: /home/turtle/sebot/code/ros2_ws/install/motordriver_msgs/share/motordriver_msgs/cmake/motordriver_msgs__rosidl_typesupport_introspection_cExport.cmake
[1.402s] -- Up-to-date: /home/turtle/sebot/code/ros2_ws/install/motordriver_msgs/share/motordriver_msgs/cmake/motordriver_msgs__rosidl_typesupport_introspection_cExport-noconfig.cmake
[1.402s] -- Up-to-date: /home/turtle/sebot/code/ros2_ws/install/motordriver_msgs/share/motordriver_msgs/cmake/motordriver_msgs__rosidl_typesupport_cExport.cmake
[1.402s] -- Up-to-date: /home/turtle/sebot/code/ros2_ws/install/motordriver_msgs/share/motordriver_msgs/cmake/motordriver_msgs__rosidl_typesupport_cExport-noconfig.cmake
[1.402s] -- Up-to-date: /home/turtle/sebot/code/ros2_ws/install/motordriver_msgs/share/motordriver_msgs/cmake/export_motordriver_msgs__rosidl_generator_cppExport.cmake
[1.403s] -- Up-to-date: /home/turtle/sebot/code/ros2_ws/install/motordriver_msgs/share/motordriver_msgs/cmake/export_motordriver_msgs__rosidl_typesupport_fastrtps_cppExport.cmake
[1.403s] -- Up-to-date: /home/turtle/sebot/code/ros2_ws/install/motordriver_msgs/share/motordriver_msgs/cmake/export_motordriver_msgs__rosidl_typesupport_fastrtps_cppExport-noconfig.cmake
[1.404s] -- Up-to-date: /home/turtle/sebot/code/ros2_ws/install/motordriver_msgs/share/motordriver_msgs/cmake/motordriver_msgs__rosidl_typesupport_introspection_cppExport.cmake
[1.404s] -- Up-to-date: /home/turtle/sebot/code/ros2_ws/install/motordriver_msgs/share/motordriver_msgs/cmake/motordriver_msgs__rosidl_typesupport_introspection_cppExport-noconfig.cmake
[1.404s] -- Up-to-date: /home/turtle/sebot/code/ros2_ws/install/motordriver_msgs/share/motordriver_msgs/cmake/motordriver_msgs__rosidl_typesupport_cppExport.cmake
[1.404s] -- Up-to-date: /home/turtle/sebot/code/ros2_ws/install/motordriver_msgs/share/motordriver_msgs/cmake/motordriver_msgs__rosidl_typesupport_cppExport-noconfig.cmake
[1.404s] -- Up-to-date: /home/turtle/sebot/code/ros2_ws/install/motordriver_msgs/share/motordriver_msgs/cmake/export_motordriver_msgs__rosidl_generator_pyExport.cmake
[1.404s] -- Up-to-date: /home/turtle/sebot/code/ros2_ws/install/motordriver_msgs/share/motordriver_msgs/cmake/export_motordriver_msgs__rosidl_generator_pyExport-noconfig.cmake
[1.405s] -- Up-to-date: /home/turtle/sebot/code/ros2_ws/install/motordriver_msgs/share/motordriver_msgs/cmake/rosidl_cmake-extras.cmake
[1.405s] -- Up-to-date: /home/turtle/sebot/code/ros2_ws/install/motordriver_msgs/share/motordriver_msgs/cmake/ament_cmake_export_include_directories-extras.cmake
[1.405s] -- Up-to-date: /home/turtle/sebot/code/ros2_ws/install/motordriver_msgs/share/motordriver_msgs/cmake/ament_cmake_export_libraries-extras.cmake
[1.405s] -- Up-to-date: /home/turtle/sebot/code/ros2_ws/install/motordriver_msgs/share/motordriver_msgs/cmake/ament_cmake_export_targets-extras.cmake
[1.405s] -- Up-to-date: /home/turtle/sebot/code/ros2_ws/install/motordriver_msgs/share/motordriver_msgs/cmake/rosidl_cmake_export_typesupport_targets-extras.cmake
[1.406s] -- Up-to-date: /home/turtle/sebot/code/ros2_ws/install/motordriver_msgs/share/motordriver_msgs/cmake/ament_cmake_export_dependencies-extras.cmake
[1.406s] -- Up-to-date: /home/turtle/sebot/code/ros2_ws/install/motordriver_msgs/share/motordriver_msgs/cmake/rosidl_cmake_export_typesupport_libraries-extras.cmake
[1.406s] -- Up-to-date: /home/turtle/sebot/code/ros2_ws/install/motordriver_msgs/share/motordriver_msgs/cmake/motordriver_msgsConfig.cmake
[1.406s] -- Up-to-date: /home/turtle/sebot/code/ros2_ws/install/motordriver_msgs/share/motordriver_msgs/cmake/motordriver_msgsConfig-version.cmake
[1.417s] -- Up-to-date: /home/turtle/sebot/code/ros2_ws/install/motordriver_msgs/share/motordriver_msgs/package.xml
[1.418s] Invoked command in '/home/turtle/sebot/code/ros2_ws/build/motordriver_msgs' returned '0': CMAKE_PREFIX_PATH=${CMAKE_PREFIX_PATH}:/home/turtle/sebot/code/ros2_ws/install/motordriver:/home/turtle/sebot/code/ros2_ws/install/diffdrive:/home/turtle/sebot/code/ros2_ws/install/battery:/home/turtle/ros2_ws/install/my_py_pkg:/home/turtle/ros2_ws/install/my2_py_pkg:/home/turtle/ros2_ws/install/motordriver:/home/turtle/ros2_ws/install/diffdrive:/home/turtle/ros2_ws/install/closed_controller_py:/home/turtle/install/diffdrive:/opt/ros/humble /usr/bin/cmake --install /home/turtle/sebot/code/ros2_ws/build/motordriver_msgs
