[1.817s] Invoking command in '/home/turtle/sebot/code/ros2_ws/src/battery': PYTHONPATH=/home/turtle/sebot/code/ros2_ws/build/battery/prefix_override:/usr/lib/python3/dist-packages/colcon_core/task/python/colcon_distutils_commands:/home/turtle/sebot/code/ros2_ws/install/battery/lib/python3.10/site-packages:${PYTHONPATH} /usr/bin/python3 -W ignore:setup.py install is deprecated -W ignore:easy_install command is deprecated setup.py egg_info --egg-base ../../build/battery build --build-base /home/turtle/sebot/code/ros2_ws/build/battery/build install --record /home/turtle/sebot/code/ros2_ws/build/battery/install.log --single-version-externally-managed install_data
[2.187s] running egg_info
[2.187s] writing ../../build/battery/battery.egg-info/PKG-INFO
[2.189s] writing dependency_links to ../../build/battery/battery.egg-info/dependency_links.txt
[2.189s] writing entry points to ../../build/battery/battery.egg-info/entry_points.txt
[2.189s] writing requirements to ../../build/battery/battery.egg-info/requires.txt
[2.189s] writing top-level names to ../../build/battery/battery.egg-info/top_level.txt
[2.190s] reading manifest file '../../build/battery/battery.egg-info/SOURCES.txt'
[2.191s] adding license file 'LICENSE'
[2.192s] writing manifest file '../../build/battery/battery.egg-info/SOURCES.txt'
[2.192s] running build
[2.192s] running build_py
[2.196s] running install
[2.197s] running install_lib
[2.198s] running install_data
[2.198s] running install_egg_info
[2.198s] removing '/home/turtle/sebot/code/ros2_ws/install/battery/lib/python3.10/site-packages/battery-0.0.0-py3.10.egg-info' (and everything under it)
[2.199s] Copying ../../build/battery/battery.egg-info to /home/turtle/sebot/code/ros2_ws/install/battery/lib/python3.10/site-packages/battery-0.0.0-py3.10.egg-info
[2.199s] running install_scripts
[2.226s] Installing battery_alert script to /home/turtle/sebot/code/ros2_ws/install/battery/lib/battery
[2.227s] Installing battery_republish script to /home/turtle/sebot/code/ros2_ws/install/battery/lib/battery
[2.227s] writing list of installed files to '/home/turtle/sebot/code/ros2_ws/build/battery/install.log'
[2.252s] Invoked command in '/home/turtle/sebot/code/ros2_ws/src/battery' returned '0': PYTHONPATH=/home/turtle/sebot/code/ros2_ws/build/battery/prefix_override:/usr/lib/python3/dist-packages/colcon_core/task/python/colcon_distutils_commands:/home/turtle/sebot/code/ros2_ws/install/battery/lib/python3.10/site-packages:${PYTHONPATH} /usr/bin/python3 -W ignore:setup.py install is deprecated -W ignore:easy_install command is deprecated setup.py egg_info --egg-base ../../build/battery build --build-base /home/turtle/sebot/code/ros2_ws/build/battery/build install --record /home/turtle/sebot/code/ros2_ws/build/battery/install.log --single-version-externally-managed install_data
