[1.798s] Invoking command in '/home/turtle/sebot/code/ros2_ws/build/motordriver': PYTHONPATH=/home/turtle/sebot/code/ros2_ws/build/motordriver/prefix_override:/usr/lib/python3/dist-packages/colcon_core/task/python/colcon_distutils_commands:/home/turtle/sebot/code/ros2_ws/install/motordriver/lib/python3.10/site-packages:${PYTHONPATH} /usr/bin/python3 -W ignore:setup.py install is deprecated -W ignore:easy_install command is deprecated setup.py develop --uninstall --editable --build-directory /home/turtle/sebot/code/ros2_ws/build/motordriver/build
[2.196s] running develop
[2.479s] Invoked command in '/home/turtle/sebot/code/ros2_ws/build/motordriver' returned '0': PYTHONPATH=/home/turtle/sebot/code/ros2_ws/build/motordriver/prefix_override:/usr/lib/python3/dist-packages/colcon_core/task/python/colcon_distutils_commands:/home/turtle/sebot/code/ros2_ws/install/motordriver/lib/python3.10/site-packages:${PYTHONPATH} /usr/bin/python3 -W ignore:setup.py install is deprecated -W ignore:easy_install command is deprecated setup.py develop --uninstall --editable --build-directory /home/turtle/sebot/code/ros2_ws/build/motordriver/build
[2.482s] Invoking command in '/home/turtle/sebot/code/ros2_ws/src/motordriver': PYTHONPATH=/home/turtle/sebot/code/ros2_ws/build/motordriver/prefix_override:/usr/lib/python3/dist-packages/colcon_core/task/python/colcon_distutils_commands:/home/turtle/sebot/code/ros2_ws/install/motordriver/lib/python3.10/site-packages:${PYTHONPATH} /usr/bin/python3 -W ignore:setup.py install is deprecated -W ignore:easy_install command is deprecated setup.py egg_info --egg-base ../../build/motordriver build --build-base /home/turtle/sebot/code/ros2_ws/build/motordriver/build install --record /home/turtle/sebot/code/ros2_ws/build/motordriver/install.log --single-version-externally-managed install_data --force
[2.849s] running egg_info
[2.850s] writing ../../build/motordriver/motordriver.egg-info/PKG-INFO
[2.850s] writing dependency_links to ../../build/motordriver/motordriver.egg-info/dependency_links.txt
[2.850s] writing entry points to ../../build/motordriver/motordriver.egg-info/entry_points.txt
[2.850s] writing requirements to ../../build/motordriver/motordriver.egg-info/requires.txt
[2.850s] writing top-level names to ../../build/motordriver/motordriver.egg-info/top_level.txt
[2.854s] reading manifest file '../../build/motordriver/motordriver.egg-info/SOURCES.txt'
[2.854s] writing manifest file '../../build/motordriver/motordriver.egg-info/SOURCES.txt'
[2.854s] running build
[2.854s] running build_py
[2.855s] copying motordriver/motordriver_battery.py -> /home/turtle/sebot/code/ros2_ws/build/motordriver/build/lib/motordriver
[2.856s] running install
[2.856s] running install_lib
[2.857s] creating /home/turtle/sebot/code/ros2_ws/install/motordriver/lib/python3.10/site-packages/motordriver
[2.857s] copying /home/turtle/sebot/code/ros2_ws/build/motordriver/build/lib/motordriver/motordriver_battery.py -> /home/turtle/sebot/code/ros2_ws/install/motordriver/lib/python3.10/site-packages/motordriver
[2.857s] copying /home/turtle/sebot/code/ros2_ws/build/motordriver/build/lib/motordriver/motordriver.py -> /home/turtle/sebot/code/ros2_ws/install/motordriver/lib/python3.10/site-packages/motordriver
[2.857s] copying /home/turtle/sebot/code/ros2_ws/build/motordriver/build/lib/motordriver/simserial.py -> /home/turtle/sebot/code/ros2_ws/install/motordriver/lib/python3.10/site-packages/motordriver
[2.857s] copying /home/turtle/sebot/code/ros2_ws/build/motordriver/build/lib/motordriver/__init__.py -> /home/turtle/sebot/code/ros2_ws/install/motordriver/lib/python3.10/site-packages/motordriver
[2.858s] byte-compiling /home/turtle/sebot/code/ros2_ws/install/motordriver/lib/python3.10/site-packages/motordriver/motordriver_battery.py to motordriver_battery.cpython-310.pyc
[2.859s] byte-compiling /home/turtle/sebot/code/ros2_ws/install/motordriver/lib/python3.10/site-packages/motordriver/motordriver.py to motordriver.cpython-310.pyc
[2.859s] byte-compiling /home/turtle/sebot/code/ros2_ws/install/motordriver/lib/python3.10/site-packages/motordriver/simserial.py to simserial.cpython-310.pyc
[2.860s] byte-compiling /home/turtle/sebot/code/ros2_ws/install/motordriver/lib/python3.10/site-packages/motordriver/__init__.py to __init__.cpython-310.pyc
[2.860s] running install_data
[2.861s] copying resource/motordriver -> /home/turtle/sebot/code/ros2_ws/install/motordriver/share/ament_index/resource_index/packages
[2.861s] copying package.xml -> /home/turtle/sebot/code/ros2_ws/install/motordriver/share/motordriver
[2.862s] running install_egg_info
[2.864s] Copying ../../build/motordriver/motordriver.egg-info to /home/turtle/sebot/code/ros2_ws/install/motordriver/lib/python3.10/site-packages/motordriver-0.0.0-py3.10.egg-info
[2.865s] running install_scripts
[2.890s] Installing motordriver script to /home/turtle/sebot/code/ros2_ws/install/motordriver/lib/motordriver
[2.890s] Installing motordriver_battery script to /home/turtle/sebot/code/ros2_ws/install/motordriver/lib/motordriver
[2.891s] writing list of installed files to '/home/turtle/sebot/code/ros2_ws/build/motordriver/install.log'
[2.913s] Invoked command in '/home/turtle/sebot/code/ros2_ws/src/motordriver' returned '0': PYTHONPATH=/home/turtle/sebot/code/ros2_ws/build/motordriver/prefix_override:/usr/lib/python3/dist-packages/colcon_core/task/python/colcon_distutils_commands:/home/turtle/sebot/code/ros2_ws/install/motordriver/lib/python3.10/site-packages:${PYTHONPATH} /usr/bin/python3 -W ignore:setup.py install is deprecated -W ignore:easy_install command is deprecated setup.py egg_info --egg-base ../../build/motordriver build --build-base /home/turtle/sebot/code/ros2_ws/build/motordriver/build install --record /home/turtle/sebot/code/ros2_ws/build/motordriver/install.log --single-version-externally-managed install_data --force
