[35m[1mConsolidate compiler generated dependencies of target encoder[0m
[35m[1mConsolidate compiler generated dependencies of target cmd_vel_node[0m
[ 33%] Built target encoder
[ 66%] Built target cmd_vel_node
[35m[1mConsolidate compiler generated dependencies of target odom_node[0m
[100%] Built target odom_node
-- Install configuration: ""
-- Up-to-date: /home/turtle/sebot/code/ros2_ws/install/diffdrivec/lib/diffdrivec/cmd_vel_node
-- Up-to-date: /home/turtle/sebot/code/ros2_ws/install/diffdrivec/lib/diffdrivec/libencoder.a
-- Up-to-date: /home/turtle/sebot/code/ros2_ws/install/diffdrivec/lib/diffdrivec/odom_node
-- Up-to-date: /home/turtle/sebot/code/ros2_ws/install/diffdrivec/share/ament_index/resource_index/package_run_dependencies/diffdrivec
-- Up-to-date: /home/turtle/sebot/code/ros2_ws/install/diffdrivec/share/ament_index/resource_index/parent_prefix_path/diffdrivec
-- Up-to-date: /home/turtle/sebot/code/ros2_ws/install/diffdrivec/share/diffdrivec/environment/ament_prefix_path.sh
-- Up-to-date: /home/turtle/sebot/code/ros2_ws/install/diffdrivec/share/diffdrivec/environment/ament_prefix_path.dsv
-- Up-to-date: /home/turtle/sebot/code/ros2_ws/install/diffdrivec/share/diffdrivec/environment/path.sh
-- Up-to-date: /home/turtle/sebot/code/ros2_ws/install/diffdrivec/share/diffdrivec/environment/path.dsv
-- Up-to-date: /home/turtle/sebot/code/ros2_ws/install/diffdrivec/share/diffdrivec/local_setup.bash
-- Up-to-date: /home/turtle/sebot/code/ros2_ws/install/diffdrivec/share/diffdrivec/local_setup.sh
-- Up-to-date: /home/turtle/sebot/code/ros2_ws/install/diffdrivec/share/diffdrivec/local_setup.zsh
-- Up-to-date: /home/turtle/sebot/code/ros2_ws/install/diffdrivec/share/diffdrivec/local_setup.dsv
-- Installing: /home/turtle/sebot/code/ros2_ws/install/diffdrivec/share/diffdrivec/package.dsv
-- Up-to-date: /home/turtle/sebot/code/ros2_ws/install/diffdrivec/share/ament_index/resource_index/packages/diffdrivec
-- Up-to-date: /home/turtle/sebot/code/ros2_ws/install/diffdrivec/share/diffdrivec/cmake/diffdrivecConfig.cmake
-- Up-to-date: /home/turtle/sebot/code/ros2_ws/install/diffdrivec/share/diffdrivec/cmake/diffdrivecConfig-version.cmake
-- Up-to-date: /home/turtle/sebot/code/ros2_ws/install/diffdrivec/share/diffdrivec/package.xml
