[0.034s] Invoking command in '/home/turtle/sebot/code/ros2_ws/build/diffdrivec': CMAKE_PREFIX_PATH=/home/turtle/sebot/code/ros2_ws/install/motordriver_msgs:/home/turtle/sebot/code/ros2_ws/install/diffdrivec:/home/turtle/ros2_ws/install/my_cpp_pkg:/home/turtle/ros2_ws/install/my_robot_interfaces:/home/turtle/ros2_ws/install/motordriver_msgs:/home/turtle/ros2_ws/install/closed_controller_cpp:/home/turtle/sebot/code/ros2_ws/install/motordriver:/home/turtle/sebot/code/ros2_ws/install/diffdrive:/home/turtle/ros2_ws/install/my_py_pkg:/home/turtle/ros2_ws/install/my2_py_pkg:/home/turtle/ros2_ws/install/motordriver:/home/turtle/ros2_ws/install/diffdrive:/home/turtle/ros2_ws/install/closed_controller_py:/home/turtle/install/diffdrive:/opt/ros/humble /usr/bin/cmake --build /home/turtle/sebot/code/ros2_ws/build/diffdrivec -- -j16 -l16
[0.130s] [35m[1mConsolidate compiler generated dependencies of target encoder[0m
[0.132s] [35m[1mConsolidate compiler generated dependencies of target cmd_vel_node[0m
[0.159s] [ 33%] Built target encoder
[0.182s] [ 66%] Built target cmd_vel_node
[0.185s] [35m[1mConsolidate compiler generated dependencies of target odom_node[0m
[0.235s] [100%] Built target odom_node
[0.258s] Invoked command in '/home/turtle/sebot/code/ros2_ws/build/diffdrivec' returned '0': CMAKE_PREFIX_PATH=/home/turtle/sebot/code/ros2_ws/install/motordriver_msgs:/home/turtle/sebot/code/ros2_ws/install/diffdrivec:/home/turtle/ros2_ws/install/my_cpp_pkg:/home/turtle/ros2_ws/install/my_robot_interfaces:/home/turtle/ros2_ws/install/motordriver_msgs:/home/turtle/ros2_ws/install/closed_controller_cpp:/home/turtle/sebot/code/ros2_ws/install/motordriver:/home/turtle/sebot/code/ros2_ws/install/diffdrive:/home/turtle/ros2_ws/install/my_py_pkg:/home/turtle/ros2_ws/install/my2_py_pkg:/home/turtle/ros2_ws/install/motordriver:/home/turtle/ros2_ws/install/diffdrive:/home/turtle/ros2_ws/install/closed_controller_py:/home/turtle/install/diffdrive:/opt/ros/humble /usr/bin/cmake --build /home/turtle/sebot/code/ros2_ws/build/diffdrivec -- -j16 -l16
[0.261s] Invoking command in '/home/turtle/sebot/code/ros2_ws/build/diffdrivec': CMAKE_PREFIX_PATH=/home/turtle/sebot/code/ros2_ws/install/motordriver_msgs:/home/turtle/sebot/code/ros2_ws/install/diffdrivec:/home/turtle/ros2_ws/install/my_cpp_pkg:/home/turtle/ros2_ws/install/my_robot_interfaces:/home/turtle/ros2_ws/install/motordriver_msgs:/home/turtle/ros2_ws/install/closed_controller_cpp:/home/turtle/sebot/code/ros2_ws/install/motordriver:/home/turtle/sebot/code/ros2_ws/install/diffdrive:/home/turtle/ros2_ws/install/my_py_pkg:/home/turtle/ros2_ws/install/my2_py_pkg:/home/turtle/ros2_ws/install/motordriver:/home/turtle/ros2_ws/install/diffdrive:/home/turtle/ros2_ws/install/closed_controller_py:/home/turtle/install/diffdrive:/opt/ros/humble /usr/bin/cmake --install /home/turtle/sebot/code/ros2_ws/build/diffdrivec
[0.277s] -- Install configuration: ""
[0.278s] -- Up-to-date: /home/turtle/sebot/code/ros2_ws/install/diffdrivec/lib/diffdrivec/cmd_vel_node
[0.279s] -- Up-to-date: /home/turtle/sebot/code/ros2_ws/install/diffdrivec/lib/diffdrivec/libencoder.a
[0.280s] -- Up-to-date: /home/turtle/sebot/code/ros2_ws/install/diffdrivec/lib/diffdrivec/odom_node
[0.282s] -- Up-to-date: /home/turtle/sebot/code/ros2_ws/install/diffdrivec/share/ament_index/resource_index/package_run_dependencies/diffdrivec
[0.282s] -- Up-to-date: /home/turtle/sebot/code/ros2_ws/install/diffdrivec/share/ament_index/resource_index/parent_prefix_path/diffdrivec
[0.282s] -- Up-to-date: /home/turtle/sebot/code/ros2_ws/install/diffdrivec/share/diffdrivec/environment/ament_prefix_path.sh
[0.282s] -- Up-to-date: /home/turtle/sebot/code/ros2_ws/install/diffdrivec/share/diffdrivec/environment/ament_prefix_path.dsv
[0.283s] -- Up-to-date: /home/turtle/sebot/code/ros2_ws/install/diffdrivec/share/diffdrivec/environment/path.sh
[0.283s] -- Up-to-date: /home/turtle/sebot/code/ros2_ws/install/diffdrivec/share/diffdrivec/environment/path.dsv
[0.283s] -- Up-to-date: /home/turtle/sebot/code/ros2_ws/install/diffdrivec/share/diffdrivec/local_setup.bash
[0.284s] -- Up-to-date: /home/turtle/sebot/code/ros2_ws/install/diffdrivec/share/diffdrivec/local_setup.sh
[0.284s] -- Up-to-date: /home/turtle/sebot/code/ros2_ws/install/diffdrivec/share/diffdrivec/local_setup.zsh
[0.284s] -- Up-to-date: /home/turtle/sebot/code/ros2_ws/install/diffdrivec/share/diffdrivec/local_setup.dsv
[0.284s] -- Installing: /home/turtle/sebot/code/ros2_ws/install/diffdrivec/share/diffdrivec/package.dsv
[0.284s] -- Up-to-date: /home/turtle/sebot/code/ros2_ws/install/diffdrivec/share/ament_index/resource_index/packages/diffdrivec
[0.284s] -- Up-to-date: /home/turtle/sebot/code/ros2_ws/install/diffdrivec/share/diffdrivec/cmake/diffdrivecConfig.cmake
[0.284s] -- Up-to-date: /home/turtle/sebot/code/ros2_ws/install/diffdrivec/share/diffdrivec/cmake/diffdrivecConfig-version.cmake
[0.284s] -- Up-to-date: /home/turtle/sebot/code/ros2_ws/install/diffdrivec/share/diffdrivec/package.xml
[0.287s] Invoked command in '/home/turtle/sebot/code/ros2_ws/build/diffdrivec' returned '0': CMAKE_PREFIX_PATH=/home/turtle/sebot/code/ros2_ws/install/motordriver_msgs:/home/turtle/sebot/code/ros2_ws/install/diffdrivec:/home/turtle/ros2_ws/install/my_cpp_pkg:/home/turtle/ros2_ws/install/my_robot_interfaces:/home/turtle/ros2_ws/install/motordriver_msgs:/home/turtle/ros2_ws/install/closed_controller_cpp:/home/turtle/sebot/code/ros2_ws/install/motordriver:/home/turtle/sebot/code/ros2_ws/install/diffdrive:/home/turtle/ros2_ws/install/my_py_pkg:/home/turtle/ros2_ws/install/my2_py_pkg:/home/turtle/ros2_ws/install/motordriver:/home/turtle/ros2_ws/install/diffdrive:/home/turtle/ros2_ws/install/closed_controller_py:/home/turtle/install/diffdrive:/opt/ros/humble /usr/bin/cmake --install /home/turtle/sebot/code/ros2_ws/build/diffdrivec
